{"/Users/ronyparra/Rony Developer/capacitor/backend/src/server.js": {"path":"/Users/ronyparra/Rony Developer/capacitor/backend/src/server.js","statementMap":{"0":{"start":{"line":6,"column":0},"end":{"line":6,"column":16}},"1":{"start":{"line":7,"column":12},"end":{"line":7,"column":21}},"2":{"start":{"line":10,"column":0},"end":{"line":10,"column":16}},"3":{"start":{"line":11,"column":0},"end":{"line":11,"column":24}},"4":{"start":{"line":12,"column":0},"end":{"line":12,"column":48}},"5":{"start":{"line":14,"column":0},"end":{"line":14,"column":30}},"6":{"start":{"line":15,"column":0},"end":{"line":15,"column":30}},"7":{"start":{"line":16,"column":0},"end":{"line":16,"column":32}},"8":{"start":{"line":17,"column":0},"end":{"line":17,"column":34}},"9":{"start":{"line":18,"column":0},"end":{"line":18,"column":36}},"10":{"start":{"line":19,"column":0},"end":{"line":19,"column":38}},"11":{"start":{"line":20,"column":0},"end":{"line":20,"column":40}},"12":{"start":{"line":21,"column":0},"end":{"line":21,"column":40}},"13":{"start":{"line":22,"column":0},"end":{"line":22,"column":40}},"14":{"start":{"line":23,"column":0},"end":{"line":23,"column":40}},"15":{"start":{"line":24,"column":0},"end":{"line":24,"column":43}},"16":{"start":{"line":25,"column":0},"end":{"line":25,"column":42}},"17":{"start":{"line":26,"column":0},"end":{"line":26,"column":44}},"18":{"start":{"line":27,"column":0},"end":{"line":27,"column":34}},"19":{"start":{"line":28,"column":0},"end":{"line":28,"column":36}},"20":{"start":{"line":29,"column":0},"end":{"line":29,"column":49}},"21":{"start":{"line":32,"column":0},"end":{"line":32,"column":20}}},"fnMap":{},"branchMap":{},"s":{"0":15,"1":15,"2":15,"3":15,"4":15,"5":15,"6":15,"7":15,"8":15,"9":15,"10":15,"11":15,"12":15,"13":15,"14":15,"15":15,"16":15,"17":15,"18":15,"19":15,"20":15,"21":15},"f":{},"b":{},"_coverageSchema":"1a1c01bbd47fc00a2c39e90264f33305004495a9","hash":"076b82352460be15daca22bb9f651cc71e98a405"}
,"/Users/ronyparra/Rony Developer/capacitor/backend/src/controllers/actividad.controller.js": {"path":"/Users/ronyparra/Rony Developer/capacitor/backend/src/controllers/actividad.controller.js","statementMap":{"0":{"start":{"line":5,"column":28},"end":{"line":82,"column":1}},"1":{"start":{"line":7,"column":19},"end":{"line":16,"column":5}},"2":{"start":{"line":17,"column":4},"end":{"line":22,"column":5}},"3":{"start":{"line":18,"column":24},"end":{"line":18,"column":61}},"4":{"start":{"line":19,"column":6},"end":{"line":19,"column":68}},"5":{"start":{"line":21,"column":6},"end":{"line":21,"column":71}},"6":{"start":{"line":25,"column":4},"end":{"line":30,"column":5}},"7":{"start":{"line":26,"column":24},"end":{"line":26,"column":69}},"8":{"start":{"line":27,"column":6},"end":{"line":27,"column":68}},"9":{"start":{"line":29,"column":6},"end":{"line":29,"column":71}},"10":{"start":{"line":33,"column":22},"end":{"line":33,"column":36}},"11":{"start":{"line":34,"column":4},"end":{"line":39,"column":5}},"12":{"start":{"line":35,"column":24},"end":{"line":35,"column":85}},"13":{"start":{"line":36,"column":6},"end":{"line":36,"column":68}},"14":{"start":{"line":38,"column":6},"end":{"line":38,"column":71}},"15":{"start":{"line":42,"column":20},"end":{"line":42,"column":36}},"16":{"start":{"line":43,"column":20},"end":{"line":43,"column":36}},"17":{"start":{"line":44,"column":32},"end":{"line":44,"column":60}},"18":{"start":{"line":45,"column":4},"end":{"line":55,"column":5}},"19":{"start":{"line":46,"column":24},"end":{"line":51,"column":8}},"20":{"start":{"line":52,"column":6},"end":{"line":52,"column":68}},"21":{"start":{"line":54,"column":6},"end":{"line":54,"column":71}},"22":{"start":{"line":58,"column":20},"end":{"line":58,"column":36}},"23":{"start":{"line":59,"column":20},"end":{"line":59,"column":36}},"24":{"start":{"line":60,"column":32},"end":{"line":60,"column":60}},"25":{"start":{"line":61,"column":4},"end":{"line":72,"column":5}},"26":{"start":{"line":62,"column":24},"end":{"line":68,"column":8}},"27":{"start":{"line":69,"column":6},"end":{"line":69,"column":68}},"28":{"start":{"line":71,"column":6},"end":{"line":71,"column":71}},"29":{"start":{"line":75,"column":4},"end":{"line":80,"column":5}},"30":{"start":{"line":76,"column":24},"end":{"line":76,"column":67}},"31":{"start":{"line":77,"column":6},"end":{"line":77,"column":68}},"32":{"start":{"line":79,"column":6},"end":{"line":79,"column":71}}},"fnMap":{"0":{"name":"(anonymous_0)","decl":{"start":{"line":6,"column":7},"end":{"line":6,"column":8}},"loc":{"start":{"line":6,"column":27},"end":{"line":23,"column":3}},"line":6},"1":{"name":"(anonymous_1)","decl":{"start":{"line":24,"column":11},"end":{"line":24,"column":12}},"loc":{"start":{"line":24,"column":31},"end":{"line":31,"column":3}},"line":24},"2":{"name":"(anonymous_2)","decl":{"start":{"line":32,"column":16},"end":{"line":32,"column":17}},"loc":{"start":{"line":32,"column":36},"end":{"line":40,"column":3}},"line":32},"3":{"name":"(anonymous_3)","decl":{"start":{"line":41,"column":10},"end":{"line":41,"column":11}},"loc":{"start":{"line":41,"column":30},"end":{"line":56,"column":3}},"line":41},"4":{"name":"(anonymous_4)","decl":{"start":{"line":57,"column":10},"end":{"line":57,"column":11}},"loc":{"start":{"line":57,"column":30},"end":{"line":73,"column":3}},"line":57},"5":{"name":"(anonymous_5)","decl":{"start":{"line":74,"column":10},"end":{"line":74,"column":11}},"loc":{"start":{"line":74,"column":30},"end":{"line":81,"column":3}},"line":74}},"branchMap":{"0":{"loc":{"start":{"line":9,"column":8},"end":{"line":9,"column":73}},"type":"cond-expr","locations":[{"start":{"line":9,"column":44},"end":{"line":9,"column":61}},{"start":{"line":9,"column":64},"end":{"line":9,"column":73}}],"line":9},"1":{"loc":{"start":{"line":11,"column":8},"end":{"line":11,"column":75}},"type":"cond-expr","locations":[{"start":{"line":11,"column":45},"end":{"line":11,"column":63}},{"start":{"line":11,"column":66},"end":{"line":11,"column":75}}],"line":11},"2":{"loc":{"start":{"line":15,"column":8},"end":{"line":15,"column":71}},"type":"cond-expr","locations":[{"start":{"line":15,"column":43},"end":{"line":15,"column":59}},{"start":{"line":15,"column":62},"end":{"line":15,"column":71}}],"line":15}},"s":{"0":15,"1":3,"2":3,"3":3,"4":2,"5":1,"6":4,"7":4,"8":3,"9":1,"10":3,"11":3,"12":3,"13":2,"14":1,"15":4,"16":4,"17":4,"18":4,"19":4,"20":3,"21":1,"22":4,"23":4,"24":4,"25":4,"26":4,"27":3,"28":1,"29":5,"30":5,"31":4,"32":1},"f":{"0":3,"1":4,"2":3,"3":4,"4":4,"5":5},"b":{"0":[2,1],"1":[2,1],"2":[2,1]},"_coverageSchema":"1a1c01bbd47fc00a2c39e90264f33305004495a9","hash":"c42acd18712d490c4f2dec0e3b3f22d906a6d89d"}
,"/Users/ronyparra/Rony Developer/capacitor/backend/src/controllers/analytics.controller.js": {"path":"/Users/ronyparra/Rony Developer/capacitor/backend/src/controllers/analytics.controller.js","statementMap":{"0":{"start":{"line":3,"column":28},"end":{"line":138,"column":1}},"1":{"start":{"line":5,"column":4},"end":{"line":48,"column":5}},"2":{"start":{"line":6,"column":20},"end":{"line":6,"column":47}},"3":{"start":{"line":7,"column":20},"end":{"line":7,"column":47}},"4":{"start":{"line":8,"column":29},"end":{"line":8,"column":57}},"5":{"start":{"line":9,"column":28},"end":{"line":9,"column":52}},"6":{"start":{"line":10,"column":28},"end":{"line":10,"column":73}},"7":{"start":{"line":12,"column":19},"end":{"line":43,"column":7}},"8":{"start":{"line":45,"column":6},"end":{"line":45,"column":63}},"9":{"start":{"line":47,"column":6},"end":{"line":47,"column":71}},"10":{"start":{"line":51,"column":4},"end":{"line":75,"column":5}},"11":{"start":{"line":52,"column":20},"end":{"line":52,"column":47}},"12":{"start":{"line":53,"column":20},"end":{"line":53,"column":47}},"13":{"start":{"line":54,"column":29},"end":{"line":54,"column":57}},"14":{"start":{"line":55,"column":28},"end":{"line":55,"column":52}},"15":{"start":{"line":56,"column":28},"end":{"line":56,"column":73}},"16":{"start":{"line":58,"column":19},"end":{"line":70,"column":7}},"17":{"start":{"line":72,"column":6},"end":{"line":72,"column":63}},"18":{"start":{"line":74,"column":6},"end":{"line":74,"column":71}},"19":{"start":{"line":78,"column":4},"end":{"line":85,"column":5}},"20":{"start":{"line":79,"column":20},"end":{"line":79,"column":47}},"21":{"start":{"line":80,"column":20},"end":{"line":80,"column":47}},"22":{"start":{"line":81,"column":19},"end":{"line":81,"column":66}},"23":{"start":{"line":82,"column":6},"end":{"line":82,"column":63}},"24":{"start":{"line":84,"column":6},"end":{"line":84,"column":71}},"25":{"start":{"line":88,"column":4},"end":{"line":95,"column":5}},"26":{"start":{"line":89,"column":20},"end":{"line":89,"column":47}},"27":{"start":{"line":90,"column":20},"end":{"line":90,"column":47}},"28":{"start":{"line":91,"column":19},"end":{"line":91,"column":67}},"29":{"start":{"line":92,"column":6},"end":{"line":92,"column":63}},"30":{"start":{"line":94,"column":6},"end":{"line":94,"column":71}},"31":{"start":{"line":98,"column":4},"end":{"line":105,"column":5}},"32":{"start":{"line":99,"column":20},"end":{"line":99,"column":47}},"33":{"start":{"line":100,"column":20},"end":{"line":100,"column":47}},"34":{"start":{"line":101,"column":19},"end":{"line":101,"column":66}},"35":{"start":{"line":102,"column":6},"end":{"line":102,"column":63}},"36":{"start":{"line":104,"column":6},"end":{"line":104,"column":71}},"37":{"start":{"line":108,"column":4},"end":{"line":115,"column":5}},"38":{"start":{"line":109,"column":20},"end":{"line":109,"column":47}},"39":{"start":{"line":110,"column":20},"end":{"line":110,"column":47}},"40":{"start":{"line":111,"column":19},"end":{"line":111,"column":68}},"41":{"start":{"line":112,"column":6},"end":{"line":112,"column":63}},"42":{"start":{"line":114,"column":6},"end":{"line":114,"column":71}},"43":{"start":{"line":118,"column":4},"end":{"line":126,"column":5}},"44":{"start":{"line":119,"column":20},"end":{"line":119,"column":47}},"45":{"start":{"line":120,"column":20},"end":{"line":120,"column":47}},"46":{"start":{"line":121,"column":18},"end":{"line":121,"column":57}},"47":{"start":{"line":122,"column":19},"end":{"line":122,"column":71}},"48":{"start":{"line":123,"column":6},"end":{"line":123,"column":63}},"49":{"start":{"line":125,"column":6},"end":{"line":125,"column":71}},"50":{"start":{"line":129,"column":4},"end":{"line":136,"column":5}},"51":{"start":{"line":130,"column":20},"end":{"line":130,"column":47}},"52":{"start":{"line":131,"column":20},"end":{"line":131,"column":47}},"53":{"start":{"line":132,"column":19},"end":{"line":132,"column":71}},"54":{"start":{"line":133,"column":6},"end":{"line":133,"column":63}},"55":{"start":{"line":135,"column":6},"end":{"line":135,"column":71}}},"fnMap":{"0":{"name":"(anonymous_0)","decl":{"start":{"line":4,"column":16},"end":{"line":4,"column":17}},"loc":{"start":{"line":4,"column":36},"end":{"line":49,"column":3}},"line":4},"1":{"name":"(anonymous_1)","decl":{"start":{"line":50,"column":17},"end":{"line":50,"column":18}},"loc":{"start":{"line":50,"column":37},"end":{"line":76,"column":3}},"line":50},"2":{"name":"(anonymous_2)","decl":{"start":{"line":77,"column":14},"end":{"line":77,"column":15}},"loc":{"start":{"line":77,"column":34},"end":{"line":86,"column":3}},"line":77},"3":{"name":"(anonymous_3)","decl":{"start":{"line":87,"column":15},"end":{"line":87,"column":16}},"loc":{"start":{"line":87,"column":35},"end":{"line":96,"column":3}},"line":87},"4":{"name":"(anonymous_4)","decl":{"start":{"line":97,"column":14},"end":{"line":97,"column":15}},"loc":{"start":{"line":97,"column":34},"end":{"line":106,"column":3}},"line":97},"5":{"name":"(anonymous_5)","decl":{"start":{"line":107,"column":16},"end":{"line":107,"column":17}},"loc":{"start":{"line":107,"column":36},"end":{"line":116,"column":3}},"line":107},"6":{"name":"(anonymous_6)","decl":{"start":{"line":117,"column":14},"end":{"line":117,"column":15}},"loc":{"start":{"line":117,"column":34},"end":{"line":127,"column":3}},"line":117},"7":{"name":"(anonymous_7)","decl":{"start":{"line":128,"column":19},"end":{"line":128,"column":20}},"loc":{"start":{"line":128,"column":39},"end":{"line":137,"column":3}},"line":128}},"branchMap":{"0":{"loc":{"start":{"line":121,"column":18},"end":{"line":121,"column":57}},"type":"cond-expr","locations":[{"start":{"line":121,"column":45},"end":{"line":121,"column":49}},{"start":{"line":121,"column":52},"end":{"line":121,"column":57}}],"line":121}},"s":{"0":15,"1":2,"2":2,"3":2,"4":2,"5":2,"6":1,"7":1,"8":1,"9":1,"10":2,"11":2,"12":2,"13":2,"14":2,"15":1,"16":1,"17":1,"18":1,"19":2,"20":2,"21":2,"22":2,"23":1,"24":1,"25":2,"26":2,"27":2,"28":2,"29":1,"30":1,"31":2,"32":2,"33":2,"34":2,"35":1,"36":1,"37":2,"38":2,"39":2,"40":2,"41":1,"42":1,"43":3,"44":3,"45":3,"46":3,"47":3,"48":2,"49":1,"50":2,"51":2,"52":2,"53":2,"54":1,"55":1},"f":{"0":2,"1":2,"2":2,"3":2,"4":2,"5":2,"6":3,"7":2},"b":{"0":[1,2]},"_coverageSchema":"1a1c01bbd47fc00a2c39e90264f33305004495a9","hash":"9f8ab6ce5f8e96496ad5038e6aad0382c03e56c8"}
,"/Users/ronyparra/Rony Developer/capacitor/backend/src/controllers/archivo.controller.js": {"path":"/Users/ronyparra/Rony Developer/capacitor/backend/src/controllers/archivo.controller.js","statementMap":{"0":{"start":{"line":3,"column":26},"end":{"line":71,"column":1}},"1":{"start":{"line":5,"column":4},"end":{"line":11,"column":5}},"2":{"start":{"line":6,"column":21},"end":{"line":6,"column":50}},"3":{"start":{"line":7,"column":6},"end":{"line":7,"column":65}},"4":{"start":{"line":14,"column":4},"end":{"line":19,"column":5}},"5":{"start":{"line":15,"column":21},"end":{"line":15,"column":64}},"6":{"start":{"line":16,"column":6},"end":{"line":16,"column":65}},"7":{"start":{"line":18,"column":6},"end":{"line":18,"column":71}},"8":{"start":{"line":22,"column":4},"end":{"line":28,"column":5}},"9":{"start":{"line":23,"column":25},"end":{"line":23,"column":44}},"10":{"start":{"line":24,"column":21},"end":{"line":24,"column":81}},"11":{"start":{"line":25,"column":6},"end":{"line":25,"column":65}},"12":{"start":{"line":27,"column":6},"end":{"line":27,"column":71}},"13":{"start":{"line":31,"column":19},"end":{"line":37,"column":5}},"14":{"start":{"line":38,"column":4},"end":{"line":43,"column":5}},"15":{"start":{"line":39,"column":21},"end":{"line":39,"column":56}},"16":{"start":{"line":40,"column":6},"end":{"line":40,"column":65}},"17":{"start":{"line":42,"column":6},"end":{"line":42,"column":71}},"18":{"start":{"line":46,"column":19},"end":{"line":52,"column":5}},"19":{"start":{"line":53,"column":4},"end":{"line":61,"column":5}},"20":{"start":{"line":54,"column":21},"end":{"line":57,"column":8}},"21":{"start":{"line":58,"column":6},"end":{"line":58,"column":65}},"22":{"start":{"line":60,"column":6},"end":{"line":60,"column":71}},"23":{"start":{"line":64,"column":4},"end":{"line":69,"column":5}},"24":{"start":{"line":65,"column":21},"end":{"line":65,"column":63}},"25":{"start":{"line":66,"column":6},"end":{"line":66,"column":65}},"26":{"start":{"line":68,"column":6},"end":{"line":68,"column":71}}},"fnMap":{"0":{"name":"(anonymous_0)","decl":{"start":{"line":4,"column":7},"end":{"line":4,"column":8}},"loc":{"start":{"line":4,"column":27},"end":{"line":12,"column":3}},"line":4},"1":{"name":"(anonymous_1)","decl":{"start":{"line":13,"column":11},"end":{"line":13,"column":12}},"loc":{"start":{"line":13,"column":31},"end":{"line":20,"column":3}},"line":13},"2":{"name":"(anonymous_2)","decl":{"start":{"line":21,"column":18},"end":{"line":21,"column":19}},"loc":{"start":{"line":21,"column":38},"end":{"line":29,"column":3}},"line":21},"3":{"name":"(anonymous_3)","decl":{"start":{"line":30,"column":10},"end":{"line":30,"column":11}},"loc":{"start":{"line":30,"column":30},"end":{"line":44,"column":3}},"line":30},"4":{"name":"(anonymous_4)","decl":{"start":{"line":45,"column":10},"end":{"line":45,"column":11}},"loc":{"start":{"line":45,"column":30},"end":{"line":62,"column":3}},"line":45},"5":{"name":"(anonymous_5)","decl":{"start":{"line":63,"column":10},"end":{"line":63,"column":11}},"loc":{"start":{"line":63,"column":30},"end":{"line":70,"column":3}},"line":63}},"branchMap":{},"s":{"0":15,"1":1,"2":1,"3":1,"4":2,"5":2,"6":1,"7":1,"8":2,"9":2,"10":2,"11":1,"12":1,"13":2,"14":2,"15":2,"16":1,"17":1,"18":2,"19":2,"20":2,"21":1,"22":1,"23":2,"24":2,"25":1,"26":1},"f":{"0":1,"1":2,"2":2,"3":2,"4":2,"5":2},"b":{},"_coverageSchema":"1a1c01bbd47fc00a2c39e90264f33305004495a9","hash":"87d7705f402c9252f13652111b4cabe2d931dd0d"}
,"/Users/ronyparra/Rony Developer/capacitor/backend/src/controllers/auth.controller.js": {"path":"/Users/ronyparra/Rony Developer/capacitor/backend/src/controllers/auth.controller.js","statementMap":{"0":{"start":{"line":6,"column":23},"end":{"line":34,"column":1}},"1":{"start":{"line":8,"column":4},"end":{"line":32,"column":5}},"2":{"start":{"line":9,"column":19},"end":{"line":9,"column":60}},"3":{"start":{"line":10,"column":6},"end":{"line":26,"column":7}},"4":{"start":{"line":11,"column":22},"end":{"line":11,"column":76}},"5":{"start":{"line":12,"column":8},"end":{"line":25,"column":9}},"6":{"start":{"line":13,"column":29},"end":{"line":15,"column":11}},"7":{"start":{"line":16,"column":26},"end":{"line":16,"column":69}},"8":{"start":{"line":17,"column":26},"end":{"line":17,"column":47}},"9":{"start":{"line":18,"column":25},"end":{"line":18,"column":47}},"10":{"start":{"line":19,"column":24},"end":{"line":19,"column":58}},"11":{"start":{"line":21,"column":10},"end":{"line":21,"column":31}},"12":{"start":{"line":22,"column":10},"end":{"line":24,"column":70}},"13":{"start":{"line":27,"column":6},"end":{"line":29,"column":69}},"14":{"start":{"line":31,"column":6},"end":{"line":31,"column":71}},"15":{"start":{"line":36,"column":33},"end":{"line":63,"column":1}},"16":{"start":{"line":37,"column":27},"end":{"line":37,"column":29}},"17":{"start":{"line":38,"column":2},"end":{"line":61,"column":5}},"18":{"start":{"line":39,"column":18},"end":{"line":41,"column":5}},"19":{"start":{"line":40,"column":13},"end":{"line":40,"column":45}},"20":{"start":{"line":42,"column":4},"end":{"line":60,"column":5}},"21":{"start":{"line":43,"column":6},"end":{"line":43,"column":34}},"22":{"start":{"line":45,"column":20},"end":{"line":45,"column":51}},"23":{"start":{"line":46,"column":17},"end":{"line":46,"column":19}},"24":{"start":{"line":47,"column":6},"end":{"line":58,"column":9}},"25":{"start":{"line":48,"column":8},"end":{"line":48,"column":48}},"26":{"start":{"line":49,"column":8},"end":{"line":57,"column":11}},"27":{"start":{"line":50,"column":10},"end":{"line":56,"column":11}},"28":{"start":{"line":51,"column":12},"end":{"line":51,"column":54}},"29":{"start":{"line":53,"column":12},"end":{"line":55,"column":13}},"30":{"start":{"line":54,"column":14},"end":{"line":54,"column":46}},"31":{"start":{"line":59,"column":6},"end":{"line":59,"column":74}},"32":{"start":{"line":62,"column":2},"end":{"line":62,"column":26}}},"fnMap":{"0":{"name":"(anonymous_0)","decl":{"start":{"line":7,"column":9},"end":{"line":7,"column":10}},"loc":{"start":{"line":7,"column":29},"end":{"line":33,"column":3}},"line":7},"1":{"name":"(anonymous_1)","decl":{"start":{"line":36,"column":33},"end":{"line":36,"column":34}},"loc":{"start":{"line":36,"column":53},"end":{"line":63,"column":1}},"line":36},"2":{"name":"(anonymous_2)","decl":{"start":{"line":38,"column":21},"end":{"line":38,"column":22}},"loc":{"start":{"line":38,"column":31},"end":{"line":61,"column":3}},"line":38},"3":{"name":"(anonymous_3)","decl":{"start":{"line":40,"column":6},"end":{"line":40,"column":7}},"loc":{"start":{"line":40,"column":13},"end":{"line":40,"column":45}},"line":40},"4":{"name":"(anonymous_4)","decl":{"start":{"line":47,"column":59},"end":{"line":47,"column":60}},"loc":{"start":{"line":47,"column":77},"end":{"line":58,"column":7}},"line":47},"5":{"name":"(anonymous_5)","decl":{"start":{"line":49,"column":42},"end":{"line":49,"column":43}},"loc":{"start":{"line":49,"column":62},"end":{"line":57,"column":9}},"line":49}},"branchMap":{"0":{"loc":{"start":{"line":10,"column":6},"end":{"line":26,"column":7}},"type":"if","locations":[{"start":{"line":10,"column":6},"end":{"line":26,"column":7}},{"start":{"line":10,"column":6},"end":{"line":26,"column":7}}],"line":10},"1":{"loc":{"start":{"line":12,"column":8},"end":{"line":25,"column":9}},"type":"if","locations":[{"start":{"line":12,"column":8},"end":{"line":25,"column":9}},{"start":{"line":12,"column":8},"end":{"line":25,"column":9}}],"line":12},"2":{"loc":{"start":{"line":42,"column":4},"end":{"line":60,"column":5}},"type":"if","locations":[{"start":{"line":42,"column":4},"end":{"line":60,"column":5}},{"start":{"line":42,"column":4},"end":{"line":60,"column":5}}],"line":42},"3":{"loc":{"start":{"line":50,"column":10},"end":{"line":56,"column":11}},"type":"if","locations":[{"start":{"line":50,"column":10},"end":{"line":56,"column":11}},{"start":{"line":50,"column":10},"end":{"line":56,"column":11}}],"line":50},"4":{"loc":{"start":{"line":53,"column":12},"end":{"line":55,"column":13}},"type":"if","locations":[{"start":{"line":53,"column":12},"end":{"line":55,"column":13}},{"start":{"line":53,"column":12},"end":{"line":55,"column":13}}],"line":53},"5":{"loc":{"start":{"line":53,"column":16},"end":{"line":53,"column":67}},"type":"binary-expr","locations":[{"start":{"line":53,"column":16},"end":{"line":53,"column":35}},{"start":{"line":53,"column":39},"end":{"line":53,"column":67}}],"line":53}},"s":{"0":16,"1":18,"2":18,"3":18,"4":17,"5":16,"6":15,"7":15,"8":15,"9":15,"10":15,"11":15,"12":15,"13":2,"14":1,"15":16,"16":18,"17":18,"18":126,"19":425,"20":126,"21":124,"22":2,"23":2,"24":2,"25":2,"26":2,"27":3,"28":1,"29":2,"30":1,"31":2,"32":18},"f":{"0":18,"1":18,"2":126,"3":425,"4":2,"5":3},"b":{"0":[17,1],"1":[15,1],"2":[124,2],"3":[1,2],"4":[1,1],"5":[2,1]},"_coverageSchema":"1a1c01bbd47fc00a2c39e90264f33305004495a9","hash":"3551a5f70f0f105b12c40a79b15589e253e9d280"}
,"/Users/ronyparra/Rony Developer/capacitor/backend/src/controllers/categoria.controller.js": {"path":"/Users/ronyparra/Rony Developer/capacitor/backend/src/controllers/categoria.controller.js","statementMap":{"0":{"start":{"line":3,"column":28},"end":{"line":53,"column":1}},"1":{"start":{"line":5,"column":4},"end":{"line":11,"column":5}},"2":{"start":{"line":6,"column":21},"end":{"line":6,"column":52}},"3":{"start":{"line":7,"column":6},"end":{"line":7,"column":65}},"4":{"start":{"line":14,"column":4},"end":{"line":19,"column":5}},"5":{"start":{"line":15,"column":21},"end":{"line":15,"column":66}},"6":{"start":{"line":16,"column":6},"end":{"line":16,"column":65}},"7":{"start":{"line":18,"column":6},"end":{"line":18,"column":71}},"8":{"start":{"line":22,"column":19},"end":{"line":24,"column":5}},"9":{"start":{"line":25,"column":4},"end":{"line":31,"column":5}},"10":{"start":{"line":26,"column":24},"end":{"line":26,"column":61}},"11":{"start":{"line":27,"column":6},"end":{"line":27,"column":68}},"12":{"start":{"line":34,"column":19},"end":{"line":37,"column":5}},"13":{"start":{"line":38,"column":4},"end":{"line":43,"column":5}},"14":{"start":{"line":39,"column":21},"end":{"line":39,"column":58}},"15":{"start":{"line":40,"column":6},"end":{"line":40,"column":65}},"16":{"start":{"line":42,"column":6},"end":{"line":42,"column":71}},"17":{"start":{"line":46,"column":4},"end":{"line":51,"column":5}},"18":{"start":{"line":47,"column":21},"end":{"line":47,"column":65}},"19":{"start":{"line":48,"column":6},"end":{"line":48,"column":65}},"20":{"start":{"line":50,"column":6},"end":{"line":50,"column":71}}},"fnMap":{"0":{"name":"(anonymous_0)","decl":{"start":{"line":4,"column":7},"end":{"line":4,"column":8}},"loc":{"start":{"line":4,"column":27},"end":{"line":12,"column":3}},"line":4},"1":{"name":"(anonymous_1)","decl":{"start":{"line":13,"column":11},"end":{"line":13,"column":12}},"loc":{"start":{"line":13,"column":31},"end":{"line":20,"column":3}},"line":13},"2":{"name":"(anonymous_2)","decl":{"start":{"line":21,"column":10},"end":{"line":21,"column":11}},"loc":{"start":{"line":21,"column":30},"end":{"line":32,"column":3}},"line":21},"3":{"name":"(anonymous_3)","decl":{"start":{"line":33,"column":10},"end":{"line":33,"column":11}},"loc":{"start":{"line":33,"column":30},"end":{"line":44,"column":3}},"line":33},"4":{"name":"(anonymous_4)","decl":{"start":{"line":45,"column":10},"end":{"line":45,"column":11}},"loc":{"start":{"line":45,"column":30},"end":{"line":52,"column":3}},"line":45}},"branchMap":{},"s":{"0":15,"1":1,"2":1,"3":1,"4":2,"5":2,"6":1,"7":1,"8":1,"9":1,"10":1,"11":1,"12":2,"13":2,"14":2,"15":1,"16":1,"17":2,"18":2,"19":1,"20":1},"f":{"0":1,"1":2,"2":1,"3":2,"4":2},"b":{},"_coverageSchema":"1a1c01bbd47fc00a2c39e90264f33305004495a9","hash":"31692560fc136c7ea6c0e56ad50f08861b6b9198"}
,"/Users/ronyparra/Rony Developer/capacitor/backend/src/controllers/cliente.controller.js": {"path":"/Users/ronyparra/Rony Developer/capacitor/backend/src/controllers/cliente.controller.js","statementMap":{"0":{"start":{"line":3,"column":26},"end":{"line":62,"column":1}},"1":{"start":{"line":5,"column":4},"end":{"line":11,"column":5}},"2":{"start":{"line":6,"column":22},"end":{"line":6,"column":51}},"3":{"start":{"line":7,"column":6},"end":{"line":7,"column":66}},"4":{"start":{"line":14,"column":4},"end":{"line":19,"column":5}},"5":{"start":{"line":15,"column":22},"end":{"line":15,"column":65}},"6":{"start":{"line":16,"column":6},"end":{"line":16,"column":66}},"7":{"start":{"line":18,"column":6},"end":{"line":18,"column":71}},"8":{"start":{"line":22,"column":4},"end":{"line":34,"column":5}},"9":{"start":{"line":23,"column":6},"end":{"line":29,"column":7}},"10":{"start":{"line":24,"column":8},"end":{"line":28,"column":10}},"11":{"start":{"line":30,"column":22},"end":{"line":30,"column":59}},"12":{"start":{"line":31,"column":6},"end":{"line":31,"column":66}},"13":{"start":{"line":33,"column":6},"end":{"line":33,"column":71}},"14":{"start":{"line":37,"column":4},"end":{"line":52,"column":5}},"15":{"start":{"line":38,"column":6},"end":{"line":44,"column":7}},"16":{"start":{"line":39,"column":8},"end":{"line":43,"column":10}},"17":{"start":{"line":45,"column":22},"end":{"line":48,"column":8}},"18":{"start":{"line":49,"column":6},"end":{"line":49,"column":66}},"19":{"start":{"line":51,"column":6},"end":{"line":51,"column":71}},"20":{"start":{"line":55,"column":4},"end":{"line":60,"column":5}},"21":{"start":{"line":56,"column":22},"end":{"line":56,"column":64}},"22":{"start":{"line":57,"column":6},"end":{"line":57,"column":66}},"23":{"start":{"line":59,"column":6},"end":{"line":59,"column":71}}},"fnMap":{"0":{"name":"(anonymous_0)","decl":{"start":{"line":4,"column":7},"end":{"line":4,"column":8}},"loc":{"start":{"line":4,"column":27},"end":{"line":12,"column":3}},"line":4},"1":{"name":"(anonymous_1)","decl":{"start":{"line":13,"column":11},"end":{"line":13,"column":12}},"loc":{"start":{"line":13,"column":31},"end":{"line":20,"column":3}},"line":13},"2":{"name":"(anonymous_2)","decl":{"start":{"line":21,"column":10},"end":{"line":21,"column":11}},"loc":{"start":{"line":21,"column":30},"end":{"line":35,"column":3}},"line":21},"3":{"name":"(anonymous_3)","decl":{"start":{"line":36,"column":10},"end":{"line":36,"column":11}},"loc":{"start":{"line":36,"column":30},"end":{"line":53,"column":3}},"line":36},"4":{"name":"(anonymous_4)","decl":{"start":{"line":54,"column":10},"end":{"line":54,"column":11}},"loc":{"start":{"line":54,"column":30},"end":{"line":61,"column":3}},"line":54}},"branchMap":{"0":{"loc":{"start":{"line":23,"column":6},"end":{"line":29,"column":7}},"type":"if","locations":[{"start":{"line":23,"column":6},"end":{"line":29,"column":7}},{"start":{"line":23,"column":6},"end":{"line":29,"column":7}}],"line":23},"1":{"loc":{"start":{"line":38,"column":6},"end":{"line":44,"column":7}},"type":"if","locations":[{"start":{"line":38,"column":6},"end":{"line":44,"column":7}},{"start":{"line":38,"column":6},"end":{"line":44,"column":7}}],"line":38}},"s":{"0":15,"1":1,"2":1,"3":1,"4":2,"5":2,"6":1,"7":1,"8":3,"9":3,"10":1,"11":3,"12":2,"13":1,"14":4,"15":4,"16":1,"17":4,"18":3,"19":1,"20":3,"21":3,"22":2,"23":1},"f":{"0":1,"1":2,"2":3,"3":4,"4":3},"b":{"0":[1,2],"1":[1,3]},"_coverageSchema":"1a1c01bbd47fc00a2c39e90264f33305004495a9","hash":"4845216fedcc461ce2ef1b63cef33e3b5c14fcea"}
,"/Users/ronyparra/Rony Developer/capacitor/backend/src/controllers/cobro.controller.js": {"path":"/Users/ronyparra/Rony Developer/capacitor/backend/src/controllers/cobro.controller.js","statementMap":{"0":{"start":{"line":3,"column":24},"end":{"line":57,"column":1}},"1":{"start":{"line":5,"column":4},"end":{"line":20,"column":5}},"2":{"start":{"line":6,"column":21},"end":{"line":15,"column":7}},"3":{"start":{"line":16,"column":23},"end":{"line":16,"column":56}},"4":{"start":{"line":17,"column":6},"end":{"line":17,"column":67}},"5":{"start":{"line":19,"column":6},"end":{"line":19,"column":71}},"6":{"start":{"line":23,"column":4},"end":{"line":28,"column":5}},"7":{"start":{"line":24,"column":23},"end":{"line":24,"column":64}},"8":{"start":{"line":25,"column":6},"end":{"line":25,"column":67}},"9":{"start":{"line":27,"column":6},"end":{"line":27,"column":71}},"10":{"start":{"line":32,"column":19},"end":{"line":41,"column":5}},"11":{"start":{"line":42,"column":4},"end":{"line":47,"column":5}},"12":{"start":{"line":43,"column":23},"end":{"line":43,"column":56}},"13":{"start":{"line":44,"column":6},"end":{"line":44,"column":67}},"14":{"start":{"line":46,"column":6},"end":{"line":46,"column":71}},"15":{"start":{"line":50,"column":4},"end":{"line":55,"column":5}},"16":{"start":{"line":51,"column":23},"end":{"line":51,"column":62}},"17":{"start":{"line":52,"column":6},"end":{"line":52,"column":67}},"18":{"start":{"line":54,"column":6},"end":{"line":54,"column":71}}},"fnMap":{"0":{"name":"(anonymous_0)","decl":{"start":{"line":4,"column":7},"end":{"line":4,"column":8}},"loc":{"start":{"line":4,"column":27},"end":{"line":21,"column":3}},"line":4},"1":{"name":"(anonymous_1)","decl":{"start":{"line":22,"column":11},"end":{"line":22,"column":12}},"loc":{"start":{"line":22,"column":31},"end":{"line":29,"column":3}},"line":22},"2":{"name":"(anonymous_2)","decl":{"start":{"line":31,"column":10},"end":{"line":31,"column":11}},"loc":{"start":{"line":31,"column":30},"end":{"line":48,"column":3}},"line":31},"3":{"name":"(anonymous_3)","decl":{"start":{"line":49,"column":10},"end":{"line":49,"column":11}},"loc":{"start":{"line":49,"column":30},"end":{"line":56,"column":3}},"line":49}},"branchMap":{"0":{"loc":{"start":{"line":8,"column":10},"end":{"line":8,"column":75}},"type":"cond-expr","locations":[{"start":{"line":8,"column":46},"end":{"line":8,"column":63}},{"start":{"line":8,"column":66},"end":{"line":8,"column":75}}],"line":8},"1":{"loc":{"start":{"line":10,"column":10},"end":{"line":10,"column":79}},"type":"cond-expr","locations":[{"start":{"line":10,"column":48},"end":{"line":10,"column":67}},{"start":{"line":10,"column":70},"end":{"line":10,"column":79}}],"line":10},"2":{"loc":{"start":{"line":14,"column":10},"end":{"line":14,"column":73}},"type":"cond-expr","locations":[{"start":{"line":14,"column":45},"end":{"line":14,"column":61}},{"start":{"line":14,"column":64},"end":{"line":14,"column":73}}],"line":14}},"s":{"0":15,"1":3,"2":3,"3":3,"4":2,"5":1,"6":3,"7":3,"8":2,"9":1,"10":3,"11":3,"12":3,"13":2,"14":1,"15":4,"16":4,"17":3,"18":1},"f":{"0":3,"1":3,"2":3,"3":4},"b":{"0":[2,1],"1":[2,1],"2":[2,1]},"_coverageSchema":"1a1c01bbd47fc00a2c39e90264f33305004495a9","hash":"e15ea436026d673d96d800baa32b1d6d06fadaa3"}
,"/Users/ronyparra/Rony Developer/capacitor/backend/src/controllers/concepto.controller.js": {"path":"/Users/ronyparra/Rony Developer/capacitor/backend/src/controllers/concepto.controller.js","statementMap":{"0":{"start":{"line":3,"column":27},"end":{"line":60,"column":1}},"1":{"start":{"line":5,"column":4},"end":{"line":11,"column":5}},"2":{"start":{"line":6,"column":20},"end":{"line":6,"column":50}},"3":{"start":{"line":7,"column":6},"end":{"line":7,"column":64}},"4":{"start":{"line":14,"column":4},"end":{"line":19,"column":5}},"5":{"start":{"line":15,"column":20},"end":{"line":15,"column":64}},"6":{"start":{"line":16,"column":6},"end":{"line":16,"column":64}},"7":{"start":{"line":18,"column":6},"end":{"line":18,"column":71}},"8":{"start":{"line":22,"column":19},"end":{"line":27,"column":5}},"9":{"start":{"line":28,"column":4},"end":{"line":33,"column":5}},"10":{"start":{"line":29,"column":23},"end":{"line":29,"column":59}},"11":{"start":{"line":30,"column":6},"end":{"line":30,"column":67}},"12":{"start":{"line":32,"column":6},"end":{"line":32,"column":71}},"13":{"start":{"line":36,"column":19},"end":{"line":41,"column":5}},"14":{"start":{"line":42,"column":4},"end":{"line":50,"column":5}},"15":{"start":{"line":43,"column":20},"end":{"line":46,"column":8}},"16":{"start":{"line":47,"column":6},"end":{"line":47,"column":64}},"17":{"start":{"line":49,"column":6},"end":{"line":49,"column":71}},"18":{"start":{"line":53,"column":4},"end":{"line":58,"column":5}},"19":{"start":{"line":54,"column":20},"end":{"line":54,"column":63}},"20":{"start":{"line":55,"column":6},"end":{"line":55,"column":64}},"21":{"start":{"line":57,"column":6},"end":{"line":57,"column":71}}},"fnMap":{"0":{"name":"(anonymous_0)","decl":{"start":{"line":4,"column":7},"end":{"line":4,"column":8}},"loc":{"start":{"line":4,"column":27},"end":{"line":12,"column":3}},"line":4},"1":{"name":"(anonymous_1)","decl":{"start":{"line":13,"column":11},"end":{"line":13,"column":12}},"loc":{"start":{"line":13,"column":31},"end":{"line":20,"column":3}},"line":13},"2":{"name":"(anonymous_2)","decl":{"start":{"line":21,"column":10},"end":{"line":21,"column":11}},"loc":{"start":{"line":21,"column":30},"end":{"line":34,"column":3}},"line":21},"3":{"name":"(anonymous_3)","decl":{"start":{"line":35,"column":10},"end":{"line":35,"column":11}},"loc":{"start":{"line":35,"column":30},"end":{"line":51,"column":3}},"line":35},"4":{"name":"(anonymous_4)","decl":{"start":{"line":52,"column":10},"end":{"line":52,"column":11}},"loc":{"start":{"line":52,"column":30},"end":{"line":59,"column":3}},"line":52}},"branchMap":{},"s":{"0":15,"1":1,"2":1,"3":1,"4":2,"5":2,"6":1,"7":1,"8":2,"9":2,"10":2,"11":1,"12":1,"13":2,"14":2,"15":2,"16":1,"17":1,"18":2,"19":2,"20":1,"21":1},"f":{"0":1,"1":2,"2":2,"3":2,"4":2},"b":{},"_coverageSchema":"1a1c01bbd47fc00a2c39e90264f33305004495a9","hash":"4f9b5c910079a94423e5d31eedd1c35c52c7b4d2"}
,"/Users/ronyparra/Rony Developer/capacitor/backend/src/controllers/estadocobro.controller.js": {"path":"/Users/ronyparra/Rony Developer/capacitor/backend/src/controllers/estadocobro.controller.js","statementMap":{"0":{"start":{"line":3,"column":30},"end":{"line":13,"column":1}},"1":{"start":{"line":5,"column":4},"end":{"line":11,"column":5}},"2":{"start":{"line":6,"column":23},"end":{"line":6,"column":56}},"3":{"start":{"line":7,"column":6},"end":{"line":7,"column":67}}},"fnMap":{"0":{"name":"(anonymous_0)","decl":{"start":{"line":4,"column":7},"end":{"line":4,"column":8}},"loc":{"start":{"line":4,"column":27},"end":{"line":12,"column":3}},"line":4}},"branchMap":{},"s":{"0":15,"1":1,"2":1,"3":1},"f":{"0":1},"b":{},"_coverageSchema":"1a1c01bbd47fc00a2c39e90264f33305004495a9","hash":"866e82c2cf2cb2bd95528640ca4b69a07bea1c40"}
,"/Users/ronyparra/Rony Developer/capacitor/backend/src/controllers/folder.controller.js": {"path":"/Users/ronyparra/Rony Developer/capacitor/backend/src/controllers/folder.controller.js","statementMap":{"0":{"start":{"line":3,"column":25},"end":{"line":55,"column":1}},"1":{"start":{"line":5,"column":4},"end":{"line":11,"column":5}},"2":{"start":{"line":6,"column":21},"end":{"line":6,"column":49}},"3":{"start":{"line":7,"column":6},"end":{"line":7,"column":65}},"4":{"start":{"line":14,"column":4},"end":{"line":19,"column":5}},"5":{"start":{"line":15,"column":21},"end":{"line":15,"column":63}},"6":{"start":{"line":16,"column":6},"end":{"line":16,"column":65}},"7":{"start":{"line":18,"column":6},"end":{"line":18,"column":71}},"8":{"start":{"line":22,"column":19},"end":{"line":24,"column":5}},"9":{"start":{"line":25,"column":4},"end":{"line":31,"column":5}},"10":{"start":{"line":26,"column":21},"end":{"line":26,"column":55}},"11":{"start":{"line":27,"column":6},"end":{"line":27,"column":65}},"12":{"start":{"line":34,"column":19},"end":{"line":36,"column":5}},"13":{"start":{"line":37,"column":4},"end":{"line":45,"column":5}},"14":{"start":{"line":38,"column":21},"end":{"line":41,"column":8}},"15":{"start":{"line":42,"column":6},"end":{"line":42,"column":65}},"16":{"start":{"line":44,"column":6},"end":{"line":44,"column":71}},"17":{"start":{"line":48,"column":4},"end":{"line":53,"column":5}},"18":{"start":{"line":49,"column":21},"end":{"line":49,"column":62}},"19":{"start":{"line":50,"column":6},"end":{"line":50,"column":65}},"20":{"start":{"line":52,"column":6},"end":{"line":52,"column":71}}},"fnMap":{"0":{"name":"(anonymous_0)","decl":{"start":{"line":4,"column":7},"end":{"line":4,"column":8}},"loc":{"start":{"line":4,"column":27},"end":{"line":12,"column":3}},"line":4},"1":{"name":"(anonymous_1)","decl":{"start":{"line":13,"column":11},"end":{"line":13,"column":12}},"loc":{"start":{"line":13,"column":31},"end":{"line":20,"column":3}},"line":13},"2":{"name":"(anonymous_2)","decl":{"start":{"line":21,"column":10},"end":{"line":21,"column":11}},"loc":{"start":{"line":21,"column":30},"end":{"line":32,"column":3}},"line":21},"3":{"name":"(anonymous_3)","decl":{"start":{"line":33,"column":10},"end":{"line":33,"column":11}},"loc":{"start":{"line":33,"column":30},"end":{"line":46,"column":3}},"line":33},"4":{"name":"(anonymous_4)","decl":{"start":{"line":47,"column":10},"end":{"line":47,"column":11}},"loc":{"start":{"line":47,"column":30},"end":{"line":54,"column":3}},"line":47}},"branchMap":{},"s":{"0":15,"1":1,"2":1,"3":1,"4":2,"5":2,"6":1,"7":1,"8":1,"9":1,"10":1,"11":1,"12":2,"13":2,"14":2,"15":1,"16":1,"17":2,"18":2,"19":1,"20":1},"f":{"0":1,"1":2,"2":1,"3":2,"4":2},"b":{},"_coverageSchema":"1a1c01bbd47fc00a2c39e90264f33305004495a9","hash":"611fcdacca11b48f803e7ab385a63a391c5c1597"}
,"/Users/ronyparra/Rony Developer/capacitor/backend/src/controllers/formulario.controller.js": {"path":"/Users/ronyparra/Rony Developer/capacitor/backend/src/controllers/formulario.controller.js","statementMap":{"0":{"start":{"line":3,"column":29},"end":{"line":13,"column":1}},"1":{"start":{"line":5,"column":4},"end":{"line":11,"column":5}},"2":{"start":{"line":6,"column":23},"end":{"line":6,"column":55}},"3":{"start":{"line":7,"column":6},"end":{"line":7,"column":67}}},"fnMap":{"0":{"name":"(anonymous_0)","decl":{"start":{"line":4,"column":7},"end":{"line":4,"column":8}},"loc":{"start":{"line":4,"column":27},"end":{"line":12,"column":3}},"line":4}},"branchMap":{},"s":{"0":15,"1":1,"2":1,"3":1},"f":{"0":1},"b":{},"_coverageSchema":"1a1c01bbd47fc00a2c39e90264f33305004495a9","hash":"b883f7191e4f0ed059f92e7f4cd94accb3fe3d34"}
,"/Users/ronyparra/Rony Developer/capacitor/backend/src/controllers/moneda.controller.js": {"path":"/Users/ronyparra/Rony Developer/capacitor/backend/src/controllers/moneda.controller.js","statementMap":{"0":{"start":{"line":3,"column":25},"end":{"line":13,"column":1}},"1":{"start":{"line":5,"column":4},"end":{"line":11,"column":5}},"2":{"start":{"line":6,"column":23},"end":{"line":6,"column":51}},"3":{"start":{"line":7,"column":6},"end":{"line":7,"column":67}}},"fnMap":{"0":{"name":"(anonymous_0)","decl":{"start":{"line":4,"column":7},"end":{"line":4,"column":8}},"loc":{"start":{"line":4,"column":27},"end":{"line":12,"column":3}},"line":4}},"branchMap":{},"s":{"0":15,"1":1,"2":1,"3":1},"f":{"0":1},"b":{},"_coverageSchema":"1a1c01bbd47fc00a2c39e90264f33305004495a9","hash":"675d515dc0a35b0f2920c33a7f086e3b7f35f21d"}
,"/Users/ronyparra/Rony Developer/capacitor/backend/src/controllers/pendiente.controller.js": {"path":"/Users/ronyparra/Rony Developer/capacitor/backend/src/controllers/pendiente.controller.js","statementMap":{"0":{"start":{"line":4,"column":28},"end":{"line":78,"column":1}},"1":{"start":{"line":6,"column":4},"end":{"line":12,"column":5}},"2":{"start":{"line":7,"column":23},"end":{"line":7,"column":74}},"3":{"start":{"line":8,"column":6},"end":{"line":8,"column":67}},"4":{"start":{"line":15,"column":4},"end":{"line":21,"column":5}},"5":{"start":{"line":16,"column":24},"end":{"line":16,"column":55}},"6":{"start":{"line":17,"column":6},"end":{"line":17,"column":68}},"7":{"start":{"line":24,"column":4},"end":{"line":29,"column":5}},"8":{"start":{"line":25,"column":24},"end":{"line":25,"column":69}},"9":{"start":{"line":26,"column":6},"end":{"line":26,"column":68}},"10":{"start":{"line":28,"column":6},"end":{"line":28,"column":71}},"11":{"start":{"line":32,"column":4},"end":{"line":37,"column":5}},"12":{"start":{"line":33,"column":24},"end":{"line":33,"column":69}},"13":{"start":{"line":34,"column":6},"end":{"line":34,"column":68}},"14":{"start":{"line":36,"column":6},"end":{"line":36,"column":71}},"15":{"start":{"line":40,"column":4},"end":{"line":51,"column":5}},"16":{"start":{"line":41,"column":21},"end":{"line":46,"column":7}},"17":{"start":{"line":47,"column":24},"end":{"line":47,"column":68}},"18":{"start":{"line":48,"column":6},"end":{"line":48,"column":68}},"19":{"start":{"line":50,"column":6},"end":{"line":50,"column":71}},"20":{"start":{"line":54,"column":4},"end":{"line":68,"column":5}},"21":{"start":{"line":55,"column":21},"end":{"line":60,"column":7}},"22":{"start":{"line":61,"column":24},"end":{"line":64,"column":8}},"23":{"start":{"line":65,"column":6},"end":{"line":65,"column":68}},"24":{"start":{"line":67,"column":6},"end":{"line":67,"column":71}},"25":{"start":{"line":71,"column":4},"end":{"line":76,"column":5}},"26":{"start":{"line":72,"column":24},"end":{"line":72,"column":67}},"27":{"start":{"line":73,"column":6},"end":{"line":73,"column":68}},"28":{"start":{"line":75,"column":6},"end":{"line":75,"column":71}}},"fnMap":{"0":{"name":"(anonymous_0)","decl":{"start":{"line":5,"column":16},"end":{"line":5,"column":17}},"loc":{"start":{"line":5,"column":36},"end":{"line":13,"column":3}},"line":5},"1":{"name":"(anonymous_1)","decl":{"start":{"line":14,"column":7},"end":{"line":14,"column":8}},"loc":{"start":{"line":14,"column":27},"end":{"line":22,"column":3}},"line":14},"2":{"name":"(anonymous_2)","decl":{"start":{"line":23,"column":16},"end":{"line":23,"column":17}},"loc":{"start":{"line":23,"column":36},"end":{"line":30,"column":3}},"line":23},"3":{"name":"(anonymous_3)","decl":{"start":{"line":31,"column":11},"end":{"line":31,"column":12}},"loc":{"start":{"line":31,"column":31},"end":{"line":38,"column":3}},"line":31},"4":{"name":"(anonymous_4)","decl":{"start":{"line":39,"column":10},"end":{"line":39,"column":11}},"loc":{"start":{"line":39,"column":30},"end":{"line":52,"column":3}},"line":39},"5":{"name":"(anonymous_5)","decl":{"start":{"line":53,"column":10},"end":{"line":53,"column":11}},"loc":{"start":{"line":53,"column":30},"end":{"line":69,"column":3}},"line":53},"6":{"name":"(anonymous_6)","decl":{"start":{"line":70,"column":10},"end":{"line":70,"column":11}},"loc":{"start":{"line":70,"column":30},"end":{"line":77,"column":3}},"line":70}},"branchMap":{},"s":{"0":15,"1":1,"2":1,"3":1,"4":1,"5":1,"6":1,"7":2,"8":2,"9":1,"10":1,"11":2,"12":2,"13":1,"14":1,"15":3,"16":3,"17":3,"18":2,"19":1,"20":3,"21":3,"22":3,"23":2,"24":1,"25":3,"26":3,"27":2,"28":1},"f":{"0":1,"1":1,"2":2,"3":2,"4":3,"5":3,"6":3},"b":{},"_coverageSchema":"1a1c01bbd47fc00a2c39e90264f33305004495a9","hash":"7a3e4769c95df7bc04a9fd38af78323763a241e6"}
,"/Users/ronyparra/Rony Developer/capacitor/backend/src/controllers/tipo_pendiente.controller.js": {"path":"/Users/ronyparra/Rony Developer/capacitor/backend/src/controllers/tipo_pendiente.controller.js","statementMap":{"0":{"start":{"line":3,"column":32},"end":{"line":57,"column":1}},"1":{"start":{"line":5,"column":4},"end":{"line":11,"column":5}},"2":{"start":{"line":6,"column":29},"end":{"line":6,"column":64}},"3":{"start":{"line":7,"column":6},"end":{"line":7,"column":73}},"4":{"start":{"line":14,"column":4},"end":{"line":19,"column":5}},"5":{"start":{"line":15,"column":29},"end":{"line":15,"column":78}},"6":{"start":{"line":16,"column":6},"end":{"line":16,"column":73}},"7":{"start":{"line":18,"column":6},"end":{"line":18,"column":71}},"8":{"start":{"line":22,"column":19},"end":{"line":25,"column":5}},"9":{"start":{"line":26,"column":4},"end":{"line":32,"column":5}},"10":{"start":{"line":27,"column":29},"end":{"line":27,"column":70}},"11":{"start":{"line":28,"column":6},"end":{"line":28,"column":73}},"12":{"start":{"line":35,"column":19},"end":{"line":38,"column":5}},"13":{"start":{"line":39,"column":4},"end":{"line":47,"column":5}},"14":{"start":{"line":40,"column":29},"end":{"line":43,"column":8}},"15":{"start":{"line":44,"column":6},"end":{"line":44,"column":73}},"16":{"start":{"line":46,"column":6},"end":{"line":46,"column":71}},"17":{"start":{"line":50,"column":4},"end":{"line":55,"column":5}},"18":{"start":{"line":51,"column":29},"end":{"line":51,"column":77}},"19":{"start":{"line":52,"column":6},"end":{"line":52,"column":73}},"20":{"start":{"line":54,"column":6},"end":{"line":54,"column":71}}},"fnMap":{"0":{"name":"(anonymous_0)","decl":{"start":{"line":4,"column":7},"end":{"line":4,"column":8}},"loc":{"start":{"line":4,"column":27},"end":{"line":12,"column":3}},"line":4},"1":{"name":"(anonymous_1)","decl":{"start":{"line":13,"column":11},"end":{"line":13,"column":12}},"loc":{"start":{"line":13,"column":31},"end":{"line":20,"column":3}},"line":13},"2":{"name":"(anonymous_2)","decl":{"start":{"line":21,"column":10},"end":{"line":21,"column":11}},"loc":{"start":{"line":21,"column":30},"end":{"line":33,"column":3}},"line":21},"3":{"name":"(anonymous_3)","decl":{"start":{"line":34,"column":10},"end":{"line":34,"column":11}},"loc":{"start":{"line":34,"column":30},"end":{"line":48,"column":3}},"line":34},"4":{"name":"(anonymous_4)","decl":{"start":{"line":49,"column":10},"end":{"line":49,"column":11}},"loc":{"start":{"line":49,"column":30},"end":{"line":56,"column":3}},"line":49}},"branchMap":{},"s":{"0":15,"1":1,"2":1,"3":1,"4":2,"5":2,"6":1,"7":1,"8":1,"9":1,"10":1,"11":1,"12":2,"13":2,"14":2,"15":1,"16":1,"17":2,"18":2,"19":1,"20":1},"f":{"0":1,"1":2,"2":1,"3":2,"4":2},"b":{},"_coverageSchema":"1a1c01bbd47fc00a2c39e90264f33305004495a9","hash":"5cd26c1c95978881457fe41216edf46cb00a9fc3"}
,"/Users/ronyparra/Rony Developer/capacitor/backend/src/controllers/user.controller.js": {"path":"/Users/ronyparra/Rony Developer/capacitor/backend/src/controllers/user.controller.js","statementMap":{"0":{"start":{"line":4,"column":23},"end":{"line":68,"column":1}},"1":{"start":{"line":6,"column":4},"end":{"line":14,"column":5}},"2":{"start":{"line":7,"column":20},"end":{"line":7,"column":46}},"3":{"start":{"line":8,"column":6},"end":{"line":10,"column":43}},"4":{"start":{"line":17,"column":4},"end":{"line":24,"column":5}},"5":{"start":{"line":18,"column":20},"end":{"line":18,"column":60}},"6":{"start":{"line":19,"column":6},"end":{"line":21,"column":43}},"7":{"start":{"line":23,"column":6},"end":{"line":23,"column":71}},"8":{"start":{"line":27,"column":4},"end":{"line":38,"column":5}},"9":{"start":{"line":28,"column":6},"end":{"line":31,"column":8}},"10":{"start":{"line":32,"column":20},"end":{"line":32,"column":54}},"11":{"start":{"line":33,"column":6},"end":{"line":35,"column":43}},"12":{"start":{"line":37,"column":6},"end":{"line":37,"column":71}},"13":{"start":{"line":41,"column":4},"end":{"line":56,"column":5}},"14":{"start":{"line":42,"column":6},"end":{"line":46,"column":8}},"15":{"start":{"line":43,"column":6},"end":{"line":46,"column":8}},"16":{"start":{"line":47,"column":20},"end":{"line":50,"column":8}},"17":{"start":{"line":51,"column":6},"end":{"line":53,"column":43}},"18":{"start":{"line":55,"column":6},"end":{"line":55,"column":71}},"19":{"start":{"line":59,"column":4},"end":{"line":66,"column":5}},"20":{"start":{"line":60,"column":20},"end":{"line":60,"column":59}},"21":{"start":{"line":61,"column":6},"end":{"line":63,"column":43}},"22":{"start":{"line":65,"column":6},"end":{"line":65,"column":71}}},"fnMap":{"0":{"name":"(anonymous_0)","decl":{"start":{"line":5,"column":7},"end":{"line":5,"column":8}},"loc":{"start":{"line":5,"column":27},"end":{"line":15,"column":3}},"line":5},"1":{"name":"(anonymous_1)","decl":{"start":{"line":16,"column":11},"end":{"line":16,"column":12}},"loc":{"start":{"line":16,"column":31},"end":{"line":25,"column":3}},"line":16},"2":{"name":"(anonymous_2)","decl":{"start":{"line":26,"column":10},"end":{"line":26,"column":11}},"loc":{"start":{"line":26,"column":30},"end":{"line":39,"column":3}},"line":26},"3":{"name":"(anonymous_3)","decl":{"start":{"line":40,"column":10},"end":{"line":40,"column":11}},"loc":{"start":{"line":40,"column":30},"end":{"line":57,"column":3}},"line":40},"4":{"name":"(anonymous_4)","decl":{"start":{"line":58,"column":10},"end":{"line":58,"column":11}},"loc":{"start":{"line":58,"column":30},"end":{"line":67,"column":3}},"line":58}},"branchMap":{"0":{"loc":{"start":{"line":42,"column":6},"end":{"line":46,"column":8}},"type":"if","locations":[{"start":{"line":42,"column":6},"end":{"line":46,"column":8}},{"start":{"line":42,"column":6},"end":{"line":46,"column":8}}],"line":42}},"s":{"0":15,"1":2,"2":2,"3":2,"4":2,"5":2,"6":1,"7":1,"8":2,"9":2,"10":2,"11":1,"12":1,"13":3,"14":3,"15":1,"16":3,"17":2,"18":1,"19":2,"20":2,"21":1,"22":1},"f":{"0":2,"1":2,"2":2,"3":3,"4":2},"b":{"0":[1,2]},"_coverageSchema":"1a1c01bbd47fc00a2c39e90264f33305004495a9","hash":"71649ff7774f79df680562dc3965935f869fcfd6"}
,"/Users/ronyparra/Rony Developer/capacitor/backend/src/controllers/usuario_rol.controller.js": {"path":"/Users/ronyparra/Rony Developer/capacitor/backend/src/controllers/usuario_rol.controller.js","statementMap":{"0":{"start":{"line":3,"column":31},"end":{"line":49,"column":1}},"1":{"start":{"line":5,"column":4},"end":{"line":11,"column":5}},"2":{"start":{"line":6,"column":21},"end":{"line":6,"column":55}},"3":{"start":{"line":7,"column":6},"end":{"line":7,"column":65}},"4":{"start":{"line":14,"column":4},"end":{"line":19,"column":5}},"5":{"start":{"line":15,"column":21},"end":{"line":15,"column":69}},"6":{"start":{"line":16,"column":6},"end":{"line":16,"column":65}},"7":{"start":{"line":18,"column":6},"end":{"line":18,"column":71}},"8":{"start":{"line":22,"column":4},"end":{"line":28,"column":5}},"9":{"start":{"line":23,"column":23},"end":{"line":23,"column":65}},"10":{"start":{"line":24,"column":6},"end":{"line":24,"column":67}},"11":{"start":{"line":31,"column":4},"end":{"line":39,"column":5}},"12":{"start":{"line":32,"column":21},"end":{"line":35,"column":8}},"13":{"start":{"line":36,"column":6},"end":{"line":36,"column":65}},"14":{"start":{"line":38,"column":6},"end":{"line":38,"column":71}},"15":{"start":{"line":42,"column":4},"end":{"line":47,"column":5}},"16":{"start":{"line":43,"column":21},"end":{"line":43,"column":68}},"17":{"start":{"line":44,"column":6},"end":{"line":44,"column":65}},"18":{"start":{"line":46,"column":6},"end":{"line":46,"column":71}}},"fnMap":{"0":{"name":"(anonymous_0)","decl":{"start":{"line":4,"column":7},"end":{"line":4,"column":8}},"loc":{"start":{"line":4,"column":27},"end":{"line":12,"column":3}},"line":4},"1":{"name":"(anonymous_1)","decl":{"start":{"line":13,"column":11},"end":{"line":13,"column":12}},"loc":{"start":{"line":13,"column":31},"end":{"line":20,"column":3}},"line":13},"2":{"name":"(anonymous_2)","decl":{"start":{"line":21,"column":10},"end":{"line":21,"column":11}},"loc":{"start":{"line":21,"column":30},"end":{"line":29,"column":3}},"line":21},"3":{"name":"(anonymous_3)","decl":{"start":{"line":30,"column":10},"end":{"line":30,"column":11}},"loc":{"start":{"line":30,"column":30},"end":{"line":40,"column":3}},"line":30},"4":{"name":"(anonymous_4)","decl":{"start":{"line":41,"column":10},"end":{"line":41,"column":11}},"loc":{"start":{"line":41,"column":30},"end":{"line":48,"column":3}},"line":41}},"branchMap":{},"s":{"0":15,"1":1,"2":1,"3":1,"4":2,"5":2,"6":1,"7":1,"8":1,"9":1,"10":1,"11":2,"12":2,"13":1,"14":1,"15":2,"16":2,"17":1,"18":1},"f":{"0":1,"1":2,"2":1,"3":2,"4":2},"b":{},"_coverageSchema":"1a1c01bbd47fc00a2c39e90264f33305004495a9","hash":"22125847c582e9df6de093020a5d5e7e3703fd17"}
,"/Users/ronyparra/Rony Developer/capacitor/backend/src/db/index.js": {"path":"/Users/ronyparra/Rony Developer/capacitor/backend/src/db/index.js","statementMap":{"0":{"start":{"line":1,"column":17},"end":{"line":1,"column":37}},"1":{"start":{"line":2,"column":20},"end":{"line":8,"column":2}},"2":{"start":{"line":11,"column":4},"end":{"line":11,"column":46}}},"fnMap":{"0":{"name":"(anonymous_0)","decl":{"start":{"line":10,"column":9},"end":{"line":10,"column":10}},"loc":{"start":{"line":10,"column":37},"end":{"line":12,"column":3}},"line":10}},"branchMap":{},"s":{"0":19,"1":19,"2":131},"f":{"0":131},"b":{},"_coverageSchema":"1a1c01bbd47fc00a2c39e90264f33305004495a9","hash":"4264e37db0fc3e9eb6e5448ee428601cb2872ba7"}
,"/Users/ronyparra/Rony Developer/capacitor/backend/src/middlewares/auth.js": {"path":"/Users/ronyparra/Rony Developer/capacitor/backend/src/middlewares/auth.js","statementMap":{"0":{"start":{"line":3,"column":22},"end":{"line":20,"column":1}},"1":{"start":{"line":4,"column":2},"end":{"line":4,"column":53}},"2":{"start":{"line":4,"column":33},"end":{"line":4,"column":53}},"3":{"start":{"line":5,"column":16},"end":{"line":5,"column":61}},"4":{"start":{"line":6,"column":2},"end":{"line":19,"column":3}},"5":{"start":{"line":7,"column":20},"end":{"line":9,"column":5}},"6":{"start":{"line":10,"column":4},"end":{"line":16,"column":5}},"7":{"start":{"line":11,"column":21},"end":{"line":11,"column":71}},"8":{"start":{"line":12,"column":6},"end":{"line":12,"column":27}},"9":{"start":{"line":13,"column":6},"end":{"line":13,"column":13}},"10":{"start":{"line":15,"column":6},"end":{"line":15,"column":26}},"11":{"start":{"line":18,"column":4},"end":{"line":18,"column":24}}},"fnMap":{"0":{"name":"(anonymous_0)","decl":{"start":{"line":3,"column":22},"end":{"line":3,"column":23}},"loc":{"start":{"line":3,"column":42},"end":{"line":20,"column":1}},"line":3}},"branchMap":{"0":{"loc":{"start":{"line":4,"column":2},"end":{"line":4,"column":53}},"type":"if","locations":[{"start":{"line":4,"column":2},"end":{"line":4,"column":53}},{"start":{"line":4,"column":2},"end":{"line":4,"column":53}}],"line":4},"1":{"loc":{"start":{"line":6,"column":2},"end":{"line":19,"column":3}},"type":"if","locations":[{"start":{"line":6,"column":2},"end":{"line":19,"column":3}},{"start":{"line":6,"column":2},"end":{"line":19,"column":3}}],"line":6}},"s":{"0":15,"1":162,"2":1,"3":162,"4":161,"5":160,"6":160,"7":160,"8":159,"9":159,"10":1,"11":1},"f":{"0":162},"b":{"0":[1,161],"1":[160,1]},"_coverageSchema":"1a1c01bbd47fc00a2c39e90264f33305004495a9","hash":"c1af5d4bb2d1d30cc892464f9b29ba5e58dbbad6"}
,"/Users/ronyparra/Rony Developer/capacitor/backend/src/middlewares/validators/actividad.validator.js": {"path":"/Users/ronyparra/Rony Developer/capacitor/backend/src/middlewares/validators/actividad.validator.js","statementMap":{"0":{"start":{"line":3,"column":27},"end":{"line":32,"column":1}},"1":{"start":{"line":20,"column":21},"end":{"line":20,"column":42}},"2":{"start":{"line":21,"column":6},"end":{"line":28,"column":7}},"3":{"start":{"line":22,"column":30},"end":{"line":24,"column":10}},"4":{"start":{"line":23,"column":10},"end":{"line":23,"column":29}},"5":{"start":{"line":25,"column":8},"end":{"line":27,"column":11}},"6":{"start":{"line":29,"column":6},"end":{"line":29,"column":13}}},"fnMap":{"0":{"name":"(anonymous_0)","decl":{"start":{"line":19,"column":4},"end":{"line":19,"column":5}},"loc":{"start":{"line":19,"column":24},"end":{"line":30,"column":5}},"line":19},"1":{"name":"(anonymous_1)","decl":{"start":{"line":22,"column":49},"end":{"line":22,"column":50}},"loc":{"start":{"line":22,"column":60},"end":{"line":24,"column":9}},"line":22}},"branchMap":{"0":{"loc":{"start":{"line":21,"column":6},"end":{"line":28,"column":7}},"type":"if","locations":[{"start":{"line":21,"column":6},"end":{"line":28,"column":7}},{"start":{"line":21,"column":6},"end":{"line":28,"column":7}}],"line":21}},"s":{"0":15,"1":9,"2":9,"3":1,"4":1,"5":1,"6":8},"f":{"0":9,"1":1},"b":{"0":[1,8]},"_coverageSchema":"1a1c01bbd47fc00a2c39e90264f33305004495a9","hash":"631cf98680d63bd6ca54ccc300b3471dcf4a2781"}
,"/Users/ronyparra/Rony Developer/capacitor/backend/src/middlewares/validators/archivo.validator.js": {"path":"/Users/ronyparra/Rony Developer/capacitor/backend/src/middlewares/validators/archivo.validator.js","statementMap":{"0":{"start":{"line":3,"column":25},"end":{"line":39,"column":1}},"1":{"start":{"line":27,"column":21},"end":{"line":27,"column":42}},"2":{"start":{"line":28,"column":6},"end":{"line":35,"column":7}},"3":{"start":{"line":29,"column":30},"end":{"line":31,"column":10}},"4":{"start":{"line":30,"column":10},"end":{"line":30,"column":56}},"5":{"start":{"line":32,"column":8},"end":{"line":34,"column":11}},"6":{"start":{"line":36,"column":6},"end":{"line":36,"column":13}}},"fnMap":{"0":{"name":"(anonymous_0)","decl":{"start":{"line":26,"column":4},"end":{"line":26,"column":5}},"loc":{"start":{"line":26,"column":24},"end":{"line":37,"column":5}},"line":26},"1":{"name":"(anonymous_1)","decl":{"start":{"line":29,"column":49},"end":{"line":29,"column":50}},"loc":{"start":{"line":29,"column":60},"end":{"line":31,"column":9}},"line":29}},"branchMap":{"0":{"loc":{"start":{"line":28,"column":6},"end":{"line":35,"column":7}},"type":"if","locations":[{"start":{"line":28,"column":6},"end":{"line":35,"column":7}},{"start":{"line":28,"column":6},"end":{"line":35,"column":7}}],"line":28}},"s":{"0":15,"1":5,"2":5,"3":1,"4":1,"5":1,"6":4},"f":{"0":5,"1":1},"b":{"0":[1,4]},"_coverageSchema":"1a1c01bbd47fc00a2c39e90264f33305004495a9","hash":"9d2b6dadc3f98925c84d16c2eee333b333249936"}
,"/Users/ronyparra/Rony Developer/capacitor/backend/src/middlewares/validators/auth.validator.js": {"path":"/Users/ronyparra/Rony Developer/capacitor/backend/src/middlewares/validators/auth.validator.js","statementMap":{"0":{"start":{"line":3,"column":22},"end":{"line":28,"column":1}},"1":{"start":{"line":16,"column":21},"end":{"line":16,"column":42}},"2":{"start":{"line":17,"column":6},"end":{"line":24,"column":7}},"3":{"start":{"line":18,"column":30},"end":{"line":20,"column":10}},"4":{"start":{"line":19,"column":10},"end":{"line":19,"column":56}},"5":{"start":{"line":21,"column":8},"end":{"line":23,"column":11}},"6":{"start":{"line":25,"column":6},"end":{"line":25,"column":13}}},"fnMap":{"0":{"name":"(anonymous_0)","decl":{"start":{"line":15,"column":4},"end":{"line":15,"column":5}},"loc":{"start":{"line":15,"column":24},"end":{"line":26,"column":5}},"line":15},"1":{"name":"(anonymous_1)","decl":{"start":{"line":18,"column":49},"end":{"line":18,"column":50}},"loc":{"start":{"line":18,"column":60},"end":{"line":20,"column":9}},"line":18}},"branchMap":{"0":{"loc":{"start":{"line":17,"column":6},"end":{"line":24,"column":7}},"type":"if","locations":[{"start":{"line":17,"column":6},"end":{"line":24,"column":7}},{"start":{"line":17,"column":6},"end":{"line":24,"column":7}}],"line":17}},"s":{"0":15,"1":19,"2":19,"3":1,"4":1,"5":1,"6":18},"f":{"0":19,"1":1},"b":{"0":[1,18]},"_coverageSchema":"1a1c01bbd47fc00a2c39e90264f33305004495a9","hash":"5ca9dbf229d60a082198a777a216315e60ba1c79"}
,"/Users/ronyparra/Rony Developer/capacitor/backend/src/middlewares/validators/categoria.validator.js": {"path":"/Users/ronyparra/Rony Developer/capacitor/backend/src/middlewares/validators/categoria.validator.js","statementMap":{"0":{"start":{"line":3,"column":27},"end":{"line":24,"column":1}},"1":{"start":{"line":12,"column":21},"end":{"line":12,"column":42}},"2":{"start":{"line":13,"column":6},"end":{"line":20,"column":7}},"3":{"start":{"line":14,"column":30},"end":{"line":16,"column":10}},"4":{"start":{"line":15,"column":10},"end":{"line":15,"column":56}},"5":{"start":{"line":17,"column":8},"end":{"line":19,"column":11}},"6":{"start":{"line":21,"column":6},"end":{"line":21,"column":13}}},"fnMap":{"0":{"name":"(anonymous_0)","decl":{"start":{"line":11,"column":4},"end":{"line":11,"column":5}},"loc":{"start":{"line":11,"column":24},"end":{"line":22,"column":5}},"line":11},"1":{"name":"(anonymous_1)","decl":{"start":{"line":14,"column":49},"end":{"line":14,"column":50}},"loc":{"start":{"line":14,"column":60},"end":{"line":16,"column":9}},"line":14}},"branchMap":{"0":{"loc":{"start":{"line":13,"column":6},"end":{"line":20,"column":7}},"type":"if","locations":[{"start":{"line":13,"column":6},"end":{"line":20,"column":7}},{"start":{"line":13,"column":6},"end":{"line":20,"column":7}}],"line":13}},"s":{"0":15,"1":4,"2":4,"3":1,"4":1,"5":1,"6":3},"f":{"0":4,"1":1},"b":{"0":[1,3]},"_coverageSchema":"1a1c01bbd47fc00a2c39e90264f33305004495a9","hash":"0d5f3ac615e4c0d6adb5f42436b7ccec00a77203"}
,"/Users/ronyparra/Rony Developer/capacitor/backend/src/middlewares/validators/cliente.validator.js": {"path":"/Users/ronyparra/Rony Developer/capacitor/backend/src/middlewares/validators/cliente.validator.js","statementMap":{"0":{"start":{"line":3,"column":25},"end":{"line":25,"column":1}},"1":{"start":{"line":13,"column":21},"end":{"line":13,"column":42}},"2":{"start":{"line":14,"column":6},"end":{"line":21,"column":7}},"3":{"start":{"line":15,"column":30},"end":{"line":17,"column":10}},"4":{"start":{"line":16,"column":10},"end":{"line":16,"column":56}},"5":{"start":{"line":18,"column":8},"end":{"line":20,"column":11}},"6":{"start":{"line":22,"column":6},"end":{"line":22,"column":13}}},"fnMap":{"0":{"name":"(anonymous_0)","decl":{"start":{"line":12,"column":4},"end":{"line":12,"column":5}},"loc":{"start":{"line":12,"column":24},"end":{"line":23,"column":5}},"line":12},"1":{"name":"(anonymous_1)","decl":{"start":{"line":15,"column":49},"end":{"line":15,"column":50}},"loc":{"start":{"line":15,"column":60},"end":{"line":17,"column":9}},"line":15}},"branchMap":{"0":{"loc":{"start":{"line":14,"column":6},"end":{"line":21,"column":7}},"type":"if","locations":[{"start":{"line":14,"column":6},"end":{"line":21,"column":7}},{"start":{"line":14,"column":6},"end":{"line":21,"column":7}}],"line":14}},"s":{"0":15,"1":8,"2":8,"3":1,"4":1,"5":1,"6":7},"f":{"0":8,"1":1},"b":{"0":[1,7]},"_coverageSchema":"1a1c01bbd47fc00a2c39e90264f33305004495a9","hash":"fa47a12458e630c8564bd20c24a8aea52c94daca"}
,"/Users/ronyparra/Rony Developer/capacitor/backend/src/middlewares/validators/cobro.validator.js": {"path":"/Users/ronyparra/Rony Developer/capacitor/backend/src/middlewares/validators/cobro.validator.js","statementMap":{"0":{"start":{"line":3,"column":23},"end":{"line":34,"column":1}},"1":{"start":{"line":22,"column":21},"end":{"line":22,"column":42}},"2":{"start":{"line":23,"column":6},"end":{"line":30,"column":7}},"3":{"start":{"line":24,"column":30},"end":{"line":26,"column":10}},"4":{"start":{"line":25,"column":10},"end":{"line":25,"column":27}},"5":{"start":{"line":27,"column":8},"end":{"line":29,"column":11}},"6":{"start":{"line":31,"column":6},"end":{"line":31,"column":13}}},"fnMap":{"0":{"name":"(anonymous_0)","decl":{"start":{"line":21,"column":4},"end":{"line":21,"column":5}},"loc":{"start":{"line":21,"column":24},"end":{"line":32,"column":5}},"line":21},"1":{"name":"(anonymous_1)","decl":{"start":{"line":24,"column":49},"end":{"line":24,"column":50}},"loc":{"start":{"line":24,"column":60},"end":{"line":26,"column":9}},"line":24}},"branchMap":{"0":{"loc":{"start":{"line":23,"column":6},"end":{"line":30,"column":7}},"type":"if","locations":[{"start":{"line":23,"column":6},"end":{"line":30,"column":7}},{"start":{"line":23,"column":6},"end":{"line":30,"column":7}}],"line":23}},"s":{"0":15,"1":4,"2":4,"3":1,"4":3,"5":1,"6":3},"f":{"0":4,"1":3},"b":{"0":[1,3]},"_coverageSchema":"1a1c01bbd47fc00a2c39e90264f33305004495a9","hash":"eda97ae1305370d5939de5e8e49fd335117a8085"}
,"/Users/ronyparra/Rony Developer/capacitor/backend/src/middlewares/validators/concepto.validator.js": {"path":"/Users/ronyparra/Rony Developer/capacitor/backend/src/middlewares/validators/concepto.validator.js","statementMap":{"0":{"start":{"line":3,"column":26},"end":{"line":35,"column":1}},"1":{"start":{"line":23,"column":21},"end":{"line":23,"column":42}},"2":{"start":{"line":24,"column":6},"end":{"line":31,"column":7}},"3":{"start":{"line":25,"column":30},"end":{"line":27,"column":10}},"4":{"start":{"line":26,"column":10},"end":{"line":26,"column":56}},"5":{"start":{"line":28,"column":8},"end":{"line":30,"column":11}},"6":{"start":{"line":32,"column":6},"end":{"line":32,"column":13}}},"fnMap":{"0":{"name":"(anonymous_0)","decl":{"start":{"line":22,"column":4},"end":{"line":22,"column":5}},"loc":{"start":{"line":22,"column":24},"end":{"line":33,"column":5}},"line":22},"1":{"name":"(anonymous_1)","decl":{"start":{"line":25,"column":49},"end":{"line":25,"column":50}},"loc":{"start":{"line":25,"column":60},"end":{"line":27,"column":9}},"line":25}},"branchMap":{"0":{"loc":{"start":{"line":24,"column":6},"end":{"line":31,"column":7}},"type":"if","locations":[{"start":{"line":24,"column":6},"end":{"line":31,"column":7}},{"start":{"line":24,"column":6},"end":{"line":31,"column":7}}],"line":24}},"s":{"0":15,"1":5,"2":5,"3":1,"4":1,"5":1,"6":4},"f":{"0":5,"1":1},"b":{"0":[1,4]},"_coverageSchema":"1a1c01bbd47fc00a2c39e90264f33305004495a9","hash":"ed844596fdea0ab1772f88ac2535047e74223a8a"}
,"/Users/ronyparra/Rony Developer/capacitor/backend/src/middlewares/validators/folder.validator.js": {"path":"/Users/ronyparra/Rony Developer/capacitor/backend/src/middlewares/validators/folder.validator.js","statementMap":{"0":{"start":{"line":3,"column":24},"end":{"line":24,"column":1}},"1":{"start":{"line":12,"column":21},"end":{"line":12,"column":42}},"2":{"start":{"line":13,"column":6},"end":{"line":20,"column":7}},"3":{"start":{"line":14,"column":30},"end":{"line":16,"column":10}},"4":{"start":{"line":15,"column":10},"end":{"line":15,"column":56}},"5":{"start":{"line":17,"column":8},"end":{"line":19,"column":11}},"6":{"start":{"line":21,"column":6},"end":{"line":21,"column":13}}},"fnMap":{"0":{"name":"(anonymous_0)","decl":{"start":{"line":11,"column":4},"end":{"line":11,"column":5}},"loc":{"start":{"line":11,"column":24},"end":{"line":22,"column":5}},"line":11},"1":{"name":"(anonymous_1)","decl":{"start":{"line":14,"column":49},"end":{"line":14,"column":50}},"loc":{"start":{"line":14,"column":60},"end":{"line":16,"column":9}},"line":14}},"branchMap":{"0":{"loc":{"start":{"line":13,"column":6},"end":{"line":20,"column":7}},"type":"if","locations":[{"start":{"line":13,"column":6},"end":{"line":20,"column":7}},{"start":{"line":13,"column":6},"end":{"line":20,"column":7}}],"line":13}},"s":{"0":15,"1":4,"2":4,"3":1,"4":1,"5":1,"6":3},"f":{"0":4,"1":1},"b":{"0":[1,3]},"_coverageSchema":"1a1c01bbd47fc00a2c39e90264f33305004495a9","hash":"20f7149711b92dbd10fa9d0c12aace1fa3191059"}
,"/Users/ronyparra/Rony Developer/capacitor/backend/src/middlewares/validators/pendiente.validator.js": {"path":"/Users/ronyparra/Rony Developer/capacitor/backend/src/middlewares/validators/pendiente.validator.js","statementMap":{"0":{"start":{"line":3,"column":27},"end":{"line":26,"column":1}},"1":{"start":{"line":14,"column":21},"end":{"line":14,"column":42}},"2":{"start":{"line":15,"column":6},"end":{"line":22,"column":7}},"3":{"start":{"line":16,"column":30},"end":{"line":18,"column":10}},"4":{"start":{"line":17,"column":10},"end":{"line":17,"column":29}},"5":{"start":{"line":19,"column":8},"end":{"line":21,"column":11}},"6":{"start":{"line":23,"column":6},"end":{"line":23,"column":13}}},"fnMap":{"0":{"name":"(anonymous_0)","decl":{"start":{"line":13,"column":4},"end":{"line":13,"column":5}},"loc":{"start":{"line":13,"column":24},"end":{"line":24,"column":5}},"line":13},"1":{"name":"(anonymous_1)","decl":{"start":{"line":16,"column":49},"end":{"line":16,"column":50}},"loc":{"start":{"line":16,"column":60},"end":{"line":18,"column":9}},"line":16}},"branchMap":{"0":{"loc":{"start":{"line":15,"column":6},"end":{"line":22,"column":7}},"type":"if","locations":[{"start":{"line":15,"column":6},"end":{"line":22,"column":7}},{"start":{"line":15,"column":6},"end":{"line":22,"column":7}}],"line":15}},"s":{"0":15,"1":7,"2":7,"3":1,"4":1,"5":1,"6":6},"f":{"0":7,"1":1},"b":{"0":[1,6]},"_coverageSchema":"1a1c01bbd47fc00a2c39e90264f33305004495a9","hash":"20f9c23d8c8267fab1c6f878accfa94599ef768a"}
,"/Users/ronyparra/Rony Developer/capacitor/backend/src/middlewares/validators/tipo_pendiente.validator.js": {"path":"/Users/ronyparra/Rony Developer/capacitor/backend/src/middlewares/validators/tipo_pendiente.validator.js","statementMap":{"0":{"start":{"line":3,"column":31},"end":{"line":25,"column":1}},"1":{"start":{"line":13,"column":21},"end":{"line":13,"column":42}},"2":{"start":{"line":14,"column":6},"end":{"line":21,"column":7}},"3":{"start":{"line":15,"column":30},"end":{"line":17,"column":10}},"4":{"start":{"line":16,"column":10},"end":{"line":16,"column":56}},"5":{"start":{"line":18,"column":8},"end":{"line":20,"column":11}},"6":{"start":{"line":22,"column":6},"end":{"line":22,"column":13}}},"fnMap":{"0":{"name":"(anonymous_0)","decl":{"start":{"line":12,"column":4},"end":{"line":12,"column":5}},"loc":{"start":{"line":12,"column":24},"end":{"line":23,"column":5}},"line":12},"1":{"name":"(anonymous_1)","decl":{"start":{"line":15,"column":49},"end":{"line":15,"column":50}},"loc":{"start":{"line":15,"column":60},"end":{"line":17,"column":9}},"line":15}},"branchMap":{"0":{"loc":{"start":{"line":14,"column":6},"end":{"line":21,"column":7}},"type":"if","locations":[{"start":{"line":14,"column":6},"end":{"line":21,"column":7}},{"start":{"line":14,"column":6},"end":{"line":21,"column":7}}],"line":14}},"s":{"0":15,"1":4,"2":4,"3":1,"4":1,"5":1,"6":3},"f":{"0":4,"1":1},"b":{"0":[1,3]},"_coverageSchema":"1a1c01bbd47fc00a2c39e90264f33305004495a9","hash":"73c0db251c5d731f787bfe1e474ed3843b67585e"}
,"/Users/ronyparra/Rony Developer/capacitor/backend/src/middlewares/validators/user.validator.js": {"path":"/Users/ronyparra/Rony Developer/capacitor/backend/src/middlewares/validators/user.validator.js","statementMap":{"0":{"start":{"line":3,"column":22},"end":{"line":71,"column":1}},"1":{"start":{"line":28,"column":21},"end":{"line":28,"column":42}},"2":{"start":{"line":29,"column":6},"end":{"line":36,"column":7}},"3":{"start":{"line":30,"column":30},"end":{"line":32,"column":10}},"4":{"start":{"line":31,"column":10},"end":{"line":31,"column":27}},"5":{"start":{"line":33,"column":8},"end":{"line":35,"column":11}},"6":{"start":{"line":37,"column":6},"end":{"line":37,"column":13}},"7":{"start":{"line":59,"column":21},"end":{"line":59,"column":42}},"8":{"start":{"line":60,"column":6},"end":{"line":67,"column":7}},"9":{"start":{"line":61,"column":30},"end":{"line":63,"column":10}},"10":{"start":{"line":62,"column":10},"end":{"line":62,"column":27}},"11":{"start":{"line":64,"column":8},"end":{"line":66,"column":11}},"12":{"start":{"line":68,"column":6},"end":{"line":68,"column":13}}},"fnMap":{"0":{"name":"(anonymous_0)","decl":{"start":{"line":27,"column":4},"end":{"line":27,"column":5}},"loc":{"start":{"line":27,"column":24},"end":{"line":38,"column":5}},"line":27},"1":{"name":"(anonymous_1)","decl":{"start":{"line":30,"column":49},"end":{"line":30,"column":50}},"loc":{"start":{"line":30,"column":60},"end":{"line":32,"column":9}},"line":30},"2":{"name":"(anonymous_2)","decl":{"start":{"line":58,"column":4},"end":{"line":58,"column":5}},"loc":{"start":{"line":58,"column":24},"end":{"line":69,"column":5}},"line":58},"3":{"name":"(anonymous_3)","decl":{"start":{"line":61,"column":49},"end":{"line":61,"column":50}},"loc":{"start":{"line":61,"column":60},"end":{"line":63,"column":9}},"line":61}},"branchMap":{"0":{"loc":{"start":{"line":29,"column":6},"end":{"line":36,"column":7}},"type":"if","locations":[{"start":{"line":29,"column":6},"end":{"line":36,"column":7}},{"start":{"line":29,"column":6},"end":{"line":36,"column":7}}],"line":29},"1":{"loc":{"start":{"line":60,"column":6},"end":{"line":67,"column":7}},"type":"if","locations":[{"start":{"line":60,"column":6},"end":{"line":67,"column":7}},{"start":{"line":60,"column":6},"end":{"line":67,"column":7}}],"line":60}},"s":{"0":15,"1":3,"2":3,"3":1,"4":1,"5":1,"6":2,"7":4,"8":4,"9":1,"10":1,"11":1,"12":3},"f":{"0":3,"1":1,"2":4,"3":1},"b":{"0":[1,2],"1":[1,3]},"_coverageSchema":"1a1c01bbd47fc00a2c39e90264f33305004495a9","hash":"e8e63e8bcabd5128e692d0598377008dd4d759e5"}
,"/Users/ronyparra/Rony Developer/capacitor/backend/src/middlewares/validators/usuaro_rol.validator.js": {"path":"/Users/ronyparra/Rony Developer/capacitor/backend/src/middlewares/validators/usuaro_rol.validator.js","statementMap":{"0":{"start":{"line":3,"column":30},"end":{"line":24,"column":1}},"1":{"start":{"line":12,"column":21},"end":{"line":12,"column":42}},"2":{"start":{"line":13,"column":6},"end":{"line":20,"column":7}},"3":{"start":{"line":14,"column":30},"end":{"line":16,"column":10}},"4":{"start":{"line":15,"column":10},"end":{"line":15,"column":56}},"5":{"start":{"line":17,"column":8},"end":{"line":19,"column":11}},"6":{"start":{"line":21,"column":6},"end":{"line":21,"column":13}}},"fnMap":{"0":{"name":"(anonymous_0)","decl":{"start":{"line":11,"column":4},"end":{"line":11,"column":5}},"loc":{"start":{"line":11,"column":24},"end":{"line":22,"column":5}},"line":11},"1":{"name":"(anonymous_1)","decl":{"start":{"line":14,"column":49},"end":{"line":14,"column":50}},"loc":{"start":{"line":14,"column":60},"end":{"line":16,"column":9}},"line":14}},"branchMap":{"0":{"loc":{"start":{"line":13,"column":6},"end":{"line":20,"column":7}},"type":"if","locations":[{"start":{"line":13,"column":6},"end":{"line":20,"column":7}},{"start":{"line":13,"column":6},"end":{"line":20,"column":7}}],"line":13}},"s":{"0":15,"1":4,"2":4,"3":1,"4":1,"5":1,"6":3},"f":{"0":4,"1":1},"b":{"0":[1,3]},"_coverageSchema":"1a1c01bbd47fc00a2c39e90264f33305004495a9","hash":"a02754cc13b4ab2a76b64260bee9dc2c217c835d"}
,"/Users/ronyparra/Rony Developer/capacitor/backend/src/routes/actividad.router.js": {"path":"/Users/ronyparra/Rony Developer/capacitor/backend/src/routes/actividad.router.js","statementMap":{"0":{"start":{"line":6,"column":15},"end":{"line":6,"column":23}},"1":{"start":{"line":8,"column":0},"end":{"line":8,"column":47}},"2":{"start":{"line":9,"column":0},"end":{"line":9,"column":54}},"3":{"start":{"line":10,"column":0},"end":{"line":10,"column":63}},"4":{"start":{"line":11,"column":0},"end":{"line":11,"column":76}},"5":{"start":{"line":12,"column":0},"end":{"line":12,"column":78}},"6":{"start":{"line":13,"column":0},"end":{"line":13,"column":56}}},"fnMap":{},"branchMap":{},"s":{"0":15,"1":15,"2":15,"3":15,"4":15,"5":15,"6":15},"f":{},"b":{},"_coverageSchema":"1a1c01bbd47fc00a2c39e90264f33305004495a9","hash":"acbc2c58b9450f5e8084ca2ad7e90c6552c14c1f"}
,"/Users/ronyparra/Rony Developer/capacitor/backend/src/routes/analytics.router.js": {"path":"/Users/ronyparra/Rony Developer/capacitor/backend/src/routes/analytics.router.js","statementMap":{"0":{"start":{"line":5,"column":15},"end":{"line":5,"column":23}},"1":{"start":{"line":7,"column":0},"end":{"line":7,"column":65}},"2":{"start":{"line":8,"column":0},"end":{"line":8,"column":66}},"3":{"start":{"line":9,"column":0},"end":{"line":9,"column":61}},"4":{"start":{"line":10,"column":0},"end":{"line":10,"column":63}},"5":{"start":{"line":11,"column":0},"end":{"line":11,"column":61}},"6":{"start":{"line":12,"column":0},"end":{"line":12,"column":65}},"7":{"start":{"line":13,"column":0},"end":{"line":13,"column":60}},"8":{"start":{"line":14,"column":0},"end":{"line":14,"column":71}}},"fnMap":{},"branchMap":{},"s":{"0":15,"1":15,"2":15,"3":15,"4":15,"5":15,"6":15,"7":15,"8":15},"f":{},"b":{},"_coverageSchema":"1a1c01bbd47fc00a2c39e90264f33305004495a9","hash":"c4a6d3842e85cb0232d42a82b3c60475fde4534b"}
,"/Users/ronyparra/Rony Developer/capacitor/backend/src/routes/archivo.router.js": {"path":"/Users/ronyparra/Rony Developer/capacitor/backend/src/routes/archivo.router.js","statementMap":{"0":{"start":{"line":6,"column":15},"end":{"line":6,"column":23}},"1":{"start":{"line":8,"column":0},"end":{"line":8,"column":45}},"2":{"start":{"line":9,"column":0},"end":{"line":9,"column":67}},"3":{"start":{"line":10,"column":0},"end":{"line":10,"column":52}},"4":{"start":{"line":11,"column":0},"end":{"line":11,"column":72}},"5":{"start":{"line":12,"column":0},"end":{"line":12,"column":74}},"6":{"start":{"line":13,"column":0},"end":{"line":13,"column":54}}},"fnMap":{},"branchMap":{},"s":{"0":15,"1":15,"2":15,"3":15,"4":15,"5":15,"6":15},"f":{},"b":{},"_coverageSchema":"1a1c01bbd47fc00a2c39e90264f33305004495a9","hash":"7d17891d3ca2328f4200f5bb440a3df66ba3d7d4"}
,"/Users/ronyparra/Rony Developer/capacitor/backend/src/routes/auth.router.js": {"path":"/Users/ronyparra/Rony Developer/capacitor/backend/src/routes/auth.router.js","statementMap":{"0":{"start":{"line":5,"column":15},"end":{"line":5,"column":23}},"1":{"start":{"line":7,"column":0},"end":{"line":7,"column":59}}},"fnMap":{},"branchMap":{},"s":{"0":15,"1":15},"f":{},"b":{},"_coverageSchema":"1a1c01bbd47fc00a2c39e90264f33305004495a9","hash":"cd85a097baa11f97c020df0900f35935cc77c96b"}
,"/Users/ronyparra/Rony Developer/capacitor/backend/src/routes/categoria.router.js": {"path":"/Users/ronyparra/Rony Developer/capacitor/backend/src/routes/categoria.router.js","statementMap":{"0":{"start":{"line":6,"column":15},"end":{"line":6,"column":23}},"1":{"start":{"line":8,"column":0},"end":{"line":8,"column":47}},"2":{"start":{"line":9,"column":0},"end":{"line":9,"column":54}},"3":{"start":{"line":10,"column":0},"end":{"line":10,"column":76}},"4":{"start":{"line":11,"column":0},"end":{"line":11,"column":78}},"5":{"start":{"line":12,"column":0},"end":{"line":12,"column":56}}},"fnMap":{},"branchMap":{},"s":{"0":15,"1":15,"2":15,"3":15,"4":15,"5":15},"f":{},"b":{},"_coverageSchema":"1a1c01bbd47fc00a2c39e90264f33305004495a9","hash":"96bdcdb67442544d4f1a172eff176cf7744c5652"}
,"/Users/ronyparra/Rony Developer/capacitor/backend/src/routes/cliente.router.js": {"path":"/Users/ronyparra/Rony Developer/capacitor/backend/src/routes/cliente.router.js","statementMap":{"0":{"start":{"line":6,"column":15},"end":{"line":6,"column":23}},"1":{"start":{"line":8,"column":0},"end":{"line":8,"column":45}},"2":{"start":{"line":9,"column":0},"end":{"line":9,"column":52}},"3":{"start":{"line":10,"column":0},"end":{"line":10,"column":72}},"4":{"start":{"line":11,"column":0},"end":{"line":11,"column":74}},"5":{"start":{"line":12,"column":0},"end":{"line":12,"column":54}}},"fnMap":{},"branchMap":{},"s":{"0":15,"1":15,"2":15,"3":15,"4":15,"5":15},"f":{},"b":{},"_coverageSchema":"1a1c01bbd47fc00a2c39e90264f33305004495a9","hash":"f5e44c7b2866a4dcae4374c602f75b00d4848b50"}
,"/Users/ronyparra/Rony Developer/capacitor/backend/src/routes/cobro.router.js": {"path":"/Users/ronyparra/Rony Developer/capacitor/backend/src/routes/cobro.router.js","statementMap":{"0":{"start":{"line":6,"column":15},"end":{"line":6,"column":23}},"1":{"start":{"line":8,"column":0},"end":{"line":8,"column":43}},"2":{"start":{"line":9,"column":0},"end":{"line":9,"column":50}},"3":{"start":{"line":10,"column":0},"end":{"line":10,"column":70}},"4":{"start":{"line":11,"column":0},"end":{"line":11,"column":52}}},"fnMap":{},"branchMap":{},"s":{"0":15,"1":15,"2":15,"3":15,"4":15},"f":{},"b":{},"_coverageSchema":"1a1c01bbd47fc00a2c39e90264f33305004495a9","hash":"67262dc241714d3ca781bb35c133aa863c08e911"}
[...]
,"/Users/ronyparra/Rony Developer/capacitor/backend/src/services/auth.service/index.js": {"path":"/Users/ronyparra/Rony Developer/capacitor/backend/src/services/auth.service/index.js","statementMap":{},"fnMap":{},"branchMap":{},"s":{},"f":{},"b":{},"_coverageSchema":"1a1c01bbd47fc00a2c39e90264f33305004495a9","hash":"5f2d969ca58c2094b4b7798630705a0dc0416930"}
,"/Users/ronyparra/Rony Developer/capacitor/backend/src/services/cobro.service/crud.service.js": {"path":"/Users/ronyparra/Rony Developer/capacitor/backend/src/services/cobro.service/crud.service.js","statementMap":{"0":{"start":{"line":4,"column":22},"end":{"line":46,"column":1}},"1":{"start":{"line":14,"column":17},"end":{"line":14,"column":37}},"2":{"start":{"line":15,"column":2},"end":{"line":45,"column":3}},"3":{"start":{"line":16,"column":4},"end":{"line":16,"column":32}},"4":{"start":{"line":17,"column":20},"end":{"line":36,"column":5}},"5":{"start":{"line":37,"column":4},"end":{"line":37,"column":74}},"6":{"start":{"line":38,"column":4},"end":{"line":38,"column":33}},"7":{"start":{"line":39,"column":4},"end":{"line":39,"column":24}},"8":{"start":{"line":41,"column":4},"end":{"line":41,"column":35}},"9":{"start":{"line":42,"column":4},"end":{"line":42,"column":12}},"10":{"start":{"line":44,"column":4},"end":{"line":44,"column":21}},"11":{"start":{"line":47,"column":21},"end":{"line":71,"column":1}},"12":{"start":{"line":48,"column":17},"end":{"line":48,"column":37}},"13":{"start":{"line":49,"column":2},"end":{"line":70,"column":3}},"14":{"start":{"line":50,"column":4},"end":{"line":50,"column":32}},"15":{"start":{"line":51,"column":28},"end":{"line":54,"column":5}},"16":{"start":{"line":55,"column":4},"end":{"line":55,"column":67}},"17":{"start":{"line":56,"column":4},"end":{"line":58,"column":7}},"18":{"start":{"line":59,"column":20},"end":{"line":62,"column":5}},"19":{"start":{"line":63,"column":4},"end":{"line":63,"column":33}},"20":{"start":{"line":64,"column":4},"end":{"line":64,"column":24}},"21":{"start":{"line":66,"column":4},"end":{"line":66,"column":35}},"22":{"start":{"line":67,"column":4},"end":{"line":67,"column":12}},"23":{"start":{"line":69,"column":4},"end":{"line":69,"column":21}}},"fnMap":{"0":{"name":"(anonymous_0)","decl":{"start":{"line":4,"column":22},"end":{"line":4,"column":23}},"loc":{"start":{"line":13,"column":6},"end":{"line":46,"column":1}},"line":13},"1":{"name":"(anonymous_1)","decl":{"start":{"line":47,"column":21},"end":{"line":47,"column":22}},"loc":{"start":{"line":47,"column":35},"end":{"line":71,"column":1}},"line":47}},"branchMap":{},"s":{"0":15,"1":3,"2":3,"3":3,"4":3,"5":2,"6":2,"7":2,"8":1,"9":1,"10":3,"11":15,"12":4,"13":4,"14":4,"15":4,"16":3,"17":3,"18":3,"19":3,"20":3,"21":1,"22":1,"23":4},"f":{"0":3,"1":4},"b":{},"_coverageSchema":"1a1c01bbd47fc00a2c39e90264f33305004495a9","hash":"4470bd88ea95631dbacb24b3779f64ec4f89150a"}
,"/Users/ronyparra/Rony Developer/capacitor/backend/src/services/cobro.service/fetch.service.js": {"path":"/Users/ronyparra/Rony Developer/capacitor/backend/src/services/cobro.service/fetch.service.js","statementMap":{"0":{"start":{"line":3,"column":14},"end":{"line":43,"column":1}},"1":{"start":{"line":45,"column":22},"end":{"line":54,"column":1}},"2":{"start":{"line":46,"column":2},"end":{"line":53,"column":3}},"3":{"start":{"line":47,"column":20},"end":{"line":49,"column":5}},"4":{"start":{"line":50,"column":4},"end":{"line":50,"column":43}},"5":{"start":{"line":50,"column":35},"end":{"line":50,"column":41}},"6":{"start":{"line":52,"column":4},"end":{"line":52,"column":12}},"7":{"start":{"line":55,"column":23},"end":{"line":62,"column":1}},"8":{"start":{"line":56,"column":2},"end":{"line":61,"column":3}},"9":{"start":{"line":57,"column":20},"end":{"line":57,"column":79}},"10":{"start":{"line":58,"column":4},"end":{"line":58,"column":32}},"11":{"start":{"line":60,"column":4},"end":{"line":60,"column":12}},"12":{"start":{"line":64,"column":23},"end":{"line":83,"column":1}},"13":{"start":{"line":71,"column":24},"end":{"line":71,"column":77}},"14":{"start":{"line":72,"column":24},"end":{"line":72,"column":74}},"15":{"start":{"line":73,"column":22},"end":{"line":73,"column":81}},"16":{"start":{"line":74,"column":23},"end":{"line":76,"column":10}},"17":{"start":{"line":77,"column":17},"end":{"line":81,"column":5}},"18":{"start":{"line":82,"column":2},"end":{"line":82,"column":16}}},"fnMap":{"0":{"name":"(anonymous_0)","decl":{"start":{"line":45,"column":22},"end":{"line":45,"column":23}},"loc":{"start":{"line":45,"column":41},"end":{"line":54,"column":1}},"line":45},"1":{"name":"(anonymous_1)","decl":{"start":{"line":50,"column":28},"end":{"line":50,"column":29}},"loc":{"start":{"line":50,"column":35},"end":{"line":50,"column":41}},"line":50},"2":{"name":"(anonymous_2)","decl":{"start":{"line":55,"column":23},"end":{"line":55,"column":24}},"loc":{"start":{"line":55,"column":37},"end":{"line":62,"column":1}},"line":55},"3":{"name":"(anonymous_3)","decl":{"start":{"line":64,"column":23},"end":{"line":64,"column":24}},"loc":{"start":{"line":70,"column":6},"end":{"line":83,"column":1}},"line":70}},"branchMap":{"0":{"loc":{"start":{"line":71,"column":24},"end":{"line":71,"column":77}},"type":"cond-expr","locations":[{"start":{"line":71,"column":36},"end":{"line":71,"column":70}},{"start":{"line":71,"column":73},"end":{"line":71,"column":77}}],"line":71},"1":{"loc":{"start":{"line":72,"column":24},"end":{"line":72,"column":74}},"type":"cond-expr","locations":[{"start":{"line":72,"column":36},"end":{"line":72,"column":67}},{"start":{"line":72,"column":70},"end":{"line":72,"column":74}}],"line":72},"2":{"loc":{"start":{"line":74,"column":23},"end":{"line":76,"column":10}},"type":"cond-expr","locations":[{"start":{"line":75,"column":6},"end":{"line":75,"column":40}},{"start":{"line":76,"column":6},"end":{"line":76,"column":10}}],"line":74},"3":{"loc":{"start":{"line":78,"column":4},"end":{"line":78,"column":47}},"type":"cond-expr","locations":[{"start":{"line":78,"column":20},"end":{"line":78,"column":42}},{"start":{"line":78,"column":45},"end":{"line":78,"column":47}}],"line":78},"4":{"loc":{"start":{"line":79,"column":6},"end":{"line":79,"column":47}},"type":"cond-expr","locations":[{"start":{"line":79,"column":21},"end":{"line":79,"column":42}},{"start":{"line":79,"column":45},"end":{"line":79,"column":47}}],"line":79},"5":{"loc":{"start":{"line":80,"column":4},"end":{"line":80,"column":47}},"type":"cond-expr","locations":[{"start":{"line":80,"column":20},"end":{"line":80,"column":42}},{"start":{"line":80,"column":45},"end":{"line":80,"column":47}}],"line":80}},"s":{"0":15,"1":15,"2":3,"3":3,"4":2,"5":5,"6":1,"7":15,"8":3,"9":3,"10":2,"11":1,"12":15,"13":3,"14":3,"15":3,"16":3,"17":3,"18":3},"f":{"0":3,"1":5,"2":3,"3":3},"b":{"0":[1,2],"1":[1,2],"2":[1,2],"3":[1,2],"4":[1,2],"5":[1,2]},"_coverageSchema":"1a1c01bbd47fc00a2c39e90264f33305004495a9","hash":"62e9164ad4e7a74ab53b8c366f59da15bacbf62d"}
,"/Users/ronyparra/Rony Developer/capacitor/backend/src/services/cobro.service/formatter.js": {"path":"/Users/ronyparra/Rony Developer/capacitor/backend/src/services/cobro.service/formatter.js","statementMap":{"0":{"start":{"line":1,"column":33},"end":{"line":5,"column":3}},"1":{"start":{"line":2,"column":4},"end":{"line":4,"column":10}},"2":{"start":{"line":3,"column":6},"end":{"line":3,"column":124}}},"fnMap":{"0":{"name":"(anonymous_0)","decl":{"start":{"line":1,"column":33},"end":{"line":1,"column":34}},"loc":{"start":{"line":1,"column":60},"end":{"line":5,"column":3}},"line":1},"1":{"name":"(anonymous_1)","decl":{"start":{"line":2,"column":26},"end":{"line":2,"column":27}},"loc":{"start":{"line":2,"column":38},"end":{"line":4,"column":5}},"line":2}},"branchMap":{},"s":{"0":15,"1":5,"2":5},"f":{"0":5,"1":5},"b":{},"_coverageSchema":"1a1c01bbd47fc00a2c39e90264f33305004495a9","hash":"45ea739af739f888567085b39314bbd4134bc598"}
,"/Users/ronyparra/Rony Developer/capacitor/backend/src/services/cobro.service/index.js": {"path":"/Users/ronyparra/Rony Developer/capacitor/backend/src/services/cobro.service/index.js","statementMap":{},"fnMap":{},"branchMap":{},"s":{},"f":{},"b":{},"_coverageSchema":"1a1c01bbd47fc00a2c39e90264f33305004495a9","hash":"6c8cbb49891e5ca4cb6c3111c733285cffa89f9f"}
,"/Users/ronyparra/Rony Developer/capacitor/backend/src/services/pendiente.service/crud.service.js": {"path":"/Users/ronyparra/Rony Developer/capacitor/backend/src/services/pendiente.service/crud.service.js","statementMap":{"0":{"start":{"line":3,"column":14},"end":{"line":28,"column":53}},"1":{"start":{"line":30,"column":22},"end":{"line":35,"column":1}},"2":{"start":{"line":31,"column":20},"end":{"line":33,"column":5}},"3":{"start":{"line":34,"column":4},"end":{"line":34,"column":43}},"4":{"start":{"line":34,"column":35},"end":{"line":34,"column":41}},"5":{"start":{"line":36,"column":23},"end":{"line":43,"column":1}},"6":{"start":{"line":37,"column":2},"end":{"line":42,"column":3}},"7":{"start":{"line":38,"column":20},"end":{"line":38,"column":76}},"8":{"start":{"line":39,"column":4},"end":{"line":39,"column":32}},"9":{"start":{"line":41,"column":4},"end":{"line":41,"column":12}},"10":{"start":{"line":44,"column":22},"end":{"line":72,"column":1}},"11":{"start":{"line":50,"column":17},"end":{"line":50,"column":37}},"12":{"start":{"line":51,"column":2},"end":{"line":71,"column":3}},"13":{"start":{"line":52,"column":4},"end":{"line":52,"column":32}},"14":{"start":{"line":53,"column":20},"end":{"line":56,"column":5}},"15":{"start":{"line":57,"column":4},"end":{"line":63,"column":5}},"16":{"start":{"line":58,"column":26},"end":{"line":58,"column":53}},"17":{"start":{"line":59,"column":29},"end":{"line":61,"column":7}},"18":{"start":{"line":62,"column":6},"end":{"line":62,"column":62}},"19":{"start":{"line":64,"column":4},"end":{"line":64,"column":33}},"20":{"start":{"line":65,"column":4},"end":{"line":65,"column":24}},"21":{"start":{"line":67,"column":4},"end":{"line":67,"column":35}},"22":{"start":{"line":68,"column":4},"end":{"line":68,"column":12}},"23":{"start":{"line":70,"column":4},"end":{"line":70,"column":21}},"24":{"start":{"line":74,"column":28},"end":{"line":83,"column":1}},"25":{"start":{"line":75,"column":2},"end":{"line":82,"column":3}},"26":{"start":{"line":76,"column":19},"end":{"line":79,"column":5}},"27":{"start":{"line":81,"column":4},"end":{"line":81,"column":12}},"28":{"start":{"line":85,"column":22},"end":{"line":117,"column":1}},"29":{"start":{"line":92,"column":17},"end":{"line":92,"column":37}},"30":{"start":{"line":93,"column":2},"end":{"line":116,"column":3}},"31":{"start":{"line":94,"column":4},"end":{"line":94,"column":32}},"32":{"start":{"line":95,"column":20},"end":{"line":98,"column":5}},"33":{"start":{"line":100,"column":4},"end":{"line":102,"column":7}},"34":{"start":{"line":103,"column":4},"end":{"line":108,"column":5}},"35":{"start":{"line":104,"column":29},"end":{"line":106,"column":7}},"36":{"start":{"line":107,"column":6},"end":{"line":107,"column":62}},"37":{"start":{"line":109,"column":4},"end":{"line":109,"column":33}},"38":{"start":{"line":110,"column":4},"end":{"line":110,"column":24}},"39":{"start":{"line":112,"column":4},"end":{"line":112,"column":35}},"40":{"start":{"line":113,"column":4},"end":{"line":113,"column":12}},"41":{"start":{"line":115,"column":4},"end":{"line":115,"column":21}},"42":{"start":{"line":118,"column":21},"end":{"line":137,"column":1}},"43":{"start":{"line":119,"column":17},"end":{"line":119,"column":37}},"44":{"start":{"line":120,"column":2},"end":{"line":136,"column":3}},"45":{"start":{"line":121,"column":4},"end":{"line":121,"column":32}},"46":{"start":{"line":122,"column":4},"end":{"line":124,"column":7}},"47":{"start":{"line":125,"column":20},"end":{"line":128,"column":5}},"48":{"start":{"line":129,"column":4},"end":{"line":129,"column":33}},"49":{"start":{"line":130,"column":4},"end":{"line":130,"column":24}},"50":{"start":{"line":132,"column":4},"end":{"line":132,"column":35}},"51":{"start":{"line":133,"column":4},"end":{"line":133,"column":12}},"52":{"start":{"line":135,"column":4},"end":{"line":135,"column":21}}},"fnMap":{"0":{"name":"(anonymous_0)","decl":{"start":{"line":30,"column":22},"end":{"line":30,"column":23}},"loc":{"start":{"line":30,"column":34},"end":{"line":35,"column":1}},"line":30},"1":{"name":"(anonymous_1)","decl":{"start":{"line":34,"column":28},"end":{"line":34,"column":29}},"loc":{"start":{"line":34,"column":35},"end":{"line":34,"column":41}},"line":34},"2":{"name":"(anonymous_2)","decl":{"start":{"line":36,"column":23},"end":{"line":36,"column":24}},"loc":{"start":{"line":36,"column":37},"end":{"line":43,"column":1}},"line":36},"3":{"name":"(anonymous_3)","decl":{"start":{"line":44,"column":22},"end":{"line":44,"column":23}},"loc":{"start":{"line":49,"column":6},"end":{"line":72,"column":1}},"line":49},"4":{"name":"(anonymous_4)","decl":{"start":{"line":74,"column":28},"end":{"line":74,"column":29}},"loc":{"start":{"line":74,"column":63},"end":{"line":83,"column":1}},"line":74},"5":{"name":"(anonymous_5)","decl":{"start":{"line":85,"column":22},"end":{"line":85,"column":23}},"loc":{"start":{"line":91,"column":6},"end":{"line":117,"column":1}},"line":91},"6":{"name":"(anonymous_6)","decl":{"start":{"line":118,"column":21},"end":{"line":118,"column":22}},"loc":{"start":{"line":118,"column":35},"end":{"line":137,"column":1}},"line":118}},"branchMap":{"0":{"loc":{"start":{"line":57,"column":4},"end":{"line":63,"column":5}},"type":"if","locations":[{"start":{"line":57,"column":4},"end":{"line":63,"column":5}},{"start":{"line":57,"column":4},"end":{"line":63,"column":5}}],"line":57},"1":{"loc":{"start":{"line":103,"column":4},"end":{"line":108,"column":5}},"type":"if","locations":[{"start":{"line":103,"column":4},"end":{"line":108,"column":5}},{"start":{"line":103,"column":4},"end":{"line":108,"column":5}}],"line":103}},"s":{"0":15,"1":15,"2":1,"3":1,"4":2,"5":15,"6":2,"7":2,"8":1,"9":1,"10":15,"11":3,"12":3,"13":3,"14":3,"15":2,"16":1,"17":1,"18":1,"19":2,"20":2,"21":1,"22":1,"23":3,"24":15,"25":2,"26":2,"27":1,"28":15,"29":3,"30":3,"31":3,"32":3,"33":2,"34":2,"35":1,"36":1,"37":2,"38":2,"39":1,"40":1,"41":3,"42":15,"43":3,"44":3,"45":3,"46":3,"47":2,"48":2,"49":2,"50":1,"51":1,"52":3},"f":{"0":1,"1":2,"2":2,"3":3,"4":2,"5":3,"6":3},"b":{"0":[1,1],"1":[1,1]},"_coverageSchema":"1a1c01bbd47fc00a2c39e90264f33305004495a9","hash":"0d0791f736e4848d5c4b9c848924bff36f5d473a"}
,"/Users/ronyparra/Rony Developer/capacitor/backend/src/services/pendiente.service/dashboard.service.js": {"path":"/Users/ronyparra/Rony Developer/capacitor/backend/src/services/pendiente.service/dashboard.service.js","statementMap":{"0":{"start":{"line":2,"column":14},"end":{"line":44,"column":16}},"1":{"start":{"line":46,"column":28},"end":{"line":49,"column":1}},"2":{"start":{"line":47,"column":18},"end":{"line":47,"column":52}},"3":{"start":{"line":48,"column":2},"end":{"line":48,"column":41}},"4":{"start":{"line":48,"column":33},"end":{"line":48,"column":39}}},"fnMap":{"0":{"name":"(anonymous_0)","decl":{"start":{"line":46,"column":28},"end":{"line":46,"column":29}},"loc":{"start":{"line":46,"column":49},"end":{"line":49,"column":1}},"line":46},"1":{"name":"(anonymous_1)","decl":{"start":{"line":48,"column":26},"end":{"line":48,"column":27}},"loc":{"start":{"line":48,"column":33},"end":{"line":48,"column":39}},"line":48}},"branchMap":{},"s":{"0":15,"1":15,"2":1,"3":1,"4":5},"f":{"0":1,"1":5},"b":{},"_coverageSchema":"1a1c01bbd47fc00a2c39e90264f33305004495a9","hash":"e3a125c2ecd9dbce9f00b4fd81f702b80ef17682"}
,"/Users/ronyparra/Rony Developer/capacitor/backend/src/services/pendiente.service/index.js": {"path":"/Users/ronyparra/Rony Developer/capacitor/backend/src/services/pendiente.service/index.js","statementMap":{},"fnMap":{},"branchMap":{},"s":{},"f":{},"b":{},"_coverageSchema":"1a1c01bbd47fc00a2c39e90264f33305004495a9","hash":"0c0c53d66a716f5e168b55a64bdec35d6a0d6dc0"}
,"/Users/ronyparra/Rony Developer/capacitor/backend/src/util/date.util.js": {"path":"/Users/ronyparra/Rony Developer/capacitor/backend/src/util/date.util.js","statementMap":{"0":{"start":{"line":1,"column":28},"end":{"line":1,"column":72}},"1":{"start":{"line":1,"column":34},"end":{"line":1,"column":72}},"2":{"start":{"line":3,"column":27},"end":{"line":7,"column":1}},"3":{"start":{"line":4,"column":2},"end":{"line":4,"column":25}},"4":{"start":{"line":4,"column":13},"end":{"line":4,"column":25}},"5":{"start":{"line":5,"column":29},"end":{"line":5,"column":44}},"6":{"start":{"line":6,"column":2},"end":{"line":6,"column":35}},"7":{"start":{"line":8,"column":26},"end":{"line":12,"column":1}},"8":{"start":{"line":9,"column":2},"end":{"line":9,"column":25}},"9":{"start":{"line":9,"column":13},"end":{"line":9,"column":25}},"10":{"start":{"line":10,"column":29},"end":{"line":10,"column":44}},"11":{"start":{"line":11,"column":2},"end":{"line":11,"column":69}},"12":{"start":{"line":14,"column":30},"end":{"line":18,"column":1}},"13":{"start":{"line":15,"column":14},"end":{"line":15,"column":28}},"14":{"start":{"line":16,"column":2},"end":{"line":16,"column":40}},"15":{"start":{"line":17,"column":2},"end":{"line":17,"column":43}},"16":{"start":{"line":20,"column":30},"end":{"line":25,"column":1}},"17":{"start":{"line":21,"column":13},"end":{"line":21,"column":77}},"18":{"start":{"line":22,"column":12},"end":{"line":22,"column":31}},"19":{"start":{"line":23,"column":13},"end":{"line":23,"column":35}},"20":{"start":{"line":24,"column":2},"end":{"line":24,"column":14}}},"fnMap":{"0":{"name":"(anonymous_0)","decl":{"start":{"line":1,"column":28},"end":{"line":1,"column":29}},"loc":{"start":{"line":1,"column":34},"end":{"line":1,"column":72}},"line":1},"1":{"name":"(anonymous_1)","decl":{"start":{"line":3,"column":27},"end":{"line":3,"column":28}},"loc":{"start":{"line":3,"column":37},"end":{"line":7,"column":1}},"line":3},"2":{"name":"(anonymous_2)","decl":{"start":{"line":8,"column":26},"end":{"line":8,"column":27}},"loc":{"start":{"line":8,"column":36},"end":{"line":12,"column":1}},"line":8},"3":{"name":"(anonymous_3)","decl":{"start":{"line":14,"column":30},"end":{"line":14,"column":31}},"loc":{"start":{"line":14,"column":46},"end":{"line":18,"column":1}},"line":14},"4":{"name":"(anonymous_4)","decl":{"start":{"line":20,"column":30},"end":{"line":20,"column":31}},"loc":{"start":{"line":20,"column":48},"end":{"line":25,"column":1}},"line":20}},"branchMap":{"0":{"loc":{"start":{"line":4,"column":2},"end":{"line":4,"column":25}},"type":"if","locations":[{"start":{"line":4,"column":2},"end":{"line":4,"column":25}},{"start":{"line":4,"column":2},"end":{"line":4,"column":25}}],"line":4},"1":{"loc":{"start":{"line":9,"column":2},"end":{"line":9,"column":25}},"type":"if","locations":[{"start":{"line":9,"column":2},"end":{"line":9,"column":25}},{"start":{"line":9,"column":2},"end":{"line":9,"column":25}}],"line":9}},"s":{"0":17,"1":7,"2":17,"3":2,"4":1,"5":1,"6":1,"7":17,"8":64,"9":5,"10":59,"11":59,"12":17,"13":7,"14":7,"15":7,"16":17,"17":5,"18":5,"19":5,"20":5},"f":{"0":7,"1":2,"2":64,"3":7,"4":5},"b":{"0":[1,1],"1":[5,59]},"_coverageSchema":"1a1c01bbd47fc00a2c39e90264f33305004495a9","hash":"c02035bdf05d591f4940754cf47218105ca8994c"}
,"/Users/ronyparra/Rony Developer/capacitor/backend/test/integration/user.admin.js": {"path":"/Users/ronyparra/Rony Developer/capacitor/backend/test/integration/user.admin.js","statementMap":{"0":{"start":{"line":1,"column":14},"end":{"line":1,"column":50}}},"fnMap":{},"branchMap":{},"s":{"0":15},"f":{},"b":{},"_coverageSchema":"1a1c01bbd47fc00a2c39e90264f33305004495a9","hash":"7bebd6e8b2bfda05bdbfe3c75e3d924c4a795f07"}
}
