{"/Users/ronyparra/Rony Developer/capacitor/backend/src/server.js": {"path":"/Users/ronyparra/Rony Developer/capacitor/backend/src/server.js","statementMap":{"0":{"start":{"line":6,"column":0},"end":{"line":6,"column":16}},"1":{"start":{"line":7,"column":12},"end":{"line":7,"column":21}},"2":{"start":{"line":10,"column":0},"end":{"line":10,"column":16}},"3":{"start":{"line":11,"column":0},"end":{"line":11,"column":24}},"4":{"start":{"line":12,"column":0},"end":{"line":12,"column":48}},"5":{"start":{"line":14,"column":0},"end":{"line":14,"column":30}},"6":{"start":{"line":15,"column":0},"end":{"line":15,"column":30}},"7":{"start":{"line":16,"column":0},"end":{"line":16,"column":32}},"8":{"start":{"line":17,"column":0},"end":{"line":17,"column":34}},"9":{"start":{"line":18,"column":0},"end":{"line":18,"column":36}},"10":{"start":{"line":19,"column":0},"end":{"line":19,"column":38}},"11":{"start":{"line":20,"column":0},"end":{"line":20,"column":40}},"12":{"start":{"line":21,"column":0},"end":{"line":21,"column":40}},"13":{"start":{"line":22,"column":0},"end":{"line":22,"column":40}},"14":{"start":{"line":23,"column":0},"end":{"line":23,"column":40}},"15":{"start":{"line":24,"column":0},"end":{"line":24,"column":43}},"16":{"start":{"line":25,"column":0},"end":{"line":25,"column":42}},"17":{"start":{"line":26,"column":0},"end":{"line":26,"column":44}},"18":{"start":{"line":27,"column":0},"end":{"line":27,"column":49}},"19":{"start":{"line":30,"column":0},"end":{"line":30,"column":20}}},"fnMap":{},"branchMap":{},"s":{"0":4,"1":4,"2":4,"3":4,"4":4,"5":4,"6":4,"7":4,"8":4,"9":4,"10":4,"11":4,"12":4,"13":4,"14":4,"15":4,"16":4,"17":4,"18":4,"19":4},"f":{},"b":{},"_coverageSchema":"1a1c01bbd47fc00a2c39e90264f33305004495a9","hash":"aa7ad0f5a3b21c4145029c9607a9f82b62f97004"}
,"/Users/ronyparra/Rony Developer/capacitor/backend/src/controllers/actividad.controller.js": {"path":"/Users/ronyparra/Rony Developer/capacitor/backend/src/controllers/actividad.controller.js","statementMap":{"0":{"start":{"line":5,"column":28},"end":{"line":84,"column":1}},"1":{"start":{"line":7,"column":19},"end":{"line":16,"column":5}},"2":{"start":{"line":17,"column":4},"end":{"line":22,"column":5}},"3":{"start":{"line":18,"column":24},"end":{"line":18,"column":61}},"4":{"start":{"line":19,"column":6},"end":{"line":19,"column":68}},"5":{"start":{"line":21,"column":6},"end":{"line":21,"column":71}},"6":{"start":{"line":25,"column":4},"end":{"line":30,"column":5}},"7":{"start":{"line":26,"column":24},"end":{"line":26,"column":69}},"8":{"start":{"line":27,"column":6},"end":{"line":27,"column":68}},"9":{"start":{"line":29,"column":6},"end":{"line":29,"column":71}},"10":{"start":{"line":33,"column":22},"end":{"line":33,"column":36}},"11":{"start":{"line":34,"column":4},"end":{"line":39,"column":5}},"12":{"start":{"line":35,"column":24},"end":{"line":35,"column":85}},"13":{"start":{"line":36,"column":6},"end":{"line":36,"column":68}},"14":{"start":{"line":38,"column":6},"end":{"line":38,"column":71}},"15":{"start":{"line":42,"column":19},"end":{"line":42,"column":41}},"16":{"start":{"line":43,"column":20},"end":{"line":43,"column":36}},"17":{"start":{"line":44,"column":20},"end":{"line":44,"column":36}},"18":{"start":{"line":45,"column":32},"end":{"line":45,"column":60}},"19":{"start":{"line":46,"column":4},"end":{"line":56,"column":5}},"20":{"start":{"line":47,"column":24},"end":{"line":52,"column":8}},"21":{"start":{"line":53,"column":6},"end":{"line":53,"column":68}},"22":{"start":{"line":55,"column":6},"end":{"line":55,"column":71}},"23":{"start":{"line":59,"column":19},"end":{"line":59,"column":41}},"24":{"start":{"line":60,"column":20},"end":{"line":60,"column":36}},"25":{"start":{"line":61,"column":20},"end":{"line":61,"column":36}},"26":{"start":{"line":62,"column":32},"end":{"line":62,"column":60}},"27":{"start":{"line":63,"column":4},"end":{"line":74,"column":5}},"28":{"start":{"line":64,"column":24},"end":{"line":70,"column":8}},"29":{"start":{"line":71,"column":6},"end":{"line":71,"column":68}},"30":{"start":{"line":73,"column":6},"end":{"line":73,"column":71}},"31":{"start":{"line":77,"column":4},"end":{"line":82,"column":5}},"32":{"start":{"line":78,"column":24},"end":{"line":78,"column":67}},"33":{"start":{"line":79,"column":6},"end":{"line":79,"column":68}},"34":{"start":{"line":81,"column":6},"end":{"line":81,"column":71}}},"fnMap":{"0":{"name":"(anonymous_0)","decl":{"start":{"line":6,"column":7},"end":{"line":6,"column":8}},"loc":{"start":{"line":6,"column":27},"end":{"line":23,"column":3}},"line":6},"1":{"name":"(anonymous_1)","decl":{"start":{"line":24,"column":11},"end":{"line":24,"column":12}},"loc":{"start":{"line":24,"column":31},"end":{"line":31,"column":3}},"line":24},"2":{"name":"(anonymous_2)","decl":{"start":{"line":32,"column":16},"end":{"line":32,"column":17}},"loc":{"start":{"line":32,"column":36},"end":{"line":40,"column":3}},"line":32},"3":{"name":"(anonymous_3)","decl":{"start":{"line":41,"column":10},"end":{"line":41,"column":11}},"loc":{"start":{"line":41,"column":30},"end":{"line":57,"column":3}},"line":41},"4":{"name":"(anonymous_4)","decl":{"start":{"line":58,"column":10},"end":{"line":58,"column":11}},"loc":{"start":{"line":58,"column":30},"end":{"line":75,"column":3}},"line":58},"5":{"name":"(anonymous_5)","decl":{"start":{"line":76,"column":10},"end":{"line":76,"column":11}},"loc":{"start":{"line":76,"column":30},"end":{"line":83,"column":3}},"line":76}},"branchMap":{"0":{"loc":{"start":{"line":9,"column":8},"end":{"line":9,"column":73}},"type":"cond-expr","locations":[{"start":{"line":9,"column":44},"end":{"line":9,"column":61}},{"start":{"line":9,"column":64},"end":{"line":9,"column":73}}],"line":9},"1":{"loc":{"start":{"line":11,"column":8},"end":{"line":11,"column":75}},"type":"cond-expr","locations":[{"start":{"line":11,"column":45},"end":{"line":11,"column":63}},{"start":{"line":11,"column":66},"end":{"line":11,"column":75}}],"line":11},"2":{"loc":{"start":{"line":15,"column":8},"end":{"line":15,"column":71}},"type":"cond-expr","locations":[{"start":{"line":15,"column":43},"end":{"line":15,"column":59}},{"start":{"line":15,"column":62},"end":{"line":15,"column":71}}],"line":15}},"s":{"0":4,"1":0,"2":0,"3":0,"4":0,"5":0,"6":0,"7":0,"8":0,"9":0,"10":0,"11":0,"12":0,"13":0,"14":0,"15":0,"16":0,"17":0,"18":0,"19":0,"20":0,"21":0,"22":0,"23":0,"24":0,"25":0,"26":0,"27":0,"28":0,"29":0,"30":0,"31":0,"32":0,"33":0,"34":0},"f":{"0":0,"1":0,"2":0,"3":0,"4":0,"5":0},"b":{"0":[0,0],"1":[0,0],"2":[0,0]},"_coverageSchema":"1a1c01bbd47fc00a2c39e90264f33305004495a9","hash":"bd0aae7e0f17b834c023e6944b8fd0fae20a0795"}
,"/Users/ronyparra/Rony Developer/capacitor/backend/src/controllers/analytics.controller.js": {"path":"/Users/ronyparra/Rony Developer/capacitor/backend/src/controllers/analytics.controller.js","statementMap":{"0":{"start":{"line":3,"column":28},"end":{"line":137,"column":1}},"1":{"start":{"line":5,"column":18},"end":{"line":5,"column":45}},"2":{"start":{"line":6,"column":18},"end":{"line":6,"column":45}},"3":{"start":{"line":7,"column":27},"end":{"line":7,"column":54}},"4":{"start":{"line":9,"column":26},"end":{"line":9,"column":50}},"5":{"start":{"line":10,"column":26},"end":{"line":10,"column":71}},"6":{"start":{"line":11,"column":4},"end":{"line":48,"column":5}},"7":{"start":{"line":12,"column":19},"end":{"line":43,"column":7}},"8":{"start":{"line":45,"column":6},"end":{"line":45,"column":63}},"9":{"start":{"line":47,"column":6},"end":{"line":47,"column":71}},"10":{"start":{"line":51,"column":18},"end":{"line":51,"column":45}},"11":{"start":{"line":52,"column":18},"end":{"line":52,"column":45}},"12":{"start":{"line":53,"column":27},"end":{"line":53,"column":54}},"13":{"start":{"line":54,"column":26},"end":{"line":54,"column":50}},"14":{"start":{"line":55,"column":26},"end":{"line":55,"column":71}},"15":{"start":{"line":56,"column":4},"end":{"line":74,"column":5}},"16":{"start":{"line":57,"column":19},"end":{"line":69,"column":7}},"17":{"start":{"line":71,"column":6},"end":{"line":71,"column":63}},"18":{"start":{"line":73,"column":6},"end":{"line":73,"column":71}},"19":{"start":{"line":77,"column":18},"end":{"line":77,"column":45}},"20":{"start":{"line":78,"column":18},"end":{"line":78,"column":45}},"21":{"start":{"line":79,"column":4},"end":{"line":84,"column":5}},"22":{"start":{"line":80,"column":19},"end":{"line":80,"column":66}},"23":{"start":{"line":81,"column":6},"end":{"line":81,"column":63}},"24":{"start":{"line":83,"column":6},"end":{"line":83,"column":71}},"25":{"start":{"line":87,"column":18},"end":{"line":87,"column":45}},"26":{"start":{"line":88,"column":18},"end":{"line":88,"column":45}},"27":{"start":{"line":89,"column":4},"end":{"line":94,"column":5}},"28":{"start":{"line":90,"column":19},"end":{"line":90,"column":67}},"29":{"start":{"line":91,"column":6},"end":{"line":91,"column":63}},"30":{"start":{"line":93,"column":6},"end":{"line":93,"column":71}},"31":{"start":{"line":97,"column":18},"end":{"line":97,"column":45}},"32":{"start":{"line":98,"column":18},"end":{"line":98,"column":45}},"33":{"start":{"line":99,"column":4},"end":{"line":104,"column":5}},"34":{"start":{"line":100,"column":19},"end":{"line":100,"column":66}},"35":{"start":{"line":101,"column":6},"end":{"line":101,"column":63}},"36":{"start":{"line":103,"column":6},"end":{"line":103,"column":71}},"37":{"start":{"line":107,"column":18},"end":{"line":107,"column":45}},"38":{"start":{"line":108,"column":18},"end":{"line":108,"column":45}},"39":{"start":{"line":109,"column":4},"end":{"line":114,"column":5}},"40":{"start":{"line":110,"column":19},"end":{"line":110,"column":68}},"41":{"start":{"line":111,"column":6},"end":{"line":111,"column":63}},"42":{"start":{"line":113,"column":6},"end":{"line":113,"column":71}},"43":{"start":{"line":117,"column":18},"end":{"line":117,"column":45}},"44":{"start":{"line":118,"column":18},"end":{"line":118,"column":45}},"45":{"start":{"line":119,"column":16},"end":{"line":119,"column":55}},"46":{"start":{"line":120,"column":4},"end":{"line":125,"column":5}},"47":{"start":{"line":121,"column":19},"end":{"line":121,"column":71}},"48":{"start":{"line":122,"column":6},"end":{"line":122,"column":63}},"49":{"start":{"line":124,"column":6},"end":{"line":124,"column":71}},"50":{"start":{"line":128,"column":18},"end":{"line":128,"column":45}},"51":{"start":{"line":129,"column":18},"end":{"line":129,"column":45}},"52":{"start":{"line":130,"column":4},"end":{"line":135,"column":5}},"53":{"start":{"line":131,"column":19},"end":{"line":131,"column":71}},"54":{"start":{"line":132,"column":6},"end":{"line":132,"column":63}},"55":{"start":{"line":134,"column":6},"end":{"line":134,"column":71}}},"fnMap":{"0":{"name":"(anonymous_0)","decl":{"start":{"line":4,"column":16},"end":{"line":4,"column":17}},"loc":{"start":{"line":4,"column":36},"end":{"line":49,"column":3}},"line":4},"1":{"name":"(anonymous_1)","decl":{"start":{"line":50,"column":17},"end":{"line":50,"column":18}},"loc":{"start":{"line":50,"column":37},"end":{"line":75,"column":3}},"line":50},"2":{"name":"(anonymous_2)","decl":{"start":{"line":76,"column":14},"end":{"line":76,"column":15}},"loc":{"start":{"line":76,"column":34},"end":{"line":85,"column":3}},"line":76},"3":{"name":"(anonymous_3)","decl":{"start":{"line":86,"column":15},"end":{"line":86,"column":16}},"loc":{"start":{"line":86,"column":35},"end":{"line":95,"column":3}},"line":86},"4":{"name":"(anonymous_4)","decl":{"start":{"line":96,"column":14},"end":{"line":96,"column":15}},"loc":{"start":{"line":96,"column":34},"end":{"line":105,"column":3}},"line":96},"5":{"name":"(anonymous_5)","decl":{"start":{"line":106,"column":16},"end":{"line":106,"column":17}},"loc":{"start":{"line":106,"column":36},"end":{"line":115,"column":3}},"line":106},"6":{"name":"(anonymous_6)","decl":{"start":{"line":116,"column":14},"end":{"line":116,"column":15}},"loc":{"start":{"line":116,"column":34},"end":{"line":126,"column":3}},"line":116},"7":{"name":"(anonymous_7)","decl":{"start":{"line":127,"column":19},"end":{"line":127,"column":20}},"loc":{"start":{"line":127,"column":39},"end":{"line":136,"column":3}},"line":127}},"branchMap":{"0":{"loc":{"start":{"line":119,"column":16},"end":{"line":119,"column":55}},"type":"cond-expr","locations":[{"start":{"line":119,"column":43},"end":{"line":119,"column":47}},{"start":{"line":119,"column":50},"end":{"line":119,"column":55}}],"line":119}},"s":{"0":4,"1":0,"2":0,"3":0,"4":0,"5":0,"6":0,"7":0,"8":0,"9":0,"10":0,"11":0,"12":0,"13":0,"14":0,"15":0,"16":0,"17":0,"18":0,"19":0,"20":0,"21":0,"22":0,"23":0,"24":0,"25":0,"26":0,"27":0,"28":0,"29":0,"30":0,"31":0,"32":0,"33":0,"34":0,"35":0,"36":0,"37":0,"38":0,"39":0,"40":0,"41":0,"42":0,"43":0,"44":0,"45":0,"46":0,"47":0,"48":0,"49":0,"50":0,"51":0,"52":0,"53":0,"54":0,"55":0},"f":{"0":0,"1":0,"2":0,"3":0,"4":0,"5":0,"6":0,"7":0},"b":{"0":[0,0]},"_coverageSchema":"1a1c01bbd47fc00a2c39e90264f33305004495a9","hash":"03e5c834f1f9fcdabf89aabe6a7b7cc73ceb1bdb"}
,"/Users/ronyparra/Rony Developer/capacitor/backend/src/controllers/auth.controller.js": {"path":"/Users/ronyparra/Rony Developer/capacitor/backend/src/controllers/auth.controller.js","statementMap":{"0":{"start":{"line":6,"column":23},"end":{"line":34,"column":1}},"1":{"start":{"line":8,"column":4},"end":{"line":32,"column":5}},"2":{"start":{"line":9,"column":19},"end":{"line":9,"column":60}},"3":{"start":{"line":10,"column":6},"end":{"line":26,"column":7}},"4":{"start":{"line":11,"column":22},"end":{"line":11,"column":76}},"5":{"start":{"line":12,"column":8},"end":{"line":25,"column":9}},"6":{"start":{"line":13,"column":29},"end":{"line":15,"column":11}},"7":{"start":{"line":16,"column":26},"end":{"line":16,"column":69}},"8":{"start":{"line":17,"column":26},"end":{"line":17,"column":47}},"9":{"start":{"line":18,"column":25},"end":{"line":18,"column":47}},"10":{"start":{"line":19,"column":24},"end":{"line":19,"column":58}},"11":{"start":{"line":21,"column":10},"end":{"line":21,"column":31}},"12":{"start":{"line":22,"column":10},"end":{"line":24,"column":70}},"13":{"start":{"line":27,"column":6},"end":{"line":29,"column":69}},"14":{"start":{"line":31,"column":6},"end":{"line":31,"column":71}},"15":{"start":{"line":36,"column":33},"end":{"line":63,"column":1}},"16":{"start":{"line":37,"column":27},"end":{"line":37,"column":29}},"17":{"start":{"line":38,"column":2},"end":{"line":61,"column":5}},"18":{"start":{"line":39,"column":18},"end":{"line":41,"column":5}},"19":{"start":{"line":40,"column":13},"end":{"line":40,"column":45}},"20":{"start":{"line":42,"column":4},"end":{"line":60,"column":5}},"21":{"start":{"line":43,"column":6},"end":{"line":43,"column":34}},"22":{"start":{"line":45,"column":20},"end":{"line":45,"column":51}},"23":{"start":{"line":46,"column":17},"end":{"line":46,"column":19}},"24":{"start":{"line":47,"column":6},"end":{"line":58,"column":9}},"25":{"start":{"line":48,"column":8},"end":{"line":48,"column":48}},"26":{"start":{"line":49,"column":8},"end":{"line":57,"column":11}},"27":{"start":{"line":50,"column":10},"end":{"line":56,"column":11}},"28":{"start":{"line":51,"column":12},"end":{"line":51,"column":54}},"29":{"start":{"line":53,"column":12},"end":{"line":55,"column":13}},"30":{"start":{"line":54,"column":14},"end":{"line":54,"column":46}},"31":{"start":{"line":59,"column":6},"end":{"line":59,"column":74}},"32":{"start":{"line":62,"column":2},"end":{"line":62,"column":26}}},"fnMap":{"0":{"name":"(anonymous_0)","decl":{"start":{"line":7,"column":9},"end":{"line":7,"column":10}},"loc":{"start":{"line":7,"column":29},"end":{"line":33,"column":3}},"line":7},"1":{"name":"(anonymous_1)","decl":{"start":{"line":36,"column":33},"end":{"line":36,"column":34}},"loc":{"start":{"line":36,"column":53},"end":{"line":63,"column":1}},"line":36},"2":{"name":"(anonymous_2)","decl":{"start":{"line":38,"column":21},"end":{"line":38,"column":22}},"loc":{"start":{"line":38,"column":31},"end":{"line":61,"column":3}},"line":38},"3":{"name":"(anonymous_3)","decl":{"start":{"line":40,"column":6},"end":{"line":40,"column":7}},"loc":{"start":{"line":40,"column":13},"end":{"line":40,"column":45}},"line":40},"4":{"name":"(anonymous_4)","decl":{"start":{"line":47,"column":59},"end":{"line":47,"column":60}},"loc":{"start":{"line":47,"column":77},"end":{"line":58,"column":7}},"line":47},"5":{"name":"(anonymous_5)","decl":{"start":{"line":49,"column":42},"end":{"line":49,"column":43}},"loc":{"start":{"line":49,"column":62},"end":{"line":57,"column":9}},"line":49}},"branchMap":{"0":{"loc":{"start":{"line":10,"column":6},"end":{"line":26,"column":7}},"type":"if","locations":[{"start":{"line":10,"column":6},"end":{"line":26,"column":7}},{"start":{"line":10,"column":6},"end":{"line":26,"column":7}}],"line":10},"1":{"loc":{"start":{"line":12,"column":8},"end":{"line":25,"column":9}},"type":"if","locations":[{"start":{"line":12,"column":8},"end":{"line":25,"column":9}},{"start":{"line":12,"column":8},"end":{"line":25,"column":9}}],"line":12},"2":{"loc":{"start":{"line":42,"column":4},"end":{"line":60,"column":5}},"type":"if","locations":[{"start":{"line":42,"column":4},"end":{"line":60,"column":5}},{"start":{"line":42,"column":4},"end":{"line":60,"column":5}}],"line":42},"3":{"loc":{"start":{"line":50,"column":10},"end":{"line":56,"column":11}},"type":"if","locations":[{"start":{"line":50,"column":10},"end":{"line":56,"column":11}},{"start":{"line":50,"column":10},"end":{"line":56,"column":11}}],"line":50},"4":{"loc":{"start":{"line":53,"column":12},"end":{"line":55,"column":13}},"type":"if","locations":[{"start":{"line":53,"column":12},"end":{"line":55,"column":13}},{"start":{"line":53,"column":12},"end":{"line":55,"column":13}}],"line":53},"5":{"loc":{"start":{"line":53,"column":16},"end":{"line":53,"column":67}},"type":"binary-expr","locations":[{"start":{"line":53,"column":16},"end":{"line":53,"column":35}},{"start":{"line":53,"column":39},"end":{"line":53,"column":67}}],"line":53}},"s":{"0":5,"1":7,"2":7,"3":7,"4":6,"5":5,"6":4,"7":4,"8":4,"9":4,"10":4,"11":4,"12":4,"13":2,"14":1,"15":5,"16":7,"17":7,"18":69,"19":259,"20":69,"21":36,"22":33,"23":33,"24":33,"25":133,"26":133,"27":622,"28":101,"29":521,"30":1,"31":33,"32":7},"f":{"0":7,"1":7,"2":69,"3":259,"4":133,"5":622},"b":{"0":[6,1],"1":[4,1],"2":[36,33],"3":[101,521],"4":[1,520],"5":[521,1]},"_coverageSchema":"1a1c01bbd47fc00a2c39e90264f33305004495a9","hash":"3551a5f70f0f105b12c40a79b15589e253e9d280"}
,"/Users/ronyparra/Rony Developer/capacitor/backend/src/controllers/categoria.controller.js": {"path":"/Users/ronyparra/Rony Developer/capacitor/backend/src/controllers/categoria.controller.js","statementMap":{"0":{"start":{"line":3,"column":28},"end":{"line":51,"column":1}},"1":{"start":{"line":5,"column":4},"end":{"line":10,"column":5}},"2":{"start":{"line":6,"column":21},"end":{"line":6,"column":52}},"3":{"start":{"line":7,"column":6},"end":{"line":7,"column":65}},"4":{"start":{"line":9,"column":6},"end":{"line":9,"column":71}},"5":{"start":{"line":13,"column":4},"end":{"line":18,"column":5}},"6":{"start":{"line":14,"column":21},"end":{"line":14,"column":66}},"7":{"start":{"line":15,"column":6},"end":{"line":15,"column":65}},"8":{"start":{"line":17,"column":6},"end":{"line":17,"column":71}},"9":{"start":{"line":21,"column":19},"end":{"line":23,"column":5}},"10":{"start":{"line":24,"column":4},"end":{"line":29,"column":5}},"11":{"start":{"line":25,"column":24},"end":{"line":25,"column":61}},"12":{"start":{"line":26,"column":6},"end":{"line":26,"column":68}},"13":{"start":{"line":28,"column":6},"end":{"line":28,"column":71}},"14":{"start":{"line":32,"column":19},"end":{"line":35,"column":5}},"15":{"start":{"line":36,"column":4},"end":{"line":41,"column":5}},"16":{"start":{"line":37,"column":21},"end":{"line":37,"column":58}},"17":{"start":{"line":38,"column":6},"end":{"line":38,"column":65}},"18":{"start":{"line":40,"column":6},"end":{"line":40,"column":71}},"19":{"start":{"line":44,"column":4},"end":{"line":49,"column":5}},"20":{"start":{"line":45,"column":21},"end":{"line":45,"column":65}},"21":{"start":{"line":46,"column":6},"end":{"line":46,"column":65}},"22":{"start":{"line":48,"column":6},"end":{"line":48,"column":71}}},"fnMap":{"0":{"name":"(anonymous_0)","decl":{"start":{"line":4,"column":7},"end":{"line":4,"column":8}},"loc":{"start":{"line":4,"column":27},"end":{"line":11,"column":3}},"line":4},"1":{"name":"(anonymous_1)","decl":{"start":{"line":12,"column":11},"end":{"line":12,"column":12}},"loc":{"start":{"line":12,"column":31},"end":{"line":19,"column":3}},"line":12},"2":{"name":"(anonymous_2)","decl":{"start":{"line":20,"column":10},"end":{"line":20,"column":11}},"loc":{"start":{"line":20,"column":30},"end":{"line":30,"column":3}},"line":20},"3":{"name":"(anonymous_3)","decl":{"start":{"line":31,"column":10},"end":{"line":31,"column":11}},"loc":{"start":{"line":31,"column":30},"end":{"line":42,"column":3}},"line":31},"4":{"name":"(anonymous_4)","decl":{"start":{"line":43,"column":10},"end":{"line":43,"column":11}},"loc":{"start":{"line":43,"column":30},"end":{"line":50,"column":3}},"line":43}},"branchMap":{},"s":{"0":4,"1":0,"2":0,"3":0,"4":0,"5":0,"6":0,"7":0,"8":0,"9":0,"10":0,"11":0,"12":0,"13":0,"14":0,"15":0,"16":0,"17":0,"18":0,"19":0,"20":0,"21":0,"22":0},"f":{"0":0,"1":0,"2":0,"3":0,"4":0},"b":{},"_coverageSchema":"1a1c01bbd47fc00a2c39e90264f33305004495a9","hash":"bad27bde0764c9269fb654defb2c4a038809291d"}
,"/Users/ronyparra/Rony Developer/capacitor/backend/src/controllers/cliente.controller.js": {"path":"/Users/ronyparra/Rony Developer/capacitor/backend/src/controllers/cliente.controller.js","statementMap":{"0":{"start":{"line":3,"column":26},"end":{"line":61,"column":1}},"1":{"start":{"line":5,"column":4},"end":{"line":10,"column":5}},"2":{"start":{"line":6,"column":22},"end":{"line":6,"column":51}},"3":{"start":{"line":7,"column":6},"end":{"line":7,"column":66}},"4":{"start":{"line":9,"column":6},"end":{"line":9,"column":71}},"5":{"start":{"line":13,"column":4},"end":{"line":18,"column":5}},"6":{"start":{"line":14,"column":22},"end":{"line":14,"column":65}},"7":{"start":{"line":15,"column":6},"end":{"line":15,"column":66}},"8":{"start":{"line":17,"column":6},"end":{"line":17,"column":71}},"9":{"start":{"line":21,"column":4},"end":{"line":33,"column":5}},"10":{"start":{"line":22,"column":6},"end":{"line":28,"column":7}},"11":{"start":{"line":23,"column":8},"end":{"line":27,"column":10}},"12":{"start":{"line":29,"column":22},"end":{"line":29,"column":59}},"13":{"start":{"line":30,"column":6},"end":{"line":30,"column":66}},"14":{"start":{"line":32,"column":6},"end":{"line":32,"column":71}},"15":{"start":{"line":36,"column":4},"end":{"line":51,"column":5}},"16":{"start":{"line":37,"column":6},"end":{"line":43,"column":7}},"17":{"start":{"line":38,"column":8},"end":{"line":42,"column":10}},"18":{"start":{"line":44,"column":22},"end":{"line":47,"column":8}},"19":{"start":{"line":48,"column":6},"end":{"line":48,"column":66}},"20":{"start":{"line":50,"column":6},"end":{"line":50,"column":71}},"21":{"start":{"line":54,"column":4},"end":{"line":59,"column":5}},"22":{"start":{"line":55,"column":22},"end":{"line":55,"column":64}},"23":{"start":{"line":56,"column":6},"end":{"line":56,"column":66}},"24":{"start":{"line":58,"column":6},"end":{"line":58,"column":71}}},"fnMap":{"0":{"name":"(anonymous_0)","decl":{"start":{"line":4,"column":7},"end":{"line":4,"column":8}},"loc":{"start":{"line":4,"column":27},"end":{"line":11,"column":3}},"line":4},"1":{"name":"(anonymous_1)","decl":{"start":{"line":12,"column":11},"end":{"line":12,"column":12}},"loc":{"start":{"line":12,"column":31},"end":{"line":19,"column":3}},"line":12},"2":{"name":"(anonymous_2)","decl":{"start":{"line":20,"column":10},"end":{"line":20,"column":11}},"loc":{"start":{"line":20,"column":30},"end":{"line":34,"column":3}},"line":20},"3":{"name":"(anonymous_3)","decl":{"start":{"line":35,"column":10},"end":{"line":35,"column":11}},"loc":{"start":{"line":35,"column":30},"end":{"line":52,"column":3}},"line":35},"4":{"name":"(anonymous_4)","decl":{"start":{"line":53,"column":10},"end":{"line":53,"column":11}},"loc":{"start":{"line":53,"column":30},"end":{"line":60,"column":3}},"line":53}},"branchMap":{"0":{"loc":{"start":{"line":22,"column":6},"end":{"line":28,"column":7}},"type":"if","locations":[{"start":{"line":22,"column":6},"end":{"line":28,"column":7}},{"start":{"line":22,"column":6},"end":{"line":28,"column":7}}],"line":22},"1":{"loc":{"start":{"line":37,"column":6},"end":{"line":43,"column":7}},"type":"if","locations":[{"start":{"line":37,"column":6},"end":{"line":43,"column":7}},{"start":{"line":37,"column":6},"end":{"line":43,"column":7}}],"line":37}},"s":{"0":4,"1":1,"2":1,"3":1,"4":0,"5":2,"6":2,"7":1,"8":1,"9":3,"10":3,"11":1,"12":3,"13":2,"14":1,"15":3,"16":3,"17":1,"18":3,"19":2,"20":1,"21":3,"22":3,"23":2,"24":1},"f":{"0":1,"1":2,"2":3,"3":3,"4":3},"b":{"0":[1,2],"1":[1,2]},"_coverageSchema":"1a1c01bbd47fc00a2c39e90264f33305004495a9","hash":"e0825fde509dcf1d7527275991240281546feddf"}
,"/Users/ronyparra/Rony Developer/capacitor/backend/src/controllers/cobro.controller.js": {"path":"/Users/ronyparra/Rony Developer/capacitor/backend/src/controllers/cobro.controller.js","statementMap":{"0":{"start":{"line":3,"column":24},"end":{"line":71,"column":1}},"1":{"start":{"line":5,"column":19},"end":{"line":14,"column":5}},"2":{"start":{"line":15,"column":4},"end":{"line":20,"column":5}},"3":{"start":{"line":16,"column":23},"end":{"line":16,"column":56}},"4":{"start":{"line":17,"column":6},"end":{"line":17,"column":67}},"5":{"start":{"line":19,"column":6},"end":{"line":19,"column":71}},"6":{"start":{"line":23,"column":4},"end":{"line":28,"column":5}},"7":{"start":{"line":24,"column":23},"end":{"line":24,"column":64}},"8":{"start":{"line":25,"column":6},"end":{"line":25,"column":67}},"9":{"start":{"line":27,"column":6},"end":{"line":27,"column":71}},"10":{"start":{"line":31,"column":4},"end":{"line":43,"column":5}},"11":{"start":{"line":32,"column":6},"end":{"line":38,"column":7}},"12":{"start":{"line":33,"column":8},"end":{"line":37,"column":10}},"13":{"start":{"line":39,"column":23},"end":{"line":39,"column":58}},"14":{"start":{"line":40,"column":6},"end":{"line":40,"column":67}},"15":{"start":{"line":42,"column":6},"end":{"line":42,"column":71}},"16":{"start":{"line":46,"column":19},"end":{"line":55,"column":5}},"17":{"start":{"line":56,"column":4},"end":{"line":61,"column":5}},"18":{"start":{"line":57,"column":23},"end":{"line":57,"column":56}},"19":{"start":{"line":58,"column":6},"end":{"line":58,"column":67}},"20":{"start":{"line":60,"column":6},"end":{"line":60,"column":71}},"21":{"start":{"line":64,"column":4},"end":{"line":69,"column":5}},"22":{"start":{"line":65,"column":23},"end":{"line":65,"column":62}},"23":{"start":{"line":66,"column":6},"end":{"line":66,"column":67}},"24":{"start":{"line":68,"column":6},"end":{"line":68,"column":71}}},"fnMap":{"0":{"name":"(anonymous_0)","decl":{"start":{"line":4,"column":7},"end":{"line":4,"column":8}},"loc":{"start":{"line":4,"column":27},"end":{"line":21,"column":3}},"line":4},"1":{"name":"(anonymous_1)","decl":{"start":{"line":22,"column":11},"end":{"line":22,"column":12}},"loc":{"start":{"line":22,"column":31},"end":{"line":29,"column":3}},"line":22},"2":{"name":"(anonymous_2)","decl":{"start":{"line":30,"column":10},"end":{"line":30,"column":11}},"loc":{"start":{"line":30,"column":30},"end":{"line":44,"column":3}},"line":30},"3":{"name":"(anonymous_3)","decl":{"start":{"line":45,"column":10},"end":{"line":45,"column":11}},"loc":{"start":{"line":45,"column":30},"end":{"line":62,"column":3}},"line":45},"4":{"name":"(anonymous_4)","decl":{"start":{"line":63,"column":10},"end":{"line":63,"column":11}},"loc":{"start":{"line":63,"column":30},"end":{"line":70,"column":3}},"line":63}},"branchMap":{"0":{"loc":{"start":{"line":7,"column":8},"end":{"line":7,"column":73}},"type":"cond-expr","locations":[{"start":{"line":7,"column":44},"end":{"line":7,"column":61}},{"start":{"line":7,"column":64},"end":{"line":7,"column":73}}],"line":7},"1":{"loc":{"start":{"line":9,"column":8},"end":{"line":9,"column":77}},"type":"cond-expr","locations":[{"start":{"line":9,"column":46},"end":{"line":9,"column":65}},{"start":{"line":9,"column":68},"end":{"line":9,"column":77}}],"line":9},"2":{"loc":{"start":{"line":13,"column":8},"end":{"line":13,"column":71}},"type":"cond-expr","locations":[{"start":{"line":13,"column":43},"end":{"line":13,"column":59}},{"start":{"line":13,"column":62},"end":{"line":13,"column":71}}],"line":13},"3":{"loc":{"start":{"line":32,"column":6},"end":{"line":38,"column":7}},"type":"if","locations":[{"start":{"line":32,"column":6},"end":{"line":38,"column":7}},{"start":{"line":32,"column":6},"end":{"line":38,"column":7}}],"line":32}},"s":{"0":4,"1":0,"2":0,"3":0,"4":0,"5":0,"6":0,"7":0,"8":0,"9":0,"10":0,"11":0,"12":0,"13":0,"14":0,"15":0,"16":0,"17":0,"18":0,"19":0,"20":0,"21":0,"22":0,"23":0,"24":0},"f":{"0":0,"1":0,"2":0,"3":0,"4":0},"b":{"0":[0,0],"1":[0,0],"2":[0,0],"3":[0,0]},"_coverageSchema":"1a1c01bbd47fc00a2c39e90264f33305004495a9","hash":"c15822b71c1aa16380a7c22ac282e17fac4a004b"}
,"/Users/ronyparra/Rony Developer/capacitor/backend/src/controllers/concepto.controller.js": {"path":"/Users/ronyparra/Rony Developer/capacitor/backend/src/controllers/concepto.controller.js","statementMap":{"0":{"start":{"line":3,"column":27},"end":{"line":59,"column":1}},"1":{"start":{"line":5,"column":4},"end":{"line":10,"column":5}},"2":{"start":{"line":6,"column":20},"end":{"line":6,"column":50}},"3":{"start":{"line":7,"column":6},"end":{"line":7,"column":64}},"4":{"start":{"line":9,"column":6},"end":{"line":9,"column":71}},"5":{"start":{"line":13,"column":4},"end":{"line":18,"column":5}},"6":{"start":{"line":14,"column":20},"end":{"line":14,"column":64}},"7":{"start":{"line":15,"column":6},"end":{"line":15,"column":64}},"8":{"start":{"line":17,"column":6},"end":{"line":17,"column":71}},"9":{"start":{"line":21,"column":19},"end":{"line":26,"column":5}},"10":{"start":{"line":27,"column":4},"end":{"line":32,"column":5}},"11":{"start":{"line":28,"column":23},"end":{"line":28,"column":59}},"12":{"start":{"line":29,"column":6},"end":{"line":29,"column":67}},"13":{"start":{"line":31,"column":6},"end":{"line":31,"column":71}},"14":{"start":{"line":35,"column":19},"end":{"line":40,"column":5}},"15":{"start":{"line":41,"column":4},"end":{"line":49,"column":5}},"16":{"start":{"line":42,"column":20},"end":{"line":45,"column":8}},"17":{"start":{"line":46,"column":6},"end":{"line":46,"column":64}},"18":{"start":{"line":48,"column":6},"end":{"line":48,"column":71}},"19":{"start":{"line":52,"column":4},"end":{"line":57,"column":5}},"20":{"start":{"line":53,"column":20},"end":{"line":53,"column":63}},"21":{"start":{"line":54,"column":6},"end":{"line":54,"column":64}},"22":{"start":{"line":56,"column":6},"end":{"line":56,"column":71}}},"fnMap":{"0":{"name":"(anonymous_0)","decl":{"start":{"line":4,"column":7},"end":{"line":4,"column":8}},"loc":{"start":{"line":4,"column":27},"end":{"line":11,"column":3}},"line":4},"1":{"name":"(anonymous_1)","decl":{"start":{"line":12,"column":11},"end":{"line":12,"column":12}},"loc":{"start":{"line":12,"column":31},"end":{"line":19,"column":3}},"line":12},"2":{"name":"(anonymous_2)","decl":{"start":{"line":20,"column":10},"end":{"line":20,"column":11}},"loc":{"start":{"line":20,"column":30},"end":{"line":33,"column":3}},"line":20},"3":{"name":"(anonymous_3)","decl":{"start":{"line":34,"column":10},"end":{"line":34,"column":11}},"loc":{"start":{"line":34,"column":30},"end":{"line":50,"column":3}},"line":34},"4":{"name":"(anonymous_4)","decl":{"start":{"line":51,"column":10},"end":{"line":51,"column":11}},"loc":{"start":{"line":51,"column":30},"end":{"line":58,"column":3}},"line":51}},"branchMap":{},"s":{"0":4,"1":1,"2":1,"3":1,"4":0,"5":2,"6":2,"7":1,"8":1,"9":2,"10":2,"11":2,"12":1,"13":1,"14":2,"15":2,"16":2,"17":1,"18":1,"19":2,"20":2,"21":1,"22":1},"f":{"0":1,"1":2,"2":2,"3":2,"4":2},"b":{},"_coverageSchema":"1a1c01bbd47fc00a2c39e90264f33305004495a9","hash":"856e02c7a3fa4d71954639439f7cd08455218799"}
,"/Users/ronyparra/Rony Developer/capacitor/backend/src/controllers/estadocobro.controller.js": {"path":"/Users/ronyparra/Rony Developer/capacitor/backend/src/controllers/estadocobro.controller.js","statementMap":{"0":{"start":{"line":3,"column":30},"end":{"line":12,"column":1}},"1":{"start":{"line":5,"column":4},"end":{"line":10,"column":5}},"2":{"start":{"line":6,"column":23},"end":{"line":6,"column":56}},"3":{"start":{"line":7,"column":6},"end":{"line":7,"column":67}},"4":{"start":{"line":9,"column":6},"end":{"line":9,"column":71}}},"fnMap":{"0":{"name":"(anonymous_0)","decl":{"start":{"line":4,"column":7},"end":{"line":4,"column":8}},"loc":{"start":{"line":4,"column":27},"end":{"line":11,"column":3}},"line":4}},"branchMap":{},"s":{"0":4,"1":0,"2":0,"3":0,"4":0},"f":{"0":0},"b":{},"_coverageSchema":"1a1c01bbd47fc00a2c39e90264f33305004495a9","hash":"da43365ad976326781d2f18616c79f2bc4a36421"}
,"/Users/ronyparra/Rony Developer/capacitor/backend/src/controllers/formulario.controller.js": {"path":"/Users/ronyparra/Rony Developer/capacitor/backend/src/controllers/formulario.controller.js","statementMap":{"0":{"start":{"line":3,"column":29},"end":{"line":12,"column":1}},"1":{"start":{"line":5,"column":4},"end":{"line":10,"column":5}},"2":{"start":{"line":6,"column":23},"end":{"line":6,"column":55}},"3":{"start":{"line":7,"column":6},"end":{"line":7,"column":67}},"4":{"start":{"line":9,"column":6},"end":{"line":9,"column":71}}},"fnMap":{"0":{"name":"(anonymous_0)","decl":{"start":{"line":4,"column":7},"end":{"line":4,"column":8}},"loc":{"start":{"line":4,"column":27},"end":{"line":11,"column":3}},"line":4}},"branchMap":{},"s":{"0":4,"1":0,"2":0,"3":0,"4":0},"f":{"0":0},"b":{},"_coverageSchema":"1a1c01bbd47fc00a2c39e90264f33305004495a9","hash":"726a00dbe8f5de5d013cc153e3e7456ea0253d61"}
,"/Users/ronyparra/Rony Developer/capacitor/backend/src/controllers/moneda.controller.js": {"path":"/Users/ronyparra/Rony Developer/capacitor/backend/src/controllers/moneda.controller.js","statementMap":{"0":{"start":{"line":3,"column":25},"end":{"line":12,"column":1}},"1":{"start":{"line":5,"column":4},"end":{"line":10,"column":5}},"2":{"start":{"line":6,"column":23},"end":{"line":6,"column":51}},"3":{"start":{"line":7,"column":6},"end":{"line":7,"column":67}},"4":{"start":{"line":9,"column":6},"end":{"line":9,"column":71}}},"fnMap":{"0":{"name":"(anonymous_0)","decl":{"start":{"line":4,"column":7},"end":{"line":4,"column":8}},"loc":{"start":{"line":4,"column":27},"end":{"line":11,"column":3}},"line":4}},"branchMap":{},"s":{"0":4,"1":0,"2":0,"3":0,"4":0},"f":{"0":0},"b":{},"_coverageSchema":"1a1c01bbd47fc00a2c39e90264f33305004495a9","hash":"2ae8e30d6a80dcedc9d2ebf1ab47b47858d6db84"}
,"/Users/ronyparra/Rony Developer/capacitor/backend/src/controllers/pendiente.controller.js": {"path":"/Users/ronyparra/Rony Developer/capacitor/backend/src/controllers/pendiente.controller.js","statementMap":{"0":{"start":{"line":4,"column":28},"end":{"line":76,"column":1}},"1":{"start":{"line":6,"column":4},"end":{"line":11,"column":5}},"2":{"start":{"line":7,"column":23},"end":{"line":7,"column":74}},"3":{"start":{"line":8,"column":6},"end":{"line":8,"column":67}},"4":{"start":{"line":10,"column":6},"end":{"line":10,"column":71}},"5":{"start":{"line":14,"column":4},"end":{"line":19,"column":5}},"6":{"start":{"line":15,"column":24},"end":{"line":15,"column":55}},"7":{"start":{"line":16,"column":6},"end":{"line":16,"column":68}},"8":{"start":{"line":18,"column":6},"end":{"line":18,"column":71}},"9":{"start":{"line":22,"column":4},"end":{"line":27,"column":5}},"10":{"start":{"line":23,"column":24},"end":{"line":23,"column":69}},"11":{"start":{"line":24,"column":6},"end":{"line":24,"column":68}},"12":{"start":{"line":26,"column":6},"end":{"line":26,"column":71}},"13":{"start":{"line":30,"column":4},"end":{"line":35,"column":5}},"14":{"start":{"line":31,"column":24},"end":{"line":31,"column":69}},"15":{"start":{"line":32,"column":6},"end":{"line":32,"column":68}},"16":{"start":{"line":34,"column":6},"end":{"line":34,"column":71}},"17":{"start":{"line":38,"column":19},"end":{"line":43,"column":5}},"18":{"start":{"line":44,"column":4},"end":{"line":49,"column":5}},"19":{"start":{"line":45,"column":24},"end":{"line":45,"column":68}},"20":{"start":{"line":46,"column":6},"end":{"line":46,"column":68}},"21":{"start":{"line":48,"column":6},"end":{"line":48,"column":71}},"22":{"start":{"line":52,"column":19},"end":{"line":57,"column":5}},"23":{"start":{"line":58,"column":4},"end":{"line":66,"column":5}},"24":{"start":{"line":59,"column":24},"end":{"line":62,"column":8}},"25":{"start":{"line":63,"column":6},"end":{"line":63,"column":68}},"26":{"start":{"line":65,"column":6},"end":{"line":65,"column":71}},"27":{"start":{"line":69,"column":4},"end":{"line":74,"column":5}},"28":{"start":{"line":70,"column":24},"end":{"line":70,"column":67}},"29":{"start":{"line":71,"column":6},"end":{"line":71,"column":68}},"30":{"start":{"line":73,"column":6},"end":{"line":73,"column":71}}},"fnMap":{"0":{"name":"(anonymous_0)","decl":{"start":{"line":5,"column":16},"end":{"line":5,"column":17}},"loc":{"start":{"line":5,"column":36},"end":{"line":12,"column":3}},"line":5},"1":{"name":"(anonymous_1)","decl":{"start":{"line":13,"column":7},"end":{"line":13,"column":8}},"loc":{"start":{"line":13,"column":27},"end":{"line":20,"column":3}},"line":13},"2":{"name":"(anonymous_2)","decl":{"start":{"line":21,"column":16},"end":{"line":21,"column":17}},"loc":{"start":{"line":21,"column":36},"end":{"line":28,"column":3}},"line":21},"3":{"name":"(anonymous_3)","decl":{"start":{"line":29,"column":11},"end":{"line":29,"column":12}},"loc":{"start":{"line":29,"column":31},"end":{"line":36,"column":3}},"line":29},"4":{"name":"(anonymous_4)","decl":{"start":{"line":37,"column":10},"end":{"line":37,"column":11}},"loc":{"start":{"line":37,"column":30},"end":{"line":50,"column":3}},"line":37},"5":{"name":"(anonymous_5)","decl":{"start":{"line":51,"column":10},"end":{"line":51,"column":11}},"loc":{"start":{"line":51,"column":30},"end":{"line":67,"column":3}},"line":51},"6":{"name":"(anonymous_6)","decl":{"start":{"line":68,"column":10},"end":{"line":68,"column":11}},"loc":{"start":{"line":68,"column":30},"end":{"line":75,"column":3}},"line":68}},"branchMap":{},"s":{"0":4,"1":0,"2":0,"3":0,"4":0,"5":0,"6":0,"7":0,"8":0,"9":0,"10":0,"11":0,"12":0,"13":0,"14":0,"15":0,"16":0,"17":0,"18":0,"19":0,"20":0,"21":0,"22":0,"23":0,"24":0,"25":0,"26":0,"27":0,"28":0,"29":0,"30":0},"f":{"0":0,"1":0,"2":0,"3":0,"4":0,"5":0,"6":0},"b":{},"_coverageSchema":"1a1c01bbd47fc00a2c39e90264f33305004495a9","hash":"be5922c2a9d14b522231acb6d51da1b97de8d9fd"}
,"/Users/ronyparra/Rony Developer/capacitor/backend/src/controllers/tipo_pendiente.controller.js": {"path":"/Users/ronyparra/Rony Developer/capacitor/backend/src/controllers/tipo_pendiente.controller.js","statementMap":{"0":{"start":{"line":3,"column":32},"end":{"line":55,"column":1}},"1":{"start":{"line":5,"column":4},"end":{"line":10,"column":5}},"2":{"start":{"line":6,"column":29},"end":{"line":6,"column":64}},"3":{"start":{"line":7,"column":6},"end":{"line":7,"column":73}},"4":{"start":{"line":9,"column":6},"end":{"line":9,"column":71}},"5":{"start":{"line":13,"column":4},"end":{"line":18,"column":5}},"6":{"start":{"line":14,"column":29},"end":{"line":14,"column":78}},"7":{"start":{"line":15,"column":6},"end":{"line":15,"column":73}},"8":{"start":{"line":17,"column":6},"end":{"line":17,"column":71}},"9":{"start":{"line":21,"column":19},"end":{"line":24,"column":5}},"10":{"start":{"line":25,"column":4},"end":{"line":30,"column":5}},"11":{"start":{"line":26,"column":29},"end":{"line":26,"column":70}},"12":{"start":{"line":27,"column":6},"end":{"line":27,"column":73}},"13":{"start":{"line":29,"column":6},"end":{"line":29,"column":71}},"14":{"start":{"line":33,"column":19},"end":{"line":36,"column":5}},"15":{"start":{"line":37,"column":4},"end":{"line":45,"column":5}},"16":{"start":{"line":38,"column":29},"end":{"line":41,"column":8}},"17":{"start":{"line":42,"column":6},"end":{"line":42,"column":73}},"18":{"start":{"line":44,"column":6},"end":{"line":44,"column":71}},"19":{"start":{"line":48,"column":4},"end":{"line":53,"column":5}},"20":{"start":{"line":49,"column":29},"end":{"line":49,"column":77}},"21":{"start":{"line":50,"column":6},"end":{"line":50,"column":73}},"22":{"start":{"line":52,"column":6},"end":{"line":52,"column":71}}},"fnMap":{"0":{"name":"(anonymous_0)","decl":{"start":{"line":4,"column":7},"end":{"line":4,"column":8}},"loc":{"start":{"line":4,"column":27},"end":{"line":11,"column":3}},"line":4},"1":{"name":"(anonymous_1)","decl":{"start":{"line":12,"column":11},"end":{"line":12,"column":12}},"loc":{"start":{"line":12,"column":31},"end":{"line":19,"column":3}},"line":12},"2":{"name":"(anonymous_2)","decl":{"start":{"line":20,"column":10},"end":{"line":20,"column":11}},"loc":{"start":{"line":20,"column":30},"end":{"line":31,"column":3}},"line":20},"3":{"name":"(anonymous_3)","decl":{"start":{"line":32,"column":10},"end":{"line":32,"column":11}},"loc":{"start":{"line":32,"column":30},"end":{"line":46,"column":3}},"line":32},"4":{"name":"(anonymous_4)","decl":{"start":{"line":47,"column":10},"end":{"line":47,"column":11}},"loc":{"start":{"line":47,"column":30},"end":{"line":54,"column":3}},"line":47}},"branchMap":{},"s":{"0":4,"1":0,"2":0,"3":0,"4":0,"5":0,"6":0,"7":0,"8":0,"9":0,"10":0,"11":0,"12":0,"13":0,"14":0,"15":0,"16":0,"17":0,"18":0,"19":0,"20":0,"21":0,"22":0},"f":{"0":0,"1":0,"2":0,"3":0,"4":0},"b":{},"_coverageSchema":"1a1c01bbd47fc00a2c39e90264f33305004495a9","hash":"16a5263f6e90504ac510a1ba990d9e82524358f1"}
,"/Users/ronyparra/Rony Developer/capacitor/backend/src/controllers/user.controller.js": {"path":"/Users/ronyparra/Rony Developer/capacitor/backend/src/controllers/user.controller.js","statementMap":{"0":{"start":{"line":4,"column":23},"end":{"line":67,"column":1}},"1":{"start":{"line":6,"column":4},"end":{"line":13,"column":5}},"2":{"start":{"line":7,"column":20},"end":{"line":7,"column":46}},"3":{"start":{"line":8,"column":6},"end":{"line":10,"column":43}},"4":{"start":{"line":12,"column":6},"end":{"line":12,"column":71}},"5":{"start":{"line":16,"column":4},"end":{"line":23,"column":5}},"6":{"start":{"line":17,"column":20},"end":{"line":17,"column":60}},"7":{"start":{"line":18,"column":6},"end":{"line":20,"column":43}},"8":{"start":{"line":22,"column":6},"end":{"line":22,"column":71}},"9":{"start":{"line":26,"column":4},"end":{"line":37,"column":5}},"10":{"start":{"line":27,"column":6},"end":{"line":30,"column":8}},"11":{"start":{"line":31,"column":20},"end":{"line":31,"column":54}},"12":{"start":{"line":32,"column":6},"end":{"line":34,"column":43}},"13":{"start":{"line":36,"column":6},"end":{"line":36,"column":71}},"14":{"start":{"line":40,"column":4},"end":{"line":55,"column":5}},"15":{"start":{"line":41,"column":6},"end":{"line":45,"column":8}},"16":{"start":{"line":42,"column":6},"end":{"line":45,"column":8}},"17":{"start":{"line":46,"column":20},"end":{"line":49,"column":8}},"18":{"start":{"line":50,"column":6},"end":{"line":52,"column":43}},"19":{"start":{"line":54,"column":6},"end":{"line":54,"column":71}},"20":{"start":{"line":58,"column":4},"end":{"line":65,"column":5}},"21":{"start":{"line":59,"column":20},"end":{"line":59,"column":59}},"22":{"start":{"line":60,"column":6},"end":{"line":62,"column":43}},"23":{"start":{"line":64,"column":6},"end":{"line":64,"column":71}}},"fnMap":{"0":{"name":"(anonymous_0)","decl":{"start":{"line":5,"column":7},"end":{"line":5,"column":8}},"loc":{"start":{"line":5,"column":27},"end":{"line":14,"column":3}},"line":5},"1":{"name":"(anonymous_1)","decl":{"start":{"line":15,"column":11},"end":{"line":15,"column":12}},"loc":{"start":{"line":15,"column":31},"end":{"line":24,"column":3}},"line":15},"2":{"name":"(anonymous_2)","decl":{"start":{"line":25,"column":10},"end":{"line":25,"column":11}},"loc":{"start":{"line":25,"column":30},"end":{"line":38,"column":3}},"line":25},"3":{"name":"(anonymous_3)","decl":{"start":{"line":39,"column":10},"end":{"line":39,"column":11}},"loc":{"start":{"line":39,"column":30},"end":{"line":56,"column":3}},"line":39},"4":{"name":"(anonymous_4)","decl":{"start":{"line":57,"column":10},"end":{"line":57,"column":11}},"loc":{"start":{"line":57,"column":30},"end":{"line":66,"column":3}},"line":57}},"branchMap":{"0":{"loc":{"start":{"line":41,"column":6},"end":{"line":45,"column":8}},"type":"if","locations":[{"start":{"line":41,"column":6},"end":{"line":45,"column":8}},{"start":{"line":41,"column":6},"end":{"line":45,"column":8}}],"line":41}},"s":{"0":4,"1":0,"2":0,"3":0,"4":0,"5":0,"6":0,"7":0,"8":0,"9":1,"10":1,"11":1,"12":1,"13":0,"14":1,"15":1,"16":1,"17":1,"18":1,"19":0,"20":1,"21":1,"22":1,"23":0},"f":{"0":0,"1":0,"2":1,"3":1,"4":1},"b":{"0":[1,0]},"_coverageSchema":"1a1c01bbd47fc00a2c39e90264f33305004495a9","hash":"e5f1479db7eb55cbcb49b03320dd11b9e672d0e9"}
,"/Users/ronyparra/Rony Developer/capacitor/backend/src/controllers/usuario_rol.controller.js": {"path":"/Users/ronyparra/Rony Developer/capacitor/backend/src/controllers/usuario_rol.controller.js","statementMap":{"0":{"start":{"line":3,"column":31},"end":{"line":47,"column":1}},"1":{"start":{"line":5,"column":4},"end":{"line":10,"column":5}},"2":{"start":{"line":6,"column":21},"end":{"line":6,"column":55}},"3":{"start":{"line":7,"column":6},"end":{"line":7,"column":65}},"4":{"start":{"line":9,"column":6},"end":{"line":9,"column":71}},"5":{"start":{"line":13,"column":4},"end":{"line":18,"column":5}},"6":{"start":{"line":14,"column":21},"end":{"line":14,"column":69}},"7":{"start":{"line":15,"column":6},"end":{"line":15,"column":65}},"8":{"start":{"line":17,"column":6},"end":{"line":17,"column":71}},"9":{"start":{"line":21,"column":4},"end":{"line":26,"column":5}},"10":{"start":{"line":22,"column":23},"end":{"line":22,"column":65}},"11":{"start":{"line":23,"column":6},"end":{"line":23,"column":67}},"12":{"start":{"line":25,"column":6},"end":{"line":25,"column":71}},"13":{"start":{"line":29,"column":4},"end":{"line":37,"column":5}},"14":{"start":{"line":30,"column":21},"end":{"line":33,"column":8}},"15":{"start":{"line":34,"column":6},"end":{"line":34,"column":65}},"16":{"start":{"line":36,"column":6},"end":{"line":36,"column":71}},"17":{"start":{"line":40,"column":4},"end":{"line":45,"column":5}},"18":{"start":{"line":41,"column":21},"end":{"line":41,"column":68}},"19":{"start":{"line":42,"column":6},"end":{"line":42,"column":65}},"20":{"start":{"line":44,"column":6},"end":{"line":44,"column":71}}},"fnMap":{"0":{"name":"(anonymous_0)","decl":{"start":{"line":4,"column":7},"end":{"line":4,"column":8}},"loc":{"start":{"line":4,"column":27},"end":{"line":11,"column":3}},"line":4},"1":{"name":"(anonymous_1)","decl":{"start":{"line":12,"column":11},"end":{"line":12,"column":12}},"loc":{"start":{"line":12,"column":31},"end":{"line":19,"column":3}},"line":12},"2":{"name":"(anonymous_2)","decl":{"start":{"line":20,"column":10},"end":{"line":20,"column":11}},"loc":{"start":{"line":20,"column":30},"end":{"line":27,"column":3}},"line":20},"3":{"name":"(anonymous_3)","decl":{"start":{"line":28,"column":10},"end":{"line":28,"column":11}},"loc":{"start":{"line":28,"column":30},"end":{"line":38,"column":3}},"line":28},"4":{"name":"(anonymous_4)","decl":{"start":{"line":39,"column":10},"end":{"line":39,"column":11}},"loc":{"start":{"line":39,"column":30},"end":{"line":46,"column":3}},"line":39}},"branchMap":{},"s":{"0":4,"1":0,"2":0,"3":0,"4":0,"5":0,"6":0,"7":0,"8":0,"9":0,"10":0,"11":0,"12":0,"13":0,"14":0,"15":0,"16":0,"17":0,"18":0,"19":0,"20":0},"f":{"0":0,"1":0,"2":0,"3":0,"4":0},"b":{},"_coverageSchema":"1a1c01bbd47fc00a2c39e90264f33305004495a9","hash":"1464bde36335a2516a34a941a1deb63618d6ba94"}
,"/Users/ronyparra/Rony Developer/capacitor/backend/src/db/index.js": {"path":"/Users/ronyparra/Rony Developer/capacitor/backend/src/db/index.js","statementMap":{"0":{"start":{"line":1,"column":17},"end":{"line":1,"column":37}},"1":{"start":{"line":2,"column":13},"end":{"line":8,"column":2}},"2":{"start":{"line":11,"column":4},"end":{"line":11,"column":46}}},"fnMap":{"0":{"name":"(anonymous_0)","decl":{"start":{"line":10,"column":9},"end":{"line":10,"column":10}},"loc":{"start":{"line":10,"column":37},"end":{"line":12,"column":3}},"line":10}},"branchMap":{},"s":{"0":5,"1":5,"2":74},"f":{"0":74},"b":{},"_coverageSchema":"1a1c01bbd47fc00a2c39e90264f33305004495a9","hash":"4a650793f139e03f208150135ef151dcbdce8f91"}
,"/Users/ronyparra/Rony Developer/capacitor/backend/src/middlewares/auth.js": {"path":"/Users/ronyparra/Rony Developer/capacitor/backend/src/middlewares/auth.js","statementMap":{"0":{"start":{"line":3,"column":22},"end":{"line":20,"column":1}},"1":{"start":{"line":4,"column":2},"end":{"line":4,"column":53}},"2":{"start":{"line":4,"column":33},"end":{"line":4,"column":53}},"3":{"start":{"line":5,"column":16},"end":{"line":5,"column":61}},"4":{"start":{"line":6,"column":2},"end":{"line":19,"column":3}},"5":{"start":{"line":7,"column":20},"end":{"line":9,"column":5}},"6":{"start":{"line":10,"column":4},"end":{"line":16,"column":5}},"7":{"start":{"line":11,"column":21},"end":{"line":11,"column":71}},"8":{"start":{"line":12,"column":6},"end":{"line":12,"column":27}},"9":{"start":{"line":13,"column":6},"end":{"line":13,"column":13}},"10":{"start":{"line":15,"column":6},"end":{"line":15,"column":26}},"11":{"start":{"line":18,"column":4},"end":{"line":18,"column":24}}},"fnMap":{"0":{"name":"(anonymous_0)","decl":{"start":{"line":3,"column":22},"end":{"line":3,"column":23}},"loc":{"start":{"line":3,"column":42},"end":{"line":20,"column":1}},"line":3}},"branchMap":{"0":{"loc":{"start":{"line":4,"column":2},"end":{"line":4,"column":53}},"type":"if","locations":[{"start":{"line":4,"column":2},"end":{"line":4,"column":53}},{"start":{"line":4,"column":2},"end":{"line":4,"column":53}}],"line":4},"1":{"loc":{"start":{"line":6,"column":2},"end":{"line":19,"column":3}},"type":"if","locations":[{"start":{"line":6,"column":2},"end":{"line":19,"column":3}},{"start":{"line":6,"column":2},"end":{"line":19,"column":3}}],"line":6}},"s":{"0":4,"1":24,"2":0,"3":24,"4":24,"5":24,"6":24,"7":24,"8":24,"9":24,"10":0,"11":0},"f":{"0":24},"b":{"0":[0,24],"1":[24,0]},"_coverageSchema":"1a1c01bbd47fc00a2c39e90264f33305004495a9","hash":"c1af5d4bb2d1d30cc892464f9b29ba5e58dbbad6"}
,"/Users/ronyparra/Rony Developer/capacitor/backend/src/middlewares/validators/actividad.validator.js": {"path":"/Users/ronyparra/Rony Developer/capacitor/backend/src/middlewares/validators/actividad.validator.js","statementMap":{"0":{"start":{"line":3,"column":27},"end":{"line":32,"column":1}},"1":{"start":{"line":20,"column":21},"end":{"line":20,"column":42}},"2":{"start":{"line":21,"column":6},"end":{"line":28,"column":7}},"3":{"start":{"line":22,"column":30},"end":{"line":24,"column":10}},"4":{"start":{"line":23,"column":10},"end":{"line":23,"column":29}},"5":{"start":{"line":25,"column":8},"end":{"line":27,"column":11}},"6":{"start":{"line":29,"column":6},"end":{"line":29,"column":13}}},"fnMap":{"0":{"name":"(anonymous_0)","decl":{"start":{"line":19,"column":4},"end":{"line":19,"column":5}},"loc":{"start":{"line":19,"column":24},"end":{"line":30,"column":5}},"line":19},"1":{"name":"(anonymous_1)","decl":{"start":{"line":22,"column":49},"end":{"line":22,"column":50}},"loc":{"start":{"line":22,"column":60},"end":{"line":24,"column":9}},"line":22}},"branchMap":{"0":{"loc":{"start":{"line":21,"column":6},"end":{"line":28,"column":7}},"type":"if","locations":[{"start":{"line":21,"column":6},"end":{"line":28,"column":7}},{"start":{"line":21,"column":6},"end":{"line":28,"column":7}}],"line":21}},"s":{"0":4,"1":0,"2":0,"3":0,"4":0,"5":0,"6":0},"f":{"0":0,"1":0},"b":{"0":[0,0]},"_coverageSchema":"1a1c01bbd47fc00a2c39e90264f33305004495a9","hash":"631cf98680d63bd6ca54ccc300b3471dcf4a2781"}
,"/Users/ronyparra/Rony Developer/capacitor/backend/src/middlewares/validators/auth.validator.js": {"path":"/Users/ronyparra/Rony Developer/capacitor/backend/src/middlewares/validators/auth.validator.js","statementMap":{"0":{"start":{"line":3,"column":22},"end":{"line":28,"column":1}},"1":{"start":{"line":16,"column":21},"end":{"line":16,"column":42}},"2":{"start":{"line":17,"column":6},"end":{"line":24,"column":7}},"3":{"start":{"line":18,"column":30},"end":{"line":20,"column":10}},"4":{"start":{"line":19,"column":10},"end":{"line":19,"column":56}},"5":{"start":{"line":21,"column":8},"end":{"line":23,"column":11}},"6":{"start":{"line":25,"column":6},"end":{"line":25,"column":13}}},"fnMap":{"0":{"name":"(anonymous_0)","decl":{"start":{"line":15,"column":4},"end":{"line":15,"column":5}},"loc":{"start":{"line":15,"column":24},"end":{"line":26,"column":5}},"line":15},"1":{"name":"(anonymous_1)","decl":{"start":{"line":18,"column":49},"end":{"line":18,"column":50}},"loc":{"start":{"line":18,"column":60},"end":{"line":20,"column":9}},"line":18}},"branchMap":{"0":{"loc":{"start":{"line":17,"column":6},"end":{"line":24,"column":7}},"type":"if","locations":[{"start":{"line":17,"column":6},"end":{"line":24,"column":7}},{"start":{"line":17,"column":6},"end":{"line":24,"column":7}}],"line":17}},"s":{"0":4,"1":7,"2":7,"3":0,"4":0,"5":0,"6":7},"f":{"0":7,"1":0},"b":{"0":[0,7]},"_coverageSchema":"1a1c01bbd47fc00a2c39e90264f33305004495a9","hash":"5ca9dbf229d60a082198a777a216315e60ba1c79"}
,"/Users/ronyparra/Rony Developer/capacitor/backend/src/middlewares/validators/categoria.validator.js": {"path":"/Users/ronyparra/Rony Developer/capacitor/backend/src/middlewares/validators/categoria.validator.js","statementMap":{"0":{"start":{"line":3,"column":27},"end":{"line":24,"column":1}},"1":{"start":{"line":12,"column":21},"end":{"line":12,"column":42}},"2":{"start":{"line":13,"column":6},"end":{"line":20,"column":7}},"3":{"start":{"line":14,"column":30},"end":{"line":16,"column":10}},"4":{"start":{"line":15,"column":10},"end":{"line":15,"column":56}},"5":{"start":{"line":17,"column":8},"end":{"line":19,"column":11}},"6":{"start":{"line":21,"column":6},"end":{"line":21,"column":13}}},"fnMap":{"0":{"name":"(anonymous_0)","decl":{"start":{"line":11,"column":4},"end":{"line":11,"column":5}},"loc":{"start":{"line":11,"column":24},"end":{"line":22,"column":5}},"line":11},"1":{"name":"(anonymous_1)","decl":{"start":{"line":14,"column":49},"end":{"line":14,"column":50}},"loc":{"start":{"line":14,"column":60},"end":{"line":16,"column":9}},"line":14}},"branchMap":{"0":{"loc":{"start":{"line":13,"column":6},"end":{"line":20,"column":7}},"type":"if","locations":[{"start":{"line":13,"column":6},"end":{"line":20,"column":7}},{"start":{"line":13,"column":6},"end":{"line":20,"column":7}}],"line":13}},"s":{"0":4,"1":0,"2":0,"3":0,"4":0,"5":0,"6":0},"f":{"0":0,"1":0},"b":{"0":[0,0]},"_coverageSchema":"1a1c01bbd47fc00a2c39e90264f33305004495a9","hash":"0d5f3ac615e4c0d6adb5f42436b7ccec00a77203"}
,"/Users/ronyparra/Rony Developer/capacitor/backend/src/middlewares/validators/cliente.validator.js": {"path":"/Users/ronyparra/Rony Developer/capacitor/backend/src/middlewares/validators/cliente.validator.js","statementMap":{"0":{"start":{"line":3,"column":25},"end":{"line":25,"column":1}},"1":{"start":{"line":13,"column":21},"end":{"line":13,"column":42}},"2":{"start":{"line":14,"column":6},"end":{"line":21,"column":7}},"3":{"start":{"line":15,"column":30},"end":{"line":17,"column":10}},"4":{"start":{"line":16,"column":10},"end":{"line":16,"column":56}},"5":{"start":{"line":18,"column":8},"end":{"line":20,"column":11}},"6":{"start":{"line":22,"column":6},"end":{"line":22,"column":13}}},"fnMap":{"0":{"name":"(anonymous_0)","decl":{"start":{"line":12,"column":4},"end":{"line":12,"column":5}},"loc":{"start":{"line":12,"column":24},"end":{"line":23,"column":5}},"line":12},"1":{"name":"(anonymous_1)","decl":{"start":{"line":15,"column":49},"end":{"line":15,"column":50}},"loc":{"start":{"line":15,"column":60},"end":{"line":17,"column":9}},"line":15}},"branchMap":{"0":{"loc":{"start":{"line":14,"column":6},"end":{"line":21,"column":7}},"type":"if","locations":[{"start":{"line":14,"column":6},"end":{"line":21,"column":7}},{"start":{"line":14,"column":6},"end":{"line":21,"column":7}}],"line":14}},"s":{"0":4,"1":6,"2":6,"3":0,"4":0,"5":0,"6":6},"f":{"0":6,"1":0},"b":{"0":[0,6]},"_coverageSchema":"1a1c01bbd47fc00a2c39e90264f33305004495a9","hash":"fa47a12458e630c8564bd20c24a8aea52c94daca"}
,"/Users/ronyparra/Rony Developer/capacitor/backend/src/middlewares/validators/cobro.validator.js": {"path":"/Users/ronyparra/Rony Developer/capacitor/backend/src/middlewares/validators/cobro.validator.js","statementMap":{"0":{"start":{"line":3,"column":23},"end":{"line":34,"column":1}},"1":{"start":{"line":22,"column":21},"end":{"line":22,"column":42}},"2":{"start":{"line":23,"column":6},"end":{"line":30,"column":7}},"3":{"start":{"line":24,"column":30},"end":{"line":26,"column":10}},"4":{"start":{"line":25,"column":10},"end":{"line":25,"column":27}},"5":{"start":{"line":27,"column":8},"end":{"line":29,"column":11}},"6":{"start":{"line":31,"column":6},"end":{"line":31,"column":13}}},"fnMap":{"0":{"name":"(anonymous_0)","decl":{"start":{"line":21,"column":4},"end":{"line":21,"column":5}},"loc":{"start":{"line":21,"column":24},"end":{"line":32,"column":5}},"line":21},"1":{"name":"(anonymous_1)","decl":{"start":{"line":24,"column":49},"end":{"line":24,"column":50}},"loc":{"start":{"line":24,"column":60},"end":{"line":26,"column":9}},"line":24}},"branchMap":{"0":{"loc":{"start":{"line":23,"column":6},"end":{"line":30,"column":7}},"type":"if","locations":[{"start":{"line":23,"column":6},"end":{"line":30,"column":7}},{"start":{"line":23,"column":6},"end":{"line":30,"column":7}}],"line":23}},"s":{"0":4,"1":0,"2":0,"3":0,"4":0,"5":0,"6":0},"f":{"0":0,"1":0},"b":{"0":[0,0]},"_coverageSchema":"1a1c01bbd47fc00a2c39e90264f33305004495a9","hash":"eda97ae1305370d5939de5e8e49fd335117a8085"}
,"/Users/ronyparra/Rony Developer/capacitor/backend/src/middlewares/validators/concepto.validator.js": {"path":"/Users/ronyparra/Rony Developer/capacitor/backend/src/middlewares/validators/concepto.validator.js","statementMap":{"0":{"start":{"line":3,"column":26},"end":{"line":35,"column":1}},"1":{"start":{"line":23,"column":21},"end":{"line":23,"column":42}},"2":{"start":{"line":24,"column":6},"end":{"line":31,"column":7}},"3":{"start":{"line":25,"column":30},"end":{"line":27,"column":10}},"4":{"start":{"line":26,"column":10},"end":{"line":26,"column":56}},"5":{"start":{"line":28,"column":8},"end":{"line":30,"column":11}},"6":{"start":{"line":32,"column":6},"end":{"line":32,"column":13}}},"fnMap":{"0":{"name":"(anonymous_0)","decl":{"start":{"line":22,"column":4},"end":{"line":22,"column":5}},"loc":{"start":{"line":22,"column":24},"end":{"line":33,"column":5}},"line":22},"1":{"name":"(anonymous_1)","decl":{"start":{"line":25,"column":49},"end":{"line":25,"column":50}},"loc":{"start":{"line":25,"column":60},"end":{"line":27,"column":9}},"line":25}},"branchMap":{"0":{"loc":{"start":{"line":24,"column":6},"end":{"line":31,"column":7}},"type":"if","locations":[{"start":{"line":24,"column":6},"end":{"line":31,"column":7}},{"start":{"line":24,"column":6},"end":{"line":31,"column":7}}],"line":24}},"s":{"0":4,"1":4,"2":4,"3":0,"4":0,"5":0,"6":4},"f":{"0":4,"1":0},"b":{"0":[0,4]},"_coverageSchema":"1a1c01bbd47fc00a2c39e90264f33305004495a9","hash":"ed844596fdea0ab1772f88ac2535047e74223a8a"}
,"/Users/ronyparra/Rony Developer/capacitor/backend/src/middlewares/validators/pendiente.validator.js": {"path":"/Users/ronyparra/Rony Developer/capacitor/backend/src/middlewares/validators/pendiente.validator.js","statementMap":{"0":{"start":{"line":3,"column":27},"end":{"line":26,"column":1}},"1":{"start":{"line":14,"column":21},"end":{"line":14,"column":42}},"2":{"start":{"line":15,"column":6},"end":{"line":22,"column":7}},"3":{"start":{"line":16,"column":30},"end":{"line":18,"column":10}},"4":{"start":{"line":17,"column":10},"end":{"line":17,"column":29}},"5":{"start":{"line":19,"column":8},"end":{"line":21,"column":11}},"6":{"start":{"line":23,"column":6},"end":{"line":23,"column":13}}},"fnMap":{"0":{"name":"(anonymous_0)","decl":{"start":{"line":13,"column":4},"end":{"line":13,"column":5}},"loc":{"start":{"line":13,"column":24},"end":{"line":24,"column":5}},"line":13},"1":{"name":"(anonymous_1)","decl":{"start":{"line":16,"column":49},"end":{"line":16,"column":50}},"loc":{"start":{"line":16,"column":60},"end":{"line":18,"column":9}},"line":16}},"branchMap":{"0":{"loc":{"start":{"line":15,"column":6},"end":{"line":22,"column":7}},"type":"if","locations":[{"start":{"line":15,"column":6},"end":{"line":22,"column":7}},{"start":{"line":15,"column":6},"end":{"line":22,"column":7}}],"line":15}},"s":{"0":4,"1":0,"2":0,"3":0,"4":0,"5":0,"6":0},"f":{"0":0,"1":0},"b":{"0":[0,0]},"_coverageSchema":"1a1c01bbd47fc00a2c39e90264f33305004495a9","hash":"20f9c23d8c8267fab1c6f878accfa94599ef768a"}
,"/Users/ronyparra/Rony Developer/capacitor/backend/src/middlewares/validators/tipo_pendiente.validator.js": {"path":"/Users/ronyparra/Rony Developer/capacitor/backend/src/middlewares/validators/tipo_pendiente.validator.js","statementMap":{"0":{"start":{"line":3,"column":31},"end":{"line":25,"column":1}},"1":{"start":{"line":13,"column":21},"end":{"line":13,"column":42}},"2":{"start":{"line":14,"column":6},"end":{"line":21,"column":7}},"3":{"start":{"line":15,"column":30},"end":{"line":17,"column":10}},"4":{"start":{"line":16,"column":10},"end":{"line":16,"column":56}},"5":{"start":{"line":18,"column":8},"end":{"line":20,"column":11}},"6":{"start":{"line":22,"column":6},"end":{"line":22,"column":13}}},"fnMap":{"0":{"name":"(anonymous_0)","decl":{"start":{"line":12,"column":4},"end":{"line":12,"column":5}},"loc":{"start":{"line":12,"column":24},"end":{"line":23,"column":5}},"line":12},"1":{"name":"(anonymous_1)","decl":{"start":{"line":15,"column":49},"end":{"line":15,"column":50}},"loc":{"start":{"line":15,"column":60},"end":{"line":17,"column":9}},"line":15}},"branchMap":{"0":{"loc":{"start":{"line":14,"column":6},"end":{"line":21,"column":7}},"type":"if","locations":[{"start":{"line":14,"column":6},"end":{"line":21,"column":7}},{"start":{"line":14,"column":6},"end":{"line":21,"column":7}}],"line":14}},"s":{"0":4,"1":0,"2":0,"3":0,"4":0,"5":0,"6":0},"f":{"0":0,"1":0},"b":{"0":[0,0]},"_coverageSchema":"1a1c01bbd47fc00a2c39e90264f33305004495a9","hash":"73c0db251c5d731f787bfe1e474ed3843b67585e"}
,"/Users/ronyparra/Rony Developer/capacitor/backend/src/middlewares/validators/user.validator.js": {"path":"/Users/ronyparra/Rony Developer/capacitor/backend/src/middlewares/validators/user.validator.js","statementMap":{"0":{"start":{"line":3,"column":22},"end":{"line":71,"column":1}},"1":{"start":{"line":28,"column":21},"end":{"line":28,"column":42}},"2":{"start":{"line":29,"column":6},"end":{"line":36,"column":7}},"3":{"start":{"line":30,"column":30},"end":{"line":32,"column":10}},"4":{"start":{"line":31,"column":10},"end":{"line":31,"column":27}},"5":{"start":{"line":33,"column":8},"end":{"line":35,"column":11}},"6":{"start":{"line":37,"column":6},"end":{"line":37,"column":13}},"7":{"start":{"line":59,"column":21},"end":{"line":59,"column":42}},"8":{"start":{"line":60,"column":6},"end":{"line":67,"column":7}},"9":{"start":{"line":61,"column":30},"end":{"line":63,"column":10}},"10":{"start":{"line":62,"column":10},"end":{"line":62,"column":27}},"11":{"start":{"line":64,"column":8},"end":{"line":66,"column":11}},"12":{"start":{"line":68,"column":6},"end":{"line":68,"column":13}}},"fnMap":{"0":{"name":"(anonymous_0)","decl":{"start":{"line":27,"column":4},"end":{"line":27,"column":5}},"loc":{"start":{"line":27,"column":24},"end":{"line":38,"column":5}},"line":27},"1":{"name":"(anonymous_1)","decl":{"start":{"line":30,"column":49},"end":{"line":30,"column":50}},"loc":{"start":{"line":30,"column":60},"end":{"line":32,"column":9}},"line":30},"2":{"name":"(anonymous_2)","decl":{"start":{"line":58,"column":4},"end":{"line":58,"column":5}},"loc":{"start":{"line":58,"column":24},"end":{"line":69,"column":5}},"line":58},"3":{"name":"(anonymous_3)","decl":{"start":{"line":61,"column":49},"end":{"line":61,"column":50}},"loc":{"start":{"line":61,"column":60},"end":{"line":63,"column":9}},"line":61}},"branchMap":{"0":{"loc":{"start":{"line":29,"column":6},"end":{"line":36,"column":7}},"type":"if","locations":[{"start":{"line":29,"column":6},"end":{"line":36,"column":7}},{"start":{"line":29,"column":6},"end":{"line":36,"column":7}}],"line":29},"1":{"loc":{"start":{"line":60,"column":6},"end":{"line":67,"column":7}},"type":"if","locations":[{"start":{"line":60,"column":6},"end":{"line":67,"column":7}},{"start":{"line":60,"column":6},"end":{"line":67,"column":7}}],"line":60}},"s":{"0":4,"1":1,"2":1,"3":0,"4":0,"5":0,"6":1,"7":1,"8":1,"9":0,"10":0,"11":0,"12":1},"f":{"0":1,"1":0,"2":1,"3":0},"b":{"0":[0,1],"1":[0,1]},"_coverageSchema":"1a1c01bbd47fc00a2c39e90264f33305004495a9","hash":"e8e63e8bcabd5128e692d0598377008dd4d759e5"}
,"/Users/ronyparra/Rony Developer/capacitor/backend/src/middlewares/validators/usuaro_rol.validator.js": {"path":"/Users/ronyparra/Rony Developer/capacitor/backend/src/middlewares/validators/usuaro_rol.validator.js","statementMap":{"0":{"start":{"line":3,"column":30},"end":{"line":24,"column":1}},"1":{"start":{"line":12,"column":21},"end":{"line":12,"column":42}},"2":{"start":{"line":13,"column":6},"end":{"line":20,"column":7}},"3":{"start":{"line":14,"column":30},"end":{"line":16,"column":10}},"4":{"start":{"line":15,"column":10},"end":{"line":15,"column":56}},"5":{"start":{"line":17,"column":8},"end":{"line":19,"column":11}},"6":{"start":{"line":21,"column":6},"end":{"line":21,"column":13}}},"fnMap":{"0":{"name":"(anonymous_0)","decl":{"start":{"line":11,"column":4},"end":{"line":11,"column":5}},"loc":{"start":{"line":11,"column":24},"end":{"line":22,"column":5}},"line":11},"1":{"name":"(anonymous_1)","decl":{"start":{"line":14,"column":49},"end":{"line":14,"column":50}},"loc":{"start":{"line":14,"column":60},"end":{"line":16,"column":9}},"line":14}},"branchMap":{"0":{"loc":{"start":{"line":13,"column":6},"end":{"line":20,"column":7}},"type":"if","locations":[{"start":{"line":13,"column":6},"end":{"line":20,"column":7}},{"start":{"line":13,"column":6},"end":{"line":20,"column":7}}],"line":13}},"s":{"0":4,"1":0,"2":0,"3":0,"4":0,"5":0,"6":0},"f":{"0":0,"1":0},"b":{"0":[0,0]},"_coverageSchema":"1a1c01bbd47fc00a2c39e90264f33305004495a9","hash":"a02754cc13b4ab2a76b64260bee9dc2c217c835d"}
,"/Users/ronyparra/Rony Developer/capacitor/backend/src/routes/actividad.router.js": {"path":"/Users/ronyparra/Rony Developer/capacitor/backend/src/routes/actividad.router.js","statementMap":{"0":{"start":{"line":6,"column":15},"end":{"line":6,"column":23}},"1":{"start":{"line":8,"column":0},"end":{"line":8,"column":47}},"2":{"start":{"line":9,"column":0},"end":{"line":9,"column":54}},"3":{"start":{"line":10,"column":0},"end":{"line":10,"column":63}},"4":{"start":{"line":11,"column":0},"end":{"line":11,"column":76}},"5":{"start":{"line":12,"column":0},"end":{"line":12,"column":78}},"6":{"start":{"line":13,"column":0},"end":{"line":13,"column":56}}},"fnMap":{},"branchMap":{},"s":{"0":4,"1":4,"2":4,"3":4,"4":4,"5":4,"6":4},"f":{},"b":{},"_coverageSchema":"1a1c01bbd47fc00a2c39e90264f33305004495a9","hash":"acbc2c58b9450f5e8084ca2ad7e90c6552c14c1f"}
,"/Users/ronyparra/Rony Developer/capacitor/backend/src/routes/analytics.router.js": {"path":"/Users/ronyparra/Rony Developer/capacitor/backend/src/routes/analytics.router.js","statementMap":{"0":{"start":{"line":5,"column":15},"end":{"line":5,"column":23}},"1":{"start":{"line":7,"column":0},"end":{"line":7,"column":65}},"2":{"start":{"line":8,"column":0},"end":{"line":8,"column":66}},"3":{"start":{"line":9,"column":0},"end":{"line":9,"column":61}},"4":{"start":{"line":10,"column":0},"end":{"line":10,"column":63}},"5":{"start":{"line":11,"column":0},"end":{"line":11,"column":61}},"6":{"start":{"line":12,"column":0},"end":{"line":12,"column":65}},"7":{"start":{"line":13,"column":0},"end":{"line":13,"column":60}},"8":{"start":{"line":14,"column":0},"end":{"line":14,"column":71}}},"fnMap":{},"branchMap":{},"s":{"0":4,"1":4,"2":4,"3":4,"4":4,"5":4,"6":4,"7":4,"8":4},"f":{},"b":{},"_coverageSchema":"1a1c01bbd47fc00a2c39e90264f33305004495a9","hash":"c4a6d3842e85cb0232d42a82b3c60475fde4534b"}
,"/Users/ronyparra/Rony Developer/capacitor/backend/src/routes/auth.router.js": {"path":"/Users/ronyparra/Rony Developer/capacitor/backend/src/routes/auth.router.js","statementMap":{"0":{"start":{"line":5,"column":15},"end":{"line":5,"column":23}},"1":{"start":{"line":7,"column":0},"end":{"line":7,"column":59}}},"fnMap":{},"branchMap":{},"s":{"0":4,"1":4},"f":{},"b":{},"_coverageSchema":"1a1c01bbd47fc00a2c39e90264f33305004495a9","hash":"cd85a097baa11f97c020df0900f35935cc77c96b"}
,"/Users/ronyparra/Rony Developer/capacitor/backend/src/routes/categoria.router.js": {"path":"/Users/ronyparra/Rony Developer/capacitor/backend/src/routes/categoria.router.js","statementMap":{"0":{"start":{"line":6,"column":15},"end":{"line":6,"column":23}},"1":{"start":{"line":8,"column":0},"end":{"line":8,"column":47}},"2":{"start":{"line":9,"column":0},"end":{"line":9,"column":54}},"3":{"start":{"line":10,"column":0},"end":{"line":10,"column":76}},"4":{"start":{"line":11,"column":0},"end":{"line":11,"column":78}},"5":{"start":{"line":12,"column":0},"end":{"line":12,"column":56}}},"fnMap":{},"branchMap":{},"s":{"0":4,"1":4,"2":4,"3":4,"4":4,"5":4},"f":{},"b":{},"_coverageSchema":"1a1c01bbd47fc00a2c39e90264f33305004495a9","hash":"96bdcdb67442544d4f1a172eff176cf7744c5652"}
,"/Users/ronyparra/Rony Developer/capacitor/backend/src/routes/cliente.router.js": {"path":"/Users/ronyparra/Rony Developer/capacitor/backend/src/routes/cliente.router.js","statementMap":{"0":{"start":{"line":6,"column":15},"end":{"line":6,"column":23}},"1":{"start":{"line":8,"column":0},"end":{"line":8,"column":45}},"2":{"start":{"line":9,"column":0},"end":{"line":9,"column":52}},"3":{"start":{"line":10,"column":0},"end":{"line":10,"column":72}},"4":{"start":{"line":11,"column":0},"end":{"line":11,"column":74}},"5":{"start":{"line":12,"column":0},"end":{"line":12,"column":54}}},"fnMap":{},"branchMap":{},"s":{"0":4,"1":4,"2":4,"3":4,"4":4,"5":4},"f":{},"b":{},"_coverageSchema":"1a1c01bbd47fc00a2c39e90264f33305004495a9","hash":"f5e44c7b2866a4dcae4374c602f75b00d4848b50"}
,"/Users/ronyparra/Rony Developer/capacitor/backend/src/routes/cobro.router.js": {"path":"/Users/ronyparra/Rony Developer/capacitor/backend/src/routes/cobro.router.js","statementMap":{"0":{"start":{"line":6,"column":15},"end":{"line":6,"column":23}},"1":{"start":{"line":8,"column":0},"end":{"line":8,"column":43}},"2":{"start":{"line":9,"column":0},"end":{"line":9,"column":50}},"3":{"start":{"line":10,"column":0},"end":{"line":10,"column":68}},"4":{"start":{"line":11,"column":0},"end":{"line":11,"column":70}},"5":{"start":{"line":12,"column":0},"end":{"line":12,"column":52}}},"fnMap":{},"branchMap":{},"s":{"0":4,"1":4,"2":4,"3":4,"4":4,"5":4},"f":{},"b":{},"_coverageSchema":"1a1c01bbd47fc00a2c39e90264f33305004495a9","hash":"09f8a570a88f828b3c5b6d844d9ccfe424809349"}
,"/Users/ronyparra/Rony Developer/capacitor/backend/src/routes/concepto.router.js": {"path":"/Users/ronyparra/Rony Developer/capacitor/backend/src/routes/concepto.router.js","statementMap":{"0":{"start":{"line":6,"column":15},"end":{"line":6,"column":23}},"1":{"start":{"line":8,"column":0},"end":{"line":8,"column":46}},"2":{"start":{"line":9,"column":0},"end":{"line":9,"column":53}},"3":{"start":{"line":10,"column":0},"end":{"line":10,"column":74}},"4":{"start":{"line":11,"column":0},"end":{"line":11,"column":76}},"5":{"start":{"line":12,"column":0},"end":{"line":12,"column":55}}},"fnMap":{},"branchMap":{},"s":{"0":4,"1":4,"2":4,"3":4,"4":4,"5":4},"f":{},"b":{},"_coverageSchema":"1a1c01bbd47fc00a2c39e90264f33305004495a9","hash":"212cf617592a8ecf39f4f881e68e83463832811b"}
,"/Users/ronyparra/Rony Developer/capacitor/backend/src/routes/estadocobro.router.js": {"path":"/Users/ronyparra/Rony Developer/capacitor/backend/src/routes/estadocobro.router.js","statementMap":{"0":{"start":{"line":5,"column":15},"end":{"line":5,"column":23}},"1":{"start":{"line":7,"column":0},"end":{"line":7,"column":49}}},"fnMap":{},"branchMap":{},"s":{"0":4,"1":4},"f":{},"b":{},"_coverageSchema":"1a1c01bbd47fc00a2c39e90264f33305004495a9","hash":"629698247b85ba202505289a20af0d12a3743b6d"}
,"/Users/ronyparra/Rony Developer/capacitor/backend/src/routes/formulario.router.js": {"path":"/Users/ronyparra/Rony Developer/capacitor/backend/src/routes/formulario.router.js","statementMap":{"0":{"start":{"line":5,"column":15},"end":{"line":5,"column":23}},"1":{"start":{"line":7,"column":0},"end":{"line":7,"column":48}}},"fnMap":{},"branchMap":{},"s":{"0":4,"1":4},"f":{},"b":{},"_coverageSchema":"1a1c01bbd47fc00a2c39e90264f33305004495a9","hash":"97f752976ea582bd1ad9d0bb2d954452739d8c38"}
,"/Users/ronyparra/Rony Developer/capacitor/backend/src/routes/index.js": {"path":"/Users/ronyparra/Rony Developer/capacitor/backend/src/routes/index.js","statementMap":{},"fnMap":{},"branchMap":{},"s":{},"f":{},"b":{},"_coverageSchema":"1a1c01bbd47fc00a2c39e90264f33305004495a9","hash":"48d39b2dc88c4820babd8691c2bba1bebbe9f428"}
,"/Users/ronyparra/Rony Developer/capacitor/backend/src/routes/moneda.router.js": {"path":"/Users/ronyparra/Rony Developer/capacitor/backend/src/routes/moneda.router.js","statementMap":{"0":{"start":{"line":5,"column":15},"end":{"line":5,"column":23}},"1":{"start":{"line":7,"column":0},"end":{"line":7,"column":44}}},"fnMap":{},"branchMap":{},"s":{"0":4,"1":4},"f":{},"b":{},"_coverageSchema":"1a1c01bbd47fc00a2c39e90264f33305004495a9","hash":"44d5258b4532e4810d4d5335626748d427b93131"}
,"/Users/ronyparra/Rony Developer/capacitor/backend/src/routes/pendiente.router.js": {"path":"/Users/ronyparra/Rony Developer/capacitor/backend/src/routes/pendiente.router.js","statementMap":{"0":{"start":{"line":6,"column":15},"end":{"line":6,"column":23}},"1":{"start":{"line":8,"column":0},"end":{"line":8,"column":47}},"2":{"start":{"line":9,"column":0},"end":{"line":9,"column":65}},"3":{"start":{"line":10,"column":0},"end":{"line":10,"column":63}},"4":{"start":{"line":11,"column":0},"end":{"line":11,"column":54}},"5":{"start":{"line":12,"column":0},"end":{"line":12,"column":76}},"6":{"start":{"line":13,"column":0},"end":{"line":13,"column":78}},"7":{"start":{"line":14,"column":0},"end":{"line":14,"column":56}}},"fnMap":{},"branchMap":{},"s":{"0":4,"1":4,"2":4,"3":4,"4":4,"5":4,"6":4,"7":4},"f":{},"b":{},"_coverageSchema":"1a1c01bbd47fc00a2c39e90264f33305004495a9","hash":"0848445a69ec959883f76e039fb87b0f77e7c8fb"}
,"/Users/ronyparra/Rony Developer/capacitor/backend/src/routes/tipo_pendiente.router.js": {"path":"/Users/ronyparra/Rony Developer/capacitor/backend/src/routes/tipo_pendiente.router.js","statementMap":{"0":{"start":{"line":6,"column":15},"end":{"line":6,"column":23}},"1":{"start":{"line":8,"column":0},"end":{"line":8,"column":51}},"2":{"start":{"line":9,"column":0},"end":{"line":9,"column":58}},"3":{"start":{"line":10,"column":0},"end":{"line":10,"column":84}},"4":{"start":{"line":11,"column":0},"end":{"line":11,"column":86}},"5":{"start":{"line":12,"column":0},"end":{"line":12,"column":60}}},"fnMap":{},"branchMap":{},"s":{"0":4,"1":4,"2":4,"3":4,"4":4,"5":4},"f":{},"b":{},"_coverageSchema":"1a1c01bbd47fc00a2c39e90264f33305004495a9","hash":"1142121c84a76ad91b92ff0853a722e0e857ab38"}
,"/Users/ronyparra/Rony Developer/capacitor/backend/src/routes/user.router.js": {"path":"/Users/ronyparra/Rony Developer/capacitor/backend/src/routes/user.router.js","statementMap":{"0":{"start":{"line":6,"column":15},"end":{"line":6,"column":23}},"1":{"start":{"line":8,"column":0},"end":{"line":8,"column":42}},"2":{"start":{"line":9,"column":0},"end":{"line":9,"column":49}},"3":{"start":{"line":10,"column":0},"end":{"line":10,"column":66}},"4":{"start":{"line":11,"column":0},"end":{"line":11,"column":70}},"5":{"start":{"line":12,"column":0},"end":{"line":12,"column":51}}},"fnMap":{},"branchMap":{},"s":{"0":4,"1":4,"2":4,"3":4,"4":4,"5":4},"f":{},"b":{},"_coverageSchema":"1a1c01bbd47fc00a2c39e90264f33305004495a9","hash":"6c7e3e258a0e27d7f68c04c5d50cc290eb168dad"}
,"/Users/ronyparra/Rony Developer/capacitor/backend/src/routes/usuario_rol.router.js": {"path":"/Users/ronyparra/Rony Developer/capacitor/backend/src/routes/usuario_rol.router.js","statementMap":{"0":{"start":{"line":6,"column":15},"end":{"line":6,"column":23}},"1":{"start":{"line":8,"column":0},"end":{"line":8,"column":50}},"2":{"start":{"line":9,"column":0},"end":{"line":9,"column":57}},"3":{"start":{"line":10,"column":0},"end":{"line":10,"column":82}},"4":{"start":{"line":11,"column":0},"end":{"line":11,"column":84}},"5":{"start":{"line":12,"column":0},"end":{"line":12,"column":59}}},"fnMap":{},"branchMap":{},"s":{"0":4,"1":4,"2":4,"3":4,"4":4,"5":4},"f":{},"b":{},"_coverageSchema":"1a1c01bbd47fc00a2c39e90264f33305004495a9","hash":"dbdd359525c96e6ef29c7d1144158771ad67ab91"}
,"/Users/ronyparra/Rony Developer/capacitor/backend/src/services/categoria.service.js": {"path":"/Users/ronyparra/Rony Developer/capacitor/backend/src/services/categoria.service.js","statementMap":{"0":{"start":{"line":2,"column":14},"end":{"line":9,"column":1}},"1":{"start":{"line":10,"column":25},"end":{"line":60,"column":1}},"2":{"start":{"line":12,"column":4},"end":{"line":17,"column":5}},"3":{"start":{"line":13,"column":22},"end":{"line":13,"column":43}},"4":{"start":{"line":14,"column":6},"end":{"line":14,"column":45}},"5":{"start":{"line":14,"column":37},"end":{"line":14,"column":43}},"6":{"start":{"line":16,"column":6},"end":{"line":16,"column":14}},"7":{"start":{"line":20,"column":4},"end":{"line":25,"column":5}},"8":{"start":{"line":21,"column":22},"end":{"line":21,"column":78}},"9":{"start":{"line":22,"column":6},"end":{"line":22,"column":34}},"10":{"start":{"line":24,"column":6},"end":{"line":24,"column":14}},"11":{"start":{"line":28,"column":4},"end":{"line":36,"column":5}},"12":{"start":{"line":29,"column":22},"end":{"line":32,"column":7}},"13":{"start":{"line":33,"column":6},"end":{"line":33,"column":26}},"14":{"start":{"line":35,"column":6},"end":{"line":35,"column":14}},"15":{"start":{"line":39,"column":4},"end":{"line":47,"column":5}},"16":{"start":{"line":40,"column":22},"end":{"line":43,"column":7}},"17":{"start":{"line":44,"column":6},"end":{"line":44,"column":26}},"18":{"start":{"line":46,"column":6},"end":{"line":46,"column":14}},"19":{"start":{"line":50,"column":4},"end":{"line":58,"column":5}},"20":{"start":{"line":51,"column":22},"end":{"line":54,"column":7}},"21":{"start":{"line":55,"column":6},"end":{"line":55,"column":26}},"22":{"start":{"line":57,"column":6},"end":{"line":57,"column":14}}},"fnMap":{"0":{"name":"(anonymous_0)","decl":{"start":{"line":11,"column":10},"end":{"line":11,"column":11}},"loc":{"start":{"line":11,"column":22},"end":{"line":18,"column":3}},"line":11},"1":{"name":"(anonymous_1)","decl":{"start":{"line":14,"column":30},"end":{"line":14,"column":31}},"loc":{"start":{"line":14,"column":37},"end":{"line":14,"column":43}},"line":14},"2":{"name":"(anonymous_2)","decl":{"start":{"line":19,"column":11},"end":{"line":19,"column":12}},"loc":{"start":{"line":19,"column":25},"end":{"line":26,"column":3}},"line":19},"3":{"name":"(anonymous_3)","decl":{"start":{"line":27,"column":10},"end":{"line":27,"column":11}},"loc":{"start":{"line":27,"column":37},"end":{"line":37,"column":3}},"line":27},"4":{"name":"(anonymous_4)","decl":{"start":{"line":38,"column":10},"end":{"line":38,"column":11}},"loc":{"start":{"line":38,"column":41},"end":{"line":48,"column":3}},"line":38},"5":{"name":"(anonymous_5)","decl":{"start":{"line":49,"column":10},"end":{"line":49,"column":11}},"loc":{"start":{"line":49,"column":24},
[...]
,"/Users/ronyparra/Rony Developer/capacitor/backend/src/services/auth.service/index.js": {"path":"/Users/ronyparra/Rony Developer/capacitor/backend/src/services/auth.service/index.js","statementMap":{},"fnMap":{},"branchMap":{},"s":{},"f":{},"b":{},"_coverageSchema":"1a1c01bbd47fc00a2c39e90264f33305004495a9","hash":"5f2d969ca58c2094b4b7798630705a0dc0416930"}
,"/Users/ronyparra/Rony Developer/capacitor/backend/src/services/cobro.service/crud.service.js": {"path":"/Users/ronyparra/Rony Developer/capacitor/backend/src/services/cobro.service/crud.service.js","statementMap":{"0":{"start":{"line":4,"column":22},"end":{"line":43,"column":1}},"1":{"start":{"line":14,"column":2},"end":{"line":42,"column":3}},"2":{"start":{"line":15,"column":4},"end":{"line":15,"column":28}},"3":{"start":{"line":16,"column":20},"end":{"line":35,"column":5}},"4":{"start":{"line":36,"column":4},"end":{"line":36,"column":70}},"5":{"start":{"line":37,"column":4},"end":{"line":37,"column":29}},"6":{"start":{"line":38,"column":4},"end":{"line":38,"column":24}},"7":{"start":{"line":40,"column":4},"end":{"line":40,"column":31}},"8":{"start":{"line":41,"column":4},"end":{"line":41,"column":12}},"9":{"start":{"line":44,"column":21},"end":{"line":62,"column":1}},"10":{"start":{"line":45,"column":2},"end":{"line":61,"column":3}},"11":{"start":{"line":46,"column":28},"end":{"line":49,"column":5}},"12":{"start":{"line":50,"column":4},"end":{"line":50,"column":63}},"13":{"start":{"line":51,"column":4},"end":{"line":53,"column":7}},"14":{"start":{"line":54,"column":20},"end":{"line":57,"column":5}},"15":{"start":{"line":58,"column":4},"end":{"line":58,"column":24}},"16":{"start":{"line":60,"column":4},"end":{"line":60,"column":12}}},"fnMap":{"0":{"name":"(anonymous_0)","decl":{"start":{"line":4,"column":22},"end":{"line":4,"column":23}},"loc":{"start":{"line":13,"column":6},"end":{"line":43,"column":1}},"line":13},"1":{"name":"(anonymous_1)","decl":{"start":{"line":44,"column":21},"end":{"line":44,"column":22}},"loc":{"start":{"line":44,"column":35},"end":{"line":62,"column":1}},"line":44}},"branchMap":{},"s":{"0":4,"1":0,"2":0,"3":0,"4":0,"5":0,"6":0,"7":0,"8":0,"9":4,"10":0,"11":0,"12":0,"13":0,"14":0,"15":0,"16":0},"f":{"0":0,"1":0},"b":{},"_coverageSchema":"1a1c01bbd47fc00a2c39e90264f33305004495a9","hash":"ad25152fcf15fd72f266f25c95b7d0969e9a8b1c"}
,"/Users/ronyparra/Rony Developer/capacitor/backend/src/services/cobro.service/fetch.service.js": {"path":"/Users/ronyparra/Rony Developer/capacitor/backend/src/services/cobro.service/fetch.service.js","statementMap":{"0":{"start":{"line":3,"column":14},"end":{"line":43,"column":1}},"1":{"start":{"line":45,"column":22},"end":{"line":54,"column":1}},"2":{"start":{"line":46,"column":2},"end":{"line":53,"column":3}},"3":{"start":{"line":47,"column":20},"end":{"line":49,"column":5}},"4":{"start":{"line":50,"column":4},"end":{"line":50,"column":43}},"5":{"start":{"line":50,"column":35},"end":{"line":50,"column":41}},"6":{"start":{"line":52,"column":4},"end":{"line":52,"column":12}},"7":{"start":{"line":55,"column":23},"end":{"line":62,"column":1}},"8":{"start":{"line":56,"column":2},"end":{"line":61,"column":3}},"9":{"start":{"line":57,"column":20},"end":{"line":57,"column":79}},"10":{"start":{"line":58,"column":4},"end":{"line":58,"column":32}},"11":{"start":{"line":60,"column":4},"end":{"line":60,"column":12}},"12":{"start":{"line":64,"column":23},"end":{"line":83,"column":1}},"13":{"start":{"line":71,"column":24},"end":{"line":71,"column":77}},"14":{"start":{"line":72,"column":24},"end":{"line":72,"column":74}},"15":{"start":{"line":73,"column":22},"end":{"line":73,"column":81}},"16":{"start":{"line":74,"column":23},"end":{"line":76,"column":10}},"17":{"start":{"line":77,"column":17},"end":{"line":81,"column":5}},"18":{"start":{"line":82,"column":2},"end":{"line":82,"column":16}}},"fnMap":{"0":{"name":"(anonymous_0)","decl":{"start":{"line":45,"column":22},"end":{"line":45,"column":23}},"loc":{"start":{"line":45,"column":41},"end":{"line":54,"column":1}},"line":45},"1":{"name":"(anonymous_1)","decl":{"start":{"line":50,"column":28},"end":{"line":50,"column":29}},"loc":{"start":{"line":50,"column":35},"end":{"line":50,"column":41}},"line":50},"2":{"name":"(anonymous_2)","decl":{"start":{"line":55,"column":23},"end":{"line":55,"column":24}},"loc":{"start":{"line":55,"column":37},"end":{"line":62,"column":1}},"line":55},"3":{"name":"(anonymous_3)","decl":{"start":{"line":64,"column":23},"end":{"line":64,"column":24}},"loc":{"start":{"line":70,"column":6},"end":{"line":83,"column":1}},"line":70}},"branchMap":{"0":{"loc":{"start":{"line":71,"column":24},"end":{"line":71,"column":77}},"type":"cond-expr","locations":[{"start":{"line":71,"column":36},"end":{"line":71,"column":70}},{"start":{"line":71,"column":73},"end":{"line":71,"column":77}}],"line":71},"1":{"loc":{"start":{"line":72,"column":24},"end":{"line":72,"column":74}},"type":"cond-expr","locations":[{"start":{"line":72,"column":36},"end":{"line":72,"column":67}},{"start":{"line":72,"column":70},"end":{"line":72,"column":74}}],"line":72},"2":{"loc":{"start":{"line":74,"column":23},"end":{"line":76,"column":10}},"type":"cond-expr","locations":[{"start":{"line":75,"column":6},"end":{"line":75,"column":40}},{"start":{"line":76,"column":6},"end":{"line":76,"column":10}}],"line":74},"3":{"loc":{"start":{"line":78,"column":4},"end":{"line":78,"column":47}},"type":"cond-expr","locations":[{"start":{"line":78,"column":20},"end":{"line":78,"column":42}},{"start":{"line":78,"column":45},"end":{"line":78,"column":47}}],"line":78},"4":{"loc":{"start":{"line":79,"column":6},"end":{"line":79,"column":47}},"type":"cond-expr","locations":[{"start":{"line":79,"column":21},"end":{"line":79,"column":42}},{"start":{"line":79,"column":45},"end":{"line":79,"column":47}}],"line":79},"5":{"loc":{"start":{"line":80,"column":4},"end":{"line":80,"column":47}},"type":"cond-expr","locations":[{"start":{"line":80,"column":20},"end":{"line":80,"column":42}},{"start":{"line":80,"column":45},"end":{"line":80,"column":47}}],"line":80}},"s":{"0":4,"1":4,"2":0,"3":0,"4":0,"5":0,"6":0,"7":4,"8":0,"9":0,"10":0,"11":0,"12":4,"13":0,"14":0,"15":0,"16":0,"17":0,"18":0},"f":{"0":0,"1":0,"2":0,"3":0},"b":{"0":[0,0],"1":[0,0],"2":[0,0],"3":[0,0],"4":[0,0],"5":[0,0]},"_coverageSchema":"1a1c01bbd47fc00a2c39e90264f33305004495a9","hash":"62e9164ad4e7a74ab53b8c366f59da15bacbf62d"}
,"/Users/ronyparra/Rony Developer/capacitor/backend/src/services/cobro.service/formatter.js": {"path":"/Users/ronyparra/Rony Developer/capacitor/backend/src/services/cobro.service/formatter.js","statementMap":{"0":{"start":{"line":1,"column":33},"end":{"line":5,"column":3}},"1":{"start":{"line":2,"column":4},"end":{"line":4,"column":10}},"2":{"start":{"line":3,"column":6},"end":{"line":3,"column":124}}},"fnMap":{"0":{"name":"(anonymous_0)","decl":{"start":{"line":1,"column":33},"end":{"line":1,"column":34}},"loc":{"start":{"line":1,"column":60},"end":{"line":5,"column":3}},"line":1},"1":{"name":"(anonymous_1)","decl":{"start":{"line":2,"column":26},"end":{"line":2,"column":27}},"loc":{"start":{"line":2,"column":38},"end":{"line":4,"column":5}},"line":2}},"branchMap":{},"s":{"0":4,"1":0,"2":0},"f":{"0":0,"1":0},"b":{},"_coverageSchema":"1a1c01bbd47fc00a2c39e90264f33305004495a9","hash":"45ea739af739f888567085b39314bbd4134bc598"}
,"/Users/ronyparra/Rony Developer/capacitor/backend/src/services/cobro.service/index.js": {"path":"/Users/ronyparra/Rony Developer/capacitor/backend/src/services/cobro.service/index.js","statementMap":{},"fnMap":{},"branchMap":{},"s":{},"f":{},"b":{},"_coverageSchema":"1a1c01bbd47fc00a2c39e90264f33305004495a9","hash":"6c8cbb49891e5ca4cb6c3111c733285cffa89f9f"}
,"/Users/ronyparra/Rony Developer/capacitor/backend/src/services/pendiente.service/crud.service.js": {"path":"/Users/ronyparra/Rony Developer/capacitor/backend/src/services/pendiente.service/crud.service.js","statementMap":{"0":{"start":{"line":3,"column":14},"end":{"line":28,"column":53}},"1":{"start":{"line":30,"column":22},"end":{"line":37,"column":1}},"2":{"start":{"line":31,"column":2},"end":{"line":36,"column":3}},"3":{"start":{"line":32,"column":20},"end":{"line":32,"column":87}},"4":{"start":{"line":33,"column":4},"end":{"line":33,"column":43}},"5":{"start":{"line":33,"column":35},"end":{"line":33,"column":41}},"6":{"start":{"line":35,"column":4},"end":{"line":35,"column":12}},"7":{"start":{"line":38,"column":23},"end":{"line":45,"column":1}},"8":{"start":{"line":39,"column":2},"end":{"line":44,"column":3}},"9":{"start":{"line":40,"column":20},"end":{"line":40,"column":76}},"10":{"start":{"line":41,"column":4},"end":{"line":41,"column":32}},"11":{"start":{"line":43,"column":4},"end":{"line":43,"column":12}},"12":{"start":{"line":46,"column":22},"end":{"line":69,"column":1}},"13":{"start":{"line":52,"column":2},"end":{"line":68,"column":3}},"14":{"start":{"line":53,"column":4},"end":{"line":53,"column":28}},"15":{"start":{"line":54,"column":20},"end":{"line":57,"column":5}},"16":{"start":{"line":58,"column":4},"end":{"line":62,"column":5}},"17":{"start":{"line":59,"column":26},"end":{"line":59,"column":53}},"18":{"start":{"line":60,"column":29},"end":{"line":60,"column":105}},"19":{"start":{"line":61,"column":6},"end":{"line":61,"column":62}},"20":{"start":{"line":63,"column":4},"end":{"line":63,"column":29}},"21":{"start":{"line":64,"column":4},"end":{"line":64,"column":24}},"22":{"start":{"line":66,"column":4},"end":{"line":66,"column":31}},"23":{"start":{"line":67,"column":4},"end":{"line":67,"column":12}},"24":{"start":{"line":71,"column":28},"end":{"line":80,"column":1}},"25":{"start":{"line":72,"column":2},"end":{"line":79,"column":3}},"26":{"start":{"line":73,"column":19},"end":{"line":76,"column":6}},"27":{"start":{"line":78,"column":4},"end":{"line":78,"column":12}},"28":{"start":{"line":82,"column":22},"end":{"line":109,"column":1}},"29":{"start":{"line":89,"column":2},"end":{"line":108,"column":3}},"30":{"start":{"line":90,"column":4},"end":{"line":90,"column":28}},"31":{"start":{"line":91,"column":20},"end":{"line":94,"column":5}},"32":{"start":{"line":96,"column":4},"end":{"line":98,"column":7}},"33":{"start":{"line":99,"column":4},"end":{"line":102,"column":5}},"34":{"start":{"line":100,"column":29},"end":{"line":100,"column":96}},"35":{"start":{"line":101,"column":6},"end":{"line":101,"column":62}},"36":{"start":{"line":103,"column":4},"end":{"line":103,"column":29}},"37":{"start":{"line":104,"column":4},"end":{"line":104,"column":24}},"38":{"start":{"line":106,"column":4},"end":{"line":106,"column":31}},"39":{"start":{"line":107,"column":4},"end":{"line":107,"column":12}},"40":{"start":{"line":110,"column":21},"end":{"line":124,"column":1}},"41":{"start":{"line":111,"column":2},"end":{"line":123,"column":3}},"42":{"start":{"line":112,"column":4},"end":{"line":114,"column":7}},"43":{"start":{"line":115,"column":20},"end":{"line":118,"column":5}},"44":{"start":{"line":120,"column":4},"end":{"line":120,"column":24}},"45":{"start":{"line":122,"column":4},"end":{"line":122,"column":12}}},"fnMap":{"0":{"name":"(anonymous_0)","decl":{"start":{"line":30,"column":22},"end":{"line":30,"column":23}},"loc":{"start":{"line":30,"column":34},"end":{"line":37,"column":1}},"line":30},"1":{"name":"(anonymous_1)","decl":{"start":{"line":33,"column":28},"end":{"line":33,"column":29}},"loc":{"start":{"line":33,"column":35},"end":{"line":33,"column":41}},"line":33},"2":{"name":"(anonymous_2)","decl":{"start":{"line":38,"column":23},"end":{"line":38,"column":24}},"loc":{"start":{"line":38,"column":37},"end":{"line":45,"column":1}},"line":38},"3":{"name":"(anonymous_3)","decl":{"start":{"line":46,"column":22},"end":{"line":46,"column":23}},"loc":{"start":{"line":51,"column":6},"end":{"line":69,"column":1}},"line":51},"4":{"name":"(anonymous_4)","decl":{"start":{"line":71,"column":28},"end":{"line":71,"column":29}},"loc":{"start":{"line":71,"column":63},"end":{"line":80,"column":1}},"line":71},"5":{"name":"(anonymous_5)","decl":{"start":{"line":82,"column":22},"end":{"line":82,"column":23}},"loc":{"start":{"line":88,"column":6},"end":{"line":109,"column":1}},"line":88},"6":{"name":"(anonymous_6)","decl":{"start":{"line":110,"column":21},"end":{"line":110,"column":22}},"loc":{"start":{"line":110,"column":35},"end":{"line":124,"column":1}},"line":110}},"branchMap":{"0":{"loc":{"start":{"line":58,"column":4},"end":{"line":62,"column":5}},"type":"if","locations":[{"start":{"line":58,"column":4},"end":{"line":62,"column":5}},{"start":{"line":58,"column":4},"end":{"line":62,"column":5}}],"line":58},"1":{"loc":{"start":{"line":99,"column":4},"end":{"line":102,"column":5}},"type":"if","locations":[{"start":{"line":99,"column":4},"end":{"line":102,"column":5}},{"start":{"line":99,"column":4},"end":{"line":102,"column":5}}],"line":99}},"s":{"0":4,"1":4,"2":0,"3":0,"4":0,"5":0,"6":0,"7":4,"8":0,"9":0,"10":0,"11":0,"12":4,"13":0,"14":0,"15":0,"16":0,"17":0,"18":0,"19":0,"20":0,"21":0,"22":0,"23":0,"24":4,"25":0,"26":0,"27":0,"28":4,"29":0,"30":0,"31":0,"32":0,"33":0,"34":0,"35":0,"36":0,"37":0,"38":0,"39":0,"40":4,"41":0,"42":0,"43":0,"44":0,"45":0},"f":{"0":0,"1":0,"2":0,"3":0,"4":0,"5":0,"6":0},"b":{"0":[0,0],"1":[0,0]},"_coverageSchema":"1a1c01bbd47fc00a2c39e90264f33305004495a9","hash":"9b69ed488b45a449de9d30ab0fc70def7ceab7ce"}
,"/Users/ronyparra/Rony Developer/capacitor/backend/src/services/pendiente.service/dashboard.service.js": {"path":"/Users/ronyparra/Rony Developer/capacitor/backend/src/services/pendiente.service/dashboard.service.js","statementMap":{"0":{"start":{"line":2,"column":14},"end":{"line":44,"column":16}},"1":{"start":{"line":46,"column":28},"end":{"line":53,"column":1}},"2":{"start":{"line":47,"column":2},"end":{"line":52,"column":3}},"3":{"start":{"line":48,"column":20},"end":{"line":48,"column":53}},"4":{"start":{"line":49,"column":4},"end":{"line":49,"column":43}},"5":{"start":{"line":49,"column":35},"end":{"line":49,"column":41}},"6":{"start":{"line":51,"column":4},"end":{"line":51,"column":12}}},"fnMap":{"0":{"name":"(anonymous_0)","decl":{"start":{"line":46,"column":28},"end":{"line":46,"column":29}},"loc":{"start":{"line":46,"column":49},"end":{"line":53,"column":1}},"line":46},"1":{"name":"(anonymous_1)","decl":{"start":{"line":49,"column":28},"end":{"line":49,"column":29}},"loc":{"start":{"line":49,"column":35},"end":{"line":49,"column":41}},"line":49}},"branchMap":{},"s":{"0":4,"1":4,"2":0,"3":0,"4":0,"5":0,"6":0},"f":{"0":0,"1":0},"b":{},"_coverageSchema":"1a1c01bbd47fc00a2c39e90264f33305004495a9","hash":"88805b05bcc3cfc2fbf7365c9c3b5e7bb1622c88"}
,"/Users/ronyparra/Rony Developer/capacitor/backend/src/services/pendiente.service/index.js": {"path":"/Users/ronyparra/Rony Developer/capacitor/backend/src/services/pendiente.service/index.js","statementMap":{},"fnMap":{},"branchMap":{},"s":{},"f":{},"b":{},"_coverageSchema":"1a1c01bbd47fc00a2c39e90264f33305004495a9","hash":"0c0c53d66a716f5e168b55a64bdec35d6a0d6dc0"}
,"/Users/ronyparra/Rony Developer/capacitor/backend/src/util/date.util.js": {"path":"/Users/ronyparra/Rony Developer/capacitor/backend/src/util/date.util.js","statementMap":{"0":{"start":{"line":1,"column":28},"end":{"line":1,"column":72}},"1":{"start":{"line":1,"column":34},"end":{"line":1,"column":72}},"2":{"start":{"line":3,"column":27},"end":{"line":7,"column":1}},"3":{"start":{"line":4,"column":2},"end":{"line":4,"column":25}},"4":{"start":{"line":4,"column":13},"end":{"line":4,"column":25}},"5":{"start":{"line":5,"column":29},"end":{"line":5,"column":44}},"6":{"start":{"line":6,"column":2},"end":{"line":6,"column":35}},"7":{"start":{"line":8,"column":26},"end":{"line":12,"column":1}},"8":{"start":{"line":9,"column":2},"end":{"line":9,"column":25}},"9":{"start":{"line":9,"column":13},"end":{"line":9,"column":25}},"10":{"start":{"line":10,"column":29},"end":{"line":10,"column":44}},"11":{"start":{"line":11,"column":2},"end":{"line":11,"column":69}},"12":{"start":{"line":14,"column":30},"end":{"line":18,"column":1}},"13":{"start":{"line":15,"column":14},"end":{"line":15,"column":28}},"14":{"start":{"line":16,"column":2},"end":{"line":16,"column":40}},"15":{"start":{"line":17,"column":2},"end":{"line":17,"column":43}},"16":{"start":{"line":20,"column":30},"end":{"line":26,"column":1}},"17":{"start":{"line":21,"column":13},"end":{"line":21,"column":77}},"18":{"start":{"line":22,"column":12},"end":{"line":22,"column":31}},"19":{"start":{"line":23,"column":13},"end":{"line":23,"column":35}},"20":{"start":{"line":24,"column":2},"end":{"line":24,"column":14}},"21":{"start":{"line":25,"column":2},"end":{"line":25,"column":4}}},"fnMap":{"0":{"name":"(anonymous_0)","decl":{"start":{"line":1,"column":28},"end":{"line":1,"column":29}},"loc":{"start":{"line":1,"column":34},"end":{"line":1,"column":72}},"line":1},"1":{"name":"(anonymous_1)","decl":{"start":{"line":3,"column":27},"end":{"line":3,"column":28}},"loc":{"start":{"line":3,"column":37},"end":{"line":7,"column":1}},"line":3},"2":{"name":"(anonymous_2)","decl":{"start":{"line":8,"column":26},"end":{"line":8,"column":27}},"loc":{"start":{"line":8,"column":36},"end":{"line":12,"column":1}},"line":8},"3":{"name":"(anonymous_3)","decl":{"start":{"line":14,"column":30},"end":{"line":14,"column":31}},"loc":{"start":{"line":14,"column":46},"end":{"line":18,"column":1}},"line":14},"4":{"name":"(anonymous_4)","decl":{"start":{"line":20,"column":30},"end":{"line":20,"column":31}},"loc":{"start":{"line":20,"column":48},"end":{"line":26,"column":1}},"line":20}},"branchMap":{"0":{"loc":{"start":{"line":4,"column":2},"end":{"line":4,"column":25}},"type":"if","locations":[{"start":{"line":4,"column":2},"end":{"line":4,"column":25}},{"start":{"line":4,"column":2},"end":{"line":4,"column":25}}],"line":4},"1":{"loc":{"start":{"line":9,"column":2},"end":{"line":9,"column":25}},"type":"if","locations":[{"start":{"line":9,"column":2},"end":{"line":9,"column":25}},{"start":{"line":9,"column":2},"end":{"line":9,"column":25}}],"line":9}},"s":{"0":4,"1":0,"2":4,"3":0,"4":0,"5":0,"6":0,"7":4,"8":0,"9":0,"10":0,"11":0,"12":4,"13":0,"14":0,"15":0,"16":4,"17":0,"18":0,"19":0,"20":0,"21":0},"f":{"0":0,"1":0,"2":0,"3":0,"4":0},"b":{"0":[0,0],"1":[0,0]},"_coverageSchema":"1a1c01bbd47fc00a2c39e90264f33305004495a9","hash":"a1d12fce27e76796508cb89bbdc607d8d4c3f6ab"}
,"/Users/ronyparra/Rony Developer/capacitor/backend/test/integration/user.admin.js": {"path":"/Users/ronyparra/Rony Developer/capacitor/backend/test/integration/user.admin.js","statementMap":{"0":{"start":{"line":1,"column":14},"end":{"line":1,"column":50}}},"fnMap":{},"branchMap":{},"s":{"0":4},"f":{},"b":{},"_coverageSchema":"1a1c01bbd47fc00a2c39e90264f33305004495a9","hash":"7bebd6e8b2bfda05bdbfe3c75e3d924c4a795f07"}
}
