TN:
SF:src/server.js
FNF:0
FNH:0
DA:6,13
DA:7,13
DA:10,13
DA:11,13
DA:12,13
DA:14,13
DA:15,13
DA:16,13
DA:17,13
DA:18,13
DA:19,13
DA:20,13
DA:21,13
DA:22,13
DA:23,13
DA:24,13
DA:25,13
DA:26,13
DA:27,13
DA:30,13
LF:20
LH:20
BRF:0
BRH:0
end_of_record
TN:
SF:src/controllers/actividad.controller.js
FN:6,(anonymous_0)
FN:24,(anonymous_1)
FN:32,(anonymous_2)
FN:41,(anonymous_3)
FN:57,(anonymous_4)
FN:74,(anonymous_5)
FNF:6
FNH:6
FNDA:3,(anonymous_0)
FNDA:4,(anonymous_1)
FNDA:3,(anonymous_2)
FNDA:4,(anonymous_3)
FNDA:4,(anonymous_4)
FNDA:5,(anonymous_5)
DA:5,13
DA:7,3
DA:17,3
DA:18,3
DA:19,2
DA:21,1
DA:25,4
DA:26,4
DA:27,3
DA:29,1
DA:33,3
DA:34,3
DA:35,3
DA:36,2
DA:38,1
DA:42,4
DA:43,4
DA:44,4
DA:45,4
DA:46,4
DA:52,3
DA:54,1
DA:58,4
DA:59,4
DA:60,4
DA:61,4
DA:62,4
DA:69,3
DA:71,1
DA:75,5
DA:76,5
DA:77,4
DA:79,1
LF:33
LH:33
BRDA:9,0,0,2
BRDA:9,0,1,1
BRDA:11,1,0,2
BRDA:11,1,1,1
BRDA:15,2,0,2
BRDA:15,2,1,1
BRF:6
BRH:6
end_of_record
TN:
SF:src/controllers/analytics.controller.js
FN:4,(anonymous_0)
FN:50,(anonymous_1)
FN:77,(anonymous_2)
FN:87,(anonymous_3)
FN:97,(anonymous_4)
FN:107,(anonymous_5)
FN:117,(anonymous_6)
FN:128,(anonymous_7)
FNF:8
FNH:8
FNDA:2,(anonymous_0)
FNDA:2,(anonymous_1)
FNDA:2,(anonymous_2)
FNDA:2,(anonymous_3)
FNDA:2,(anonymous_4)
FNDA:2,(anonymous_5)
FNDA:3,(anonymous_6)
FNDA:2,(anonymous_7)
DA:3,13
DA:5,2
DA:6,2
DA:7,2
DA:8,2
DA:9,2
DA:10,1
DA:12,1
DA:45,1
DA:47,1
DA:51,2
DA:52,2
DA:53,2
DA:54,2
DA:55,2
DA:56,1
DA:58,1
DA:72,1
DA:74,1
DA:78,2
DA:79,2
DA:80,2
DA:81,2
DA:82,1
DA:84,1
DA:88,2
DA:89,2
DA:90,2
DA:91,2
DA:92,1
DA:94,1
DA:98,2
DA:99,2
DA:100,2
DA:101,2
DA:102,1
DA:104,1
DA:108,2
DA:109,2
DA:110,2
DA:111,2
DA:112,1
DA:114,1
DA:118,3
DA:119,3
DA:120,3
DA:121,3
DA:122,3
DA:123,2
DA:125,1
DA:129,2
DA:130,2
DA:131,2
DA:132,2
DA:133,1
DA:135,1
LF:56
LH:56
BRDA:121,0,0,1
BRDA:121,0,1,2
BRF:2
BRH:2
end_of_record
TN:
SF:src/controllers/auth.controller.js
FN:7,(anonymous_0)
FN:36,(anonymous_1)
FN:38,(anonymous_2)
FN:40,(anonymous_3)
FN:47,(anonymous_4)
FN:49,(anonymous_5)
FNF:6
FNH:6
FNDA:16,(anonymous_0)
FNDA:16,(anonymous_1)
FNDA:110,(anonymous_2)
FNDA:369,(anonymous_3)
FNDA:2,(anonymous_4)
FNDA:3,(anonymous_5)
DA:6,14
DA:8,16
DA:9,16
DA:10,16
DA:11,15
DA:12,14
DA:13,13
DA:16,13
DA:17,13
DA:18,13
DA:19,13
DA:21,13
DA:22,13
DA:27,2
DA:31,1
DA:36,14
DA:37,16
DA:38,16
DA:39,110
DA:40,369
DA:42,110
DA:43,108
DA:45,2
DA:46,2
DA:47,2
DA:48,2
DA:49,2
DA:50,3
DA:51,1
DA:53,2
DA:54,1
DA:59,2
DA:62,16
LF:33
LH:33
BRDA:10,0,0,15
BRDA:10,0,1,1
BRDA:12,1,0,13
BRDA:12,1,1,1
BRDA:42,2,0,108
BRDA:42,2,1,2
BRDA:50,3,0,1
BRDA:50,3,1,2
BRDA:53,4,0,1
BRDA:53,4,1,1
BRDA:53,5,0,2
BRDA:53,5,1,1
BRF:12
BRH:12
end_of_record
TN:
SF:src/controllers/categoria.controller.js
FN:4,(anonymous_0)
FN:13,(anonymous_1)
FN:21,(anonymous_2)
FN:33,(anonymous_3)
FN:45,(anonymous_4)
FNF:5
FNH:5
FNDA:1,(anonymous_0)
FNDA:2,(anonymous_1)
FNDA:1,(anonymous_2)
FNDA:2,(anonymous_3)
FNDA:2,(anonymous_4)
DA:3,13
DA:5,1
DA:6,1
DA:7,1
DA:14,2
DA:15,2
DA:16,1
DA:18,1
DA:22,1
DA:25,1
DA:26,1
DA:27,1
DA:34,2
DA:38,2
DA:39,2
DA:40,1
DA:42,1
DA:46,2
DA:47,2
DA:48,1
DA:50,1
LF:21
LH:21
BRF:0
BRH:0
end_of_record
TN:
SF:src/controllers/cliente.controller.js
FN:4,(anonymous_0)
FN:13,(anonymous_1)
FN:21,(anonymous_2)
FN:36,(anonymous_3)
FN:54,(anonymous_4)
FNF:5
FNH:5
FNDA:1,(anonymous_0)
FNDA:2,(anonymous_1)
FNDA:3,(anonymous_2)
FNDA:4,(anonymous_3)
FNDA:3,(anonymous_4)
DA:3,13
DA:5,1
DA:6,1
DA:7,1
DA:14,2
DA:15,2
DA:16,1
DA:18,1
DA:22,3
DA:23,3
DA:24,1
DA:30,3
DA:31,2
DA:33,1
DA:37,4
DA:38,4
DA:39,1
DA:45,4
DA:49,3
DA:51,1
DA:55,3
DA:56,3
DA:57,2
DA:59,1
LF:24
LH:24
BRDA:23,0,0,1
BRDA:23,0,1,2
BRDA:38,1,0,1
BRDA:38,1,1,3
BRF:4
BRH:4
end_of_record
TN:
SF:src/controllers/cobro.controller.js
FN:4,(anonymous_0)
FN:22,(anonymous_1)
FN:31,(anonymous_2)
FN:49,(anonymous_3)
FNF:4
FNH:4
FNDA:3,(anonymous_0)
FNDA:3,(anonymous_1)
FNDA:3,(anonymous_2)
FNDA:4,(anonymous_3)
DA:3,13
DA:5,3
DA:6,3
DA:16,3
DA:17,2
DA:19,1
DA:23,3
DA:24,3
DA:25,2
DA:27,1
DA:32,3
DA:42,3
DA:43,3
DA:44,2
DA:46,1
DA:50,4
DA:51,4
DA:52,3
DA:54,1
LF:19
LH:19
BRDA:8,0,0,2
BRDA:8,0,1,1
BRDA:10,1,0,2
BRDA:10,1,1,1
BRDA:14,2,0,2
BRDA:14,2,1,1
BRF:6
BRH:6
end_of_record
TN:
SF:src/controllers/concepto.controller.js
FN:4,(anonymous_0)
FN:13,(anonymous_1)
FN:21,(anonymous_2)
FN:35,(anonymous_3)
FN:52,(anonymous_4)
FNF:5
FNH:5
FNDA:1,(anonymous_0)
FNDA:2,(anonymous_1)
FNDA:2,(anonymous_2)
FNDA:2,(anonymous_3)
FNDA:2,(anonymous_4)
DA:3,13
DA:5,1
DA:6,1
DA:7,1
DA:14,2
DA:15,2
DA:16,1
DA:18,1
DA:22,2
DA:28,2
DA:29,2
DA:30,1
DA:32,1
DA:36,2
DA:42,2
DA:43,2
DA:47,1
DA:49,1
DA:53,2
DA:54,2
DA:55,1
DA:57,1
LF:22
LH:22
BRF:0
BRH:0
end_of_record
TN:
SF:src/controllers/estadocobro.controller.js
FN:4,(anonymous_0)
FNF:1
FNH:1
FNDA:1,(anonymous_0)
DA:3,13
DA:5,1
DA:6,1
DA:7,1
LF:4
LH:4
BRF:0
BRH:0
end_of_record
TN:
SF:src/controllers/formulario.controller.js
FN:4,(anonymous_0)
FNF:1
FNH:1
FNDA:1,(anonymous_0)
DA:3,13
DA:5,1
DA:6,1
DA:7,1
LF:4
LH:4
BRF:0
BRH:0
end_of_record
TN:
SF:src/controllers/moneda.controller.js
FN:4,(anonymous_0)
FNF:1
FNH:1
FNDA:1,(anonymous_0)
DA:3,13
DA:5,1
DA:6,1
DA:7,1
LF:4
LH:4
BRF:0
BRH:0
end_of_record
TN:
SF:src/controllers/pendiente.controller.js
FN:5,(anonymous_0)
FN:14,(anonymous_1)
FN:23,(anonymous_2)
FN:31,(anonymous_3)
FN:39,(anonymous_4)
FN:53,(anonymous_5)
FN:70,(anonymous_6)
FNF:7
FNH:7
FNDA:1,(anonymous_0)
FNDA:1,(anonymous_1)
FNDA:2,(anonymous_2)
FNDA:2,(anonymous_3)
FNDA:3,(anonymous_4)
FNDA:3,(anonymous_5)
FNDA:3,(anonymous_6)
DA:4,13
DA:6,1
DA:7,1
DA:8,1
DA:15,1
DA:16,1
DA:17,1
DA:24,2
DA:25,2
DA:26,1
DA:28,1
DA:32,2
DA:33,2
DA:34,1
DA:36,1
DA:40,3
DA:41,3
DA:47,3
DA:48,2
DA:50,1
DA:54,3
DA:55,3
DA:61,3
DA:65,2
DA:67,1
DA:71,3
DA:72,3
DA:73,2
DA:75,1
LF:29
LH:29
BRF:0
BRH:0
end_of_record
TN:
SF:src/controllers/tipo_pendiente.controller.js
FN:4,(anonymous_0)
FN:13,(anonymous_1)
FN:21,(anonymous_2)
FN:34,(anonymous_3)
FN:49,(anonymous_4)
FNF:5
FNH:5
FNDA:1,(anonymous_0)
FNDA:2,(anonymous_1)
FNDA:1,(anonymous_2)
FNDA:2,(anonymous_3)
FNDA:2,(anonymous_4)
DA:3,13
DA:5,1
DA:6,1
DA:7,1
DA:14,2
DA:15,2
DA:16,1
DA:18,1
DA:22,1
DA:26,1
DA:27,1
DA:28,1
DA:35,2
DA:39,2
DA:40,2
DA:44,1
DA:46,1
DA:50,2
DA:51,2
DA:52,1
DA:54,1
LF:21
LH:21
BRF:0
BRH:0
end_of_record
TN:
SF:src/controllers/user.controller.js
FN:5,(anonymous_0)
FN:16,(anonymous_1)
FN:26,(anonymous_2)
FN:40,(anonymous_3)
FN:58,(anonymous_4)
FNF:5
FNH:5
FNDA:2,(anonymous_0)
FNDA:2,(anonymous_1)
FNDA:2,(anonymous_2)
FNDA:3,(anonymous_3)
FNDA:2,(anonymous_4)
DA:4,13
DA:6,2
DA:7,2
DA:8,2
DA:17,2
DA:18,2
DA:19,1
DA:23,1
DA:27,2
DA:28,2
DA:32,2
DA:33,1
DA:37,1
DA:41,3
DA:42,3
DA:43,1
DA:47,3
DA:51,2
DA:55,1
DA:59,2
DA:60,2
DA:61,1
DA:65,1
LF:23
LH:23
BRDA:42,0,0,1
BRDA:42,0,1,2
BRF:2
BRH:2
end_of_record
TN:
SF:src/controllers/usuario_rol.controller.js
FN:4,(anonymous_0)
FN:13,(anonymous_1)
FN:21,(anonymous_2)
FN:30,(anonymous_3)
FN:41,(anonymous_4)
FNF:5
FNH:5
FNDA:1,(anonymous_0)
FNDA:2,(anonymous_1)
FNDA:1,(anonymous_2)
FNDA:2,(anonymous_3)
FNDA:2,(anonymous_4)
DA:3,13
DA:5,1
DA:6,1
DA:7,1
DA:14,2
DA:15,2
DA:16,1
DA:18,1
DA:22,1
DA:23,1
DA:24,1
DA:31,2
DA:32,2
DA:36,1
DA:38,1
DA:42,2
DA:43,2
DA:44,1
DA:46,1
LF:19
LH:19
BRF:0
BRH:0
end_of_record
TN:
SF:src/db/index.js
FN:10,(anonymous_0)
FNF:1
FNH:1
FNDA:114,(anonymous_0)
DA:1,16
DA:2,16
DA:11,114
LF:3
LH:3
BRF:0
BRH:0
end_of_record
TN:
SF:src/middlewares/auth.js
FN:3,(anonymous_0)
FNF:1
FNH:1
FNDA:141,(anonymous_0)
DA:3,13
DA:4,141
DA:5,141
DA:6,140
DA:7,139
DA:10,139
DA:11,139
DA:12,138
DA:13,138
DA:15,1
DA:18,1
LF:11
LH:11
BRDA:4,0,0,1
BRDA:4,0,1,140
BRDA:6,1,0,139
BRDA:6,1,1,1
BRF:4
BRH:4
end_of_record
TN:
SF:src/middlewares/validators/actividad.validator.js
FN:19,(anonymous_0)
FN:22,(anonymous_1)
FNF:2
FNH:2
FNDA:9,(anonymous_0)
FNDA:1,(anonymous_1)
DA:3,13
DA:20,9
DA:21,9
DA:22,1
DA:23,1
DA:25,1
DA:29,8
LF:7
LH:7
BRDA:21,0,0,1
BRDA:21,0,1,8
BRF:2
BRH:2
end_of_record
TN:
SF:src/middlewares/validators/auth.validator.js
FN:15,(anonymous_0)
FN:18,(anonymous_1)
FNF:2
FNH:2
FNDA:17,(anonymous_0)
FNDA:1,(anonymous_1)
DA:3,13
DA:16,17
DA:17,17
DA:18,1
DA:19,1
DA:21,1
DA:25,16
LF:7
LH:7
BRDA:17,0,0,1
BRDA:17,0,1,16
BRF:2
BRH:2
end_of_record
TN:
SF:src/middlewares/validators/categoria.validator.js
FN:11,(anonymous_0)
FN:14,(anonymous_1)
FNF:2
FNH:2
FNDA:4,(anonymous_0)
FNDA:1,(anonymous_1)
DA:3,13
DA:12,4
DA:13,4
DA:14,1
DA:15,1
DA:17,1
DA:21,3
LF:7
LH:7
BRDA:13,0,0,1
BRDA:13,0,1,3
BRF:2
BRH:2
end_of_record
TN:
SF:src/middlewares/validators/cliente.validator.js
FN:12,(anonymous_0)
FN:15,(anonymous_1)
FNF:2
FNH:2
FNDA:8,(anonymous_0)
FNDA:1,(anonymous_1)
DA:3,13
DA:13,8
DA:14,8
DA:15,1
DA:16,1
DA:18,1
DA:22,7
LF:7
LH:7
BRDA:14,0,0,1
BRDA:14,0,1,7
BRF:2
BRH:2
end_of_record
TN:
SF:src/middlewares/validators/cobro.validator.js
FN:21,(anonymous_0)
FN:24,(anonymous_1)
FNF:2
FNH:2
FNDA:4,(anonymous_0)
FNDA:3,(anonymous_1)
DA:3,13
DA:22,4
DA:23,4
DA:24,1
DA:25,3
DA:27,1
DA:31,3
LF:7
LH:7
BRDA:23,0,0,1
BRDA:23,0,1,3
BRF:2
BRH:2
end_of_record
TN:
SF:src/middlewares/validators/concepto.validator.js
FN:22,(anonymous_0)
FN:25,(anonymous_1)
FNF:2
FNH:2
FNDA:5,(anonymous_0)
FNDA:1,(anonymous_1)
DA:3,13
DA:23,5
DA:24,5
DA:25,1
DA:26,1
DA:28,1
DA:32,4
LF:7
LH:7
BRDA:24,0,0,1
BRDA:24,0,1,4
BRF:2
BRH:2
end_of_record
TN:
SF:src/middlewares/validators/pendiente.validator.js
FN:13,(anonymous_0)
FN:16,(anonymous_1)
FNF:2
FNH:2
FNDA:7,(anonymous_0)
FNDA:1,(anonymous_1)
DA:3,13
DA:14,7
DA:15,7
DA:16,1
DA:17,1
DA:19,1
DA:23,6
LF:7
LH:7
BRDA:15,0,0,1
BRDA:15,0,1,6
BRF:2
BRH:2
end_of_record
TN:
SF:src/middlewares/validators/tipo_pendiente.validator.js
FN:12,(anonymous_0)
FN:15,(anonymous_1)
FNF:2
FNH:2
FNDA:4,(anonymous_0)
FNDA:1,(anonymous_1)
DA:3,13
DA:13,4
DA:14,4
DA:15,1
DA:16,1
DA:18,1
DA:22,3
LF:7
LH:7
BRDA:14,0,0,1
BRDA:14,0,1,3
BRF:2
BRH:2
end_of_record
TN:
SF:src/middlewares/validators/user.validator.js
FN:27,(anonymous_0)
FN:30,(anonymous_1)
FN:58,(anonymous_2)
FN:61,(anonymous_3)
FNF:4
FNH:4
FNDA:3,(anonymous_0)
FNDA:1,(anonymous_1)
FNDA:4,(anonymous_2)
FNDA:1,(anonymous_3)
DA:3,13
DA:28,3
DA:29,3
DA:30,1
DA:31,1
DA:33,1
DA:37,2
DA:59,4
DA:60,4
DA:61,1
DA:62,1
DA:64,1
DA:68,3
LF:13
LH:13
BRDA:29,0,0,1
BRDA:29,0,1,2
BRDA:60,1,0,1
BRDA:60,1,1,3
BRF:4
BRH:4
end_of_record
TN:
SF:src/middlewares/validators/usuaro_rol.validator.js
FN:11,(anonymous_0)
FN:14,(anonymous_1)
FNF:2
FNH:2
FNDA:4,(anonymous_0)
FNDA:1,(anonymous_1)
DA:3,13
DA:12,4
DA:13,4
DA:14,1
DA:15,1
DA:17,1
DA:21,3
LF:7
LH:7
BRDA:13,0,0,1
BRDA:13,0,1,3
BRF:2
BRH:2
end_of_record
TN:
SF:src/routes/actividad.router.js
FNF:0
FNH:0
DA:6,13
DA:8,13
DA:9,13
DA:10,13
DA:11,13
DA:12,13
DA:13,13
LF:7
LH:7
BRF:0
BRH:0
end_of_record
TN:
SF:src/routes/analytics.router.js
FNF:0
FNH:0
DA:5,13
DA:7,13
DA:8,13
DA:9,13
DA:10,13
DA:11,13
DA:12,13
DA:13,13
DA:14,13
LF:9
LH:9
BRF:0
BRH:0
end_of_record
TN:
SF:src/routes/auth.router.js
FNF:0
FNH:0
DA:5,13
DA:7,13
LF:2
LH:2
BRF:0
BRH:0
end_of_record
TN:
SF:src/routes/categoria.router.js
FNF:0
FNH:0
DA:6,13
DA:8,13
DA:9,13
DA:10,13
DA:11,13
DA:12,13
LF:6
LH:6
BRF:0
BRH:0
end_of_record
TN:
SF:src/routes/cliente.router.js
FNF:0
FNH:0
DA:6,13
DA:8,13
DA:9,13
DA:10,13
DA:11,13
DA:12,13
LF:6
LH:6
BRF:0
BRH:0
end_of_record
TN:
SF:src/routes/cobro.router.js
FNF:0
FNH:0
DA:6,13
DA:8,13
DA:9,13
DA:10,13
DA:11,13
LF:5
LH:5
BRF:0
BRH:0
end_of_record
TN:
SF:src/routes/concepto.router.js
FNF:0
FNH:0
DA:6,13
DA:8,13
DA:9,13
DA:10,13
DA:11,13
DA:12,13
LF:6
LH:6
BRF:0
BRH:0
end_of_record
TN:
SF:src/routes/estadocobro.router.js
FNF:0
FNH:0
DA:5,13
DA:7,13
LF:2
LH:2
BRF:0
BRH:0
end_of_record
TN:
SF:src/routes/formulario.router.js
FNF:0
FNH:0
DA:5,13
DA:7,13
LF:2
LH:2
BRF:0
BRH:0
end_of_record
TN:
SF:src/routes/index.js
FNF:0
FNH:0
LF:0
LH:0
BRF:0
BRH:0
end_of_record
TN:
SF:src/routes/moneda.router.js
FNF:0
FNH:0
DA:5,13
DA:7,13
LF:2
LH:2
BRF:0
BRH:0
end_of_record
TN:
SF:src/routes/pendiente.router.js
FNF:0
FNH:0
DA:6,13
DA:8,13
DA:9,13
DA:10,13
DA:11,13
DA:12,13
DA:13,13
DA:14,13
LF:8
LH:8
BRF:0
BRH:0
end_of_record
TN:
SF:src/routes/tipo_pendiente.router.js
FNF:0
FNH:0
DA:6,13
DA:8,13
DA:9,13
DA:10,13
DA:11,13
DA:12,13
LF:6
LH:6
BRF:0
BRH:0
end_of_record
TN:
SF:src/routes/user.router.js
FNF:0
FNH:0
DA:6,13
DA:8,13
DA:9,13
DA:10,13
DA:11,13
DA:12,13
LF:6
LH:6
BRF:0
BRH:0
end_of_record
TN:
SF:src/routes/usuario_rol.router.js
FNF:0
FNH:0
DA:6,13
DA:8,13
DA:9,13
DA:10,13
DA:11,13
DA:12,13
LF:6
LH:6
BRF:0
BRH:0
end_of_record
TN:
SF:src/services/categoria.service.js
FN:11,(anonymous_0)
FN:13,(anonymous_1)
FN:15,(anonymous_2)
FN:19,(anonymous_3)
FN:26,(anonymous_4)
FN:33,(anonymous_5)
FNF:6
FNH:6
FNDA:1,(anonymous_0)
FNDA:7,(anonymous_1)
FNDA:2,(anonymous_2)
FNDA:1,(anonymous_3)
FNDA:2,(anonymous_4)
FNDA:2,(anonymous_5)
DA:2,13
DA:10,13
DA:12,1
DA:13,7
DA:16,2
DA:17,1
DA:20,1
DA:24,1
DA:27,2
DA:31,1
DA:34,2
DA:38,1
LF:12
LH:12
BRF:0
BRH:0
end_of_record
TN:
SF:src/services/cliente.service.js
FN:23,(anonymous_0)
FN:24,(anonymous_1)
FN:31,(anonymous_2)
FN:32,(anonymous_3)
FN:41,(anonymous_4)
FN:42,(anonymous_5)
FN:52,(anonymous_6)
FN:60,(anonymous_7)
FN:62,(anonymous_8)
FN:64,(anonymous_9)
FN:68,(anonymous_10)
FN:90,(anonymous_11)
FN:95,(anonymous_12)
FN:96,(anonymous_13)
FN:98,(anonymous_14)
FN:100,(anonymous_15)
FN:124,(anonymous_16)
FNF:17
FNH:17
FNDA:2,(anonymous_0)
FNDA:2,(anonymous_1)
FNDA:3,(anonymous_2)
FNDA:3,(anonymous_3)
FNDA:8,(anonymous_4)
FNDA:9,(anonymous_5)
FNDA:4,(anonymous_6)
FNDA:1,(anonymous_7)
FNDA:54,(anonymous_8)
FNDA:2,(anonymous_9)
FNDA:3,(anonymous_10)
FNDA:4,(anonymous_11)
FNDA:4,(anonymous_12)
FNDA:3,(anonymous_13)
FNDA:2,(anonymous_14)
FNDA:1,(anonymous_15)
FNDA:3,(anonymous_16)
DA:2,14
DA:23,14
DA:24,2
DA:25,2
DA:31,14
DA:32,3
DA:33,3
DA:34,3
DA:35,3
DA:41,14
DA:42,8
DA:43,9
DA:44,9
DA:45,8
DA:46,8
DA:48,7
DA:51,14
DA:53,4
DA:58,4
DA:61,1
DA:62,54
DA:65,2
DA:66,2
DA:69,3
DA:70,3
DA:71,3
DA:72,3
DA:76,3
DA:77,3
DA:80,2
DA:81,2
DA:82,2
DA:84,1
DA:85,1
DA:87,3
DA:91,4
DA:92,4
DA:93,4
DA:94,4
DA:95,4
DA:96,3
DA:97,3
DA:99,2
DA:101,1
DA:104,3
DA:109,3
DA:110,2
DA:111,3
DA:112,1
DA:113,3
DA:114,2
DA:115,3
DA:116,3
DA:118,1
DA:119,1
DA:121,4
DA:125,3
DA:126,3
DA:127,3
DA:128,3
DA:131,2
DA:135,2
DA:136,2
DA:138,1
DA:139,1
DA:141,3
LF:66
LH:66
BRDA:33,0,0,1
BRDA:33,0,1,2
BRDA:34,1,0,1
BRDA:34,1,1,2
BRDA:43,2,0,1
BRDA:43,2,1,8
BRDA:44,3,0,1
BRDA:44,3,1,7
BRDA:45,4,0,1
BRDA:45,4,1,7
BRDA:109,5,0,2
BRDA:109,5,1,1
BRDA:111,6,0,1
BRDA:111,6,1,2
BRDA:113,7,0,2
BRDA:113,7,1,1
BRF:16
BRH:16
end_of_record
TN:
SF:src/services/concepto.service.js
FN:23,(anonymous_0)
FN:25,(anonymous_1)
FN:27,(anonymous_2)
FN:31,(anonymous_3)
FN:38,(anonymous_4)
FN:45,(anonymous_5)
FNF:6
FNH:6
FNDA:1,(anonymous_0)
FNDA:85,(anonymous_1)
FNDA:2,(anonymous_2)
FNDA:2,(anonymous_3)
FNDA:2,(anonymous_4)
FNDA:2,(anonymous_5)
DA:2,13
DA:22,13
DA:24,1
DA:25,85
DA:28,2
DA:29,2
DA:32,2
DA:36,1
DA:39,2
DA:43,1
DA:46,2
DA:50,1
LF:12
LH:12
BRF:0
BRH:0
end_of_record
TN:
SF:src/services/estadocobro.service.js
FN:6,(anonymous_0)
FNF:1
FNH:1
FNDA:1,(anonymous_0)
DA:3,13
DA:5,13
DA:7,1
DA:8,1
LF:4
LH:4
BRF:0
BRH:0
end_of_record
TN:
SF:src/services/formulario.service.js
FN:6,(anonymous_0)
FNF:1
FNH:1
FNDA:1,(anonymous_0)
DA:3,13
DA:5,13
DA:7,1
DA:8,1
LF:4
LH:4
BRF:0
BRH:0
end_of_record
TN:
SF:src/services/moneda.service.js
FN:6,(anonymous_0)
FNF:1
FNH:1
FNDA:1,(anonymous_0)
DA:3,13
DA:5,13
DA:7,1
DA:8,1
LF:4
LH:4
BRF:0
BRH:0
end_of_record
TN:
SF:src/services/tipo_pendiente.service.js
FN:6,(anonymous_0)
FN:10,(anonymous_1)
FN:16,(anonymous_2)
FN:23,(anonymous_3)
FN:30,(anonymous_4)
FNF:5
FNH:5
FNDA:1,(anonymous_0)
FNDA:2,(anonymous_1)
FNDA:1,(anonymous_2)
FNDA:2,(anonymous_3)
FNDA:2,(anonymous_4)
DA:3,13
DA:5,13
DA:7,1
DA:8,1
DA:11,2
DA:14,1
DA:17,1
DA:21,1
DA:24,2
DA:28,1
DA:31,2
DA:35,1
LF:12
LH:12
BRF:0
BRH:0
end_of_record
TN:
SF:src/services/user.service.js
FN:21,(anonymous_0)
FN:22,(anonymous_1)
FN:30,(anonymous_2)
FN:32,(anonymous_3)
FN:34,(anonymous_4)
FN:38,(anonymous_5)
FN:46,(anonymous_6)
FN:74,(anonymous_7)
FN:108,(anonymous_8)
FNF:9
FNH:9
FNDA:7,(anonymous_0)
FNDA:8,(anonymous_1)
FNDA:2,(anonymous_2)
FNDA:15,(anonymous_3)
FNDA:2,(anonymous_4)
FNDA:16,(anonymous_5)
FNDA:2,(anonymous_6)
FNDA:3,(anonymous_7)
FNDA:2,(anonymous_8)
DA:2,15
DA:21,15
DA:22,7
DA:23,8
DA:24,8
DA:26,7
DA:29,15
DA:31,2
DA:32,15
DA:35,2
DA:36,1
DA:39,16
DA:43,16
DA:53,2
DA:54,2
DA:55,2
DA:56,2
DA:60,2
DA:61,2
DA:65,1
DA:66,1
DA:68,1
DA:69,1
DA:71,2
DA:82,3
DA:83,3
DA:84,3
DA:85,3
DA:89,3
DA:90,1
DA:94,3
DA:98,3
DA:99,2
DA:100,2
DA:102,1
DA:103,1
DA:105,3
DA:109,2
DA:110,2
DA:111,2
DA:112,2
DA:116,1
DA:120,1
DA:121,1
DA:123,1
DA:124,1
DA:126,2
LF:47
LH:47
BRDA:23,0,0,1
BRDA:23,0,1,7
BRDA:89,1,0,1
BRDA:89,1,1,2
BRF:4
BRH:4
end_of_record
TN:
SF:src/services/usuario_rol.service.js
FN:4,(anonymous_0)
FN:10,(anonymous_1)
FN:17,(anonymous_2)
FN:24,(anonymous_3)
FN:31,(anonymous_4)
FNF:5
FNH:5
FNDA:1,(anonymous_0)
FNDA:2,(anonymous_1)
FNDA:1,(anonymous_2)
FNDA:2,(anonymous_3)
FNDA:2,(anonymous_4)
DA:3,13
DA:5,1
DA:8,1
DA:11,2
DA:15,1
DA:18,1
DA:22,1
DA:25,2
DA:29,1
DA:32,2
DA:36,1
LF:11
LH:11
BRF:0
BRH:0
end_of_record
TN:
SF:src/services/actividad.service/crud.service.js
FN:23,(anonymous_0)
FN:64,(anonymous_1)
FN:139,(anonymous_2)
FN:182,(anonymous_3)
FN:202,(anonymous_4)
FN:203,(anonymous_5)
FN:207,(anonymous_6)
FN:210,(anonymous_7)
FN:211,(anonymous_8)
FN:217,(anonymous_9)
FN:220,(anonymous_10)
FN:222,(anonymous_11)
FNF:12
FNH:12
FNDA:6,(anonymous_0)
FNDA:3,(anonymous_1)
FNDA:4,(anonymous_2)
FNDA:5,(anonymous_3)
FNDA:3,(anonymous_4)
FNDA:5,(anonymous_5)
FNDA:5,(anonymous_6)
FNDA:2,(anonymous_7)
FNDA:3,(anonymous_8)
FNDA:3,(anonymous_9)
FNDA:5,(anonymous_10)
FNDA:8,(anonymous_11)
DA:23,13
DA:28,6
DA:29,6
DA:30,6
DA:31,6
DA:42,6
DA:43,6
DA:46,5
DA:49,4
DA:50,1
DA:51,1
DA:53,4
DA:54,4
DA:55,4
DA:56,4
DA:58,2
DA:59,2
DA:61,6
DA:64,13
DA:70,3
DA:71,3
DA:72,3
DA:73,3
DA:74,3
DA:75,3
DA:78,3
DA:79,2
DA:80,4
DA:81,2
DA:83,2
DA:84,2
DA:86,2
DA:97,1
DA:98,1
DA:105,2
DA:108,2
DA:110,2
DA:111,2
DA:112,3
DA:113,3
DA:114,3
DA:124,3
DA:127,3
DA:128,3
DA:130,2
DA:131,2
DA:133,1
DA:134,1
DA:136,3
DA:139,13
DA:146,4
DA:147,4
DA:148,4
DA:149,4
DA:161,3
DA:162,3
DA:163,3
DA:165,3
DA:166,3
DA:168,3
DA:169,1
DA:171,3
DA:172,3
DA:173,3
DA:174,3
DA:176,1
DA:177,1
DA:179,4
DA:182,13
DA:183,5
DA:184,5
DA:185,5
DA:186,5
DA:187,4
DA:188,4
DA:189,4
DA:190,1
DA:191,4
DA:192,4
DA:193,4
DA:195,1
DA:196,1
DA:198,5
DA:202,13
DA:203,3
DA:204,5
DA:206,3
DA:207,5
DA:210,13
DA:211,2
DA:212,3
DA:216,2
DA:217,3
DA:220,13
DA:221,5
DA:222,8
LF:96
LH:96
BRDA:28,0,0,4
BRDA:28,0,1,2
BRDA:30,1,0,4
BRDA:30,1,1,2
BRDA:49,2,0,1
BRDA:49,2,1,3
BRDA:55,3,0,3
BRDA:55,3,1,1
BRDA:58,4,0,1
BRDA:58,4,1,1
BRDA:61,5,0,4
BRDA:61,5,1,2
BRDA:78,6,0,2
BRDA:78,6,1,1
BRDA:80,7,0,2
BRDA:80,7,1,2
BRDA:168,8,0,1
BRDA:168,8,1,2
BRDA:189,9,0,1
BRDA:189,9,1,3
BRDA:212,10,0,1
BRDA:212,10,1,2
BRDA:224,11,0,8
BRDA:224,11,1,8
BRF:24
BRH:24
end_of_record
TN:
SF:src/services/actividad.service/fetch.service.js
FN:69,(anonymous_0)
FN:74,(anonymous_1)
FN:79,(anonymous_2)
FN:93,(anonymous_3)
FNF:4
FNH:4
FNDA:3,(anonymous_0)
FNDA:35,(anonymous_1)
FNDA:5,(anonymous_2)
FNDA:3,(anonymous_3)
DA:3,13
DA:69,13
DA:70,3
DA:71,3
DA:74,35
DA:76,1
DA:79,13
DA:80,5
DA:82,5
DA:83,1
DA:85,4
DA:87,4
DA:89,1
DA:93,13
DA:100,3
DA:101,3
DA:104,3
DA:105,3
DA:108,3
DA:113,3
LF:20
LH:20
BRDA:82,0,0,1
BRDA:82,0,1,4
BRDA:100,1,0,1
BRDA:100,1,1,2
BRDA:101,2,0,1
BRDA:101,2,1,2
BRDA:105,3,0,1
BRDA:105,3,1,2
BRDA:109,4,0,1
BRDA:109,4,1,2
BRDA:110,5,0,1
BRDA:110,5,1,2
BRDA:111,6,0,1
BRDA:111,6,1,2
BRF:14
BRH:14
end_of_record
TN:
SF:src/services/actividad.service/formatter.js
FN:3,(anonymous_0)
FN:16,(anonymous_1)
FN:17,(anonymous_2)
FN:19,(anonymous_3)
FN:25,(anonymous_4)
FN:36,(anonymous_5)
FN:38,(anonymous_6)
FN:46,(anonymous_7)
FN:48,(anonymous_8)
FN:56,(anonymous_9)
FN:58,(anonymous_10)
FN:68,(anonymous_11)
FN:71,(anonymous_12)
FN:82,(anonymous_13)
FN:84,(anonymous_14)
FN:92,(anonymous_15)
FN:95,(anonymous_16)
FN:98,(anonymous_17)
FN:101,(anonymous_18)
FN:104,(anonymous_19)
FN:106,(anonymous_20)
FN:118,(anonymous_21)
FN:119,(anonymous_22)
FNF:23
FNH:23
FNDA:10,(anonymous_0)
FNDA:3,(anonymous_1)
FNDA:3,(anonymous_2)
FNDA:3,(anonymous_3)
FNDA:6,(anonymous_4)
FNDA:11,(anonymous_5)
FNDA:12,(anonymous_6)
FNDA:4,(anonymous_7)
FNDA:5,(anonymous_8)
FNDA:10,(anonymous_9)
FNDA:14,(anonymous_10)
FNDA:3,(anonymous_11)
FNDA:3,(anonymous_12)
FNDA:5,(anonymous_13)
FNDA:6,(anonymous_14)
FNDA:9,(anonymous_15)
FNDA:8,(anonymous_16)
FNDA:7,(anonymous_17)
FNDA:4,(anonymous_18)
FNDA:3,(anonymous_19)
FNDA:4,(anonymous_20)
FNDA:3,(anonymous_21)
FNDA:3,(anonymous_22)
DA:3,14
DA:4,10
DA:5,10
DA:16,14
DA:17,3
DA:18,3
DA:19,3
DA:22,3
DA:25,14
DA:34,6
DA:36,14
DA:37,11
DA:39,12
DA:40,12
DA:43,11
DA:46,14
DA:47,4
DA:49,5
DA:50,5
DA:53,4
DA:56,14
DA:57,10
DA:59,14
DA:60,14
DA:65,9
DA:68,14
DA:69,3
DA:71,14
DA:78,3
DA:82,14
DA:83,5
DA:85,6
DA:86,6
DA:89,5
DA:92,14
DA:93,9
DA:95,14
DA:96,8
DA:98,14
DA:99,7
DA:101,14
DA:102,4
DA:104,14
DA:105,3
DA:106,14
DA:116,4
DA:118,14
DA:119,3
DA:120,3
LF:49
LH:49
BRDA:39,0,0,1
BRDA:39,0,1,11
BRDA:49,1,0,1
BRDA:49,1,1,4
BRDA:59,2,0,4
BRDA:59,2,1,10
BRDA:85,3,0,1
BRDA:85,3,1,5
BRF:8
BRH:8
end_of_record
TN:
SF:src/services/actividad.service/index.js
FNF:0
FNH:0
LF:0
LH:0
BRF:0
BRH:0
end_of_record
TN:
SF:src/services/analytics.service/fetch.service.js
FN:4,(anonymous_0)
FN:7,(anonymous_1)
FN:7,(anonymous_2)
FN:10,(anonymous_3)
FN:13,(anonymous_4)
FN:13,(anonymous_5)
FN:16,(anonymous_6)
FN:19,(anonymous_7)
FN:19,(anonymous_8)
FN:22,(anonymous_9)
FN:25,(anonymous_10)
FN:25,(anonymous_11)
FN:28,(anonymous_12)
FN:31,(anonymous_13)
FN:31,(anonymous_14)
FN:33,(anonymous_15)
FN:36,(anonymous_16)
FN:36,(anonymous_17)
FN:38,(anonymous_18)
FN:41,(anonymous_19)
FN:41,(anonymous_20)
FN:43,(anonymous_21)
FN:46,(anonymous_22)
FN:46,(anonymous_23)
FN:48,(anonymous_24)
FN:51,(anonymous_25)
FN:51,(anonymous_26)
FNF:27
FNH:27
FNDA:2,(anonymous_0)
FNDA:2,(anonymous_1)
FNDA:3,(anonymous_2)
FNDA:2,(anonymous_3)
FNDA:2,(anonymous_4)
FNDA:4,(anonymous_5)
FNDA:2,(anonymous_6)
FNDA:2,(anonymous_7)
FNDA:8,(anonymous_8)
FNDA:2,(anonymous_9)
FNDA:1,(anonymous_10)
FNDA:21,(anonymous_11)
FNDA:2,(anonymous_12)
FNDA:1,(anonymous_13)
FNDA:25,(anonymous_14)
FNDA:2,(anonymous_15)
FNDA:1,(anonymous_16)
FNDA:7,(anonymous_17)
FNDA:2,(anonymous_18)
FNDA:1,(anonymous_19)
FNDA:6,(anonymous_20)
FNDA:3,(anonymous_21)
FNDA:2,(anonymous_22)
FNDA:8,(anonymous_23)
FNDA:2,(anonymous_24)
FNDA:1,(anonymous_25)
FNDA:2,(anonymous_26)
DA:4,13
DA:5,2
DA:7,3
DA:10,13
DA:11,2
DA:13,4
DA:16,13
DA:17,2
DA:19,8
DA:22,13
DA:23,2
DA:25,21
DA:28,13
DA:29,2
DA:31,25
DA:33,13
DA:34,2
DA:36,7
DA:38,13
DA:39,2
DA:41,6
DA:43,13
DA:44,3
DA:46,8
DA:48,13
DA:49,2
DA:51,2
LF:27
LH:27
BRF:0
BRH:0
end_of_record
TN:
SF:src/services/analytics.service/index.js
FNF:0
FNH:0
LF:0
LH:0
BRF:0
BRH:0
end_of_record
TN:
SF:src/services/analytics.service/query.js
FN:12,(anonymous_0)
FN:152,(anonymous_1)
FNF:2
FNH:2
FNDA:2,(anonymous_0)
FNDA:3,(anonymous_1)
DA:1,13
DA:12,2
DA:152,3
LF:3
LH:3
BRDA:161,0,0,1
BRDA:161,0,1,2
BRDA:177,1,0,1
BRDA:177,1,1,2
BRDA:193,2,0,1
BRDA:193,2,1,2
BRF:6
BRH:6
end_of_record
TN:
SF:src/services/auth.service/fetch.service.js
FN:16,(anonymous_0)
FN:19,(anonymous_1)
FNF:2
FNH:2
FNDA:13,(anonymous_0)
FNDA:104,(anonymous_1)
DA:3,14
DA:16,14
DA:17,13
DA:18,13
DA:19,104
DA:21,13
LF:6
LH:6
BRF:0
BRH:0
end_of_record
TN:
SF:src/services/auth.service/index.js
FNF:0
FNH:0
LF:0
LH:0
BRF:0
BRH:0
end_of_record
TN:
SF:src/services/cobro.service/crud.service.js
FN:4,(anonymous_0)
FN:47,(anonymous_1)
FNF:2
FNH:2
FNDA:3,(anonymous_0)
FNDA:4,(anonymous_1)
DA:4,13
DA:14,3
DA:15,3
DA:16,3
DA:17,3
DA:37,2
DA:38,2
DA:39,2
DA:41,1
DA:42,1
DA:44,3
DA:47,13
DA:48,4
DA:49,4
DA:50,4
DA:51,4
DA:55,3
DA:56,3
DA:59,3
DA:63,3
DA:64,3
DA:66,1
DA:67,1
DA:69,4
LF:24
LH:24
BRF:0
BRH:0
end_of_record
TN:
SF:src/services/cobro.service/fetch.service.js
FN:45,(anonymous_0)
FN:50,(anonymous_1)
FN:55,(anonymous_2)
FN:64,(anonymous_3)
FNF:4
FNH:4
FNDA:3,(anonymous_0)
FNDA:5,(anonymous_1)
FNDA:3,(anonymous_2)
FNDA:3,(anonymous_3)
DA:3,13
DA:45,13
DA:46,3
DA:47,3
DA:50,5
DA:52,1
DA:55,13
DA:56,3
DA:57,3
DA:58,2
DA:60,1
DA:64,13
DA:71,3
DA:72,3
DA:73,3
DA:74,3
DA:77,3
DA:82,3
LF:18
LH:18
BRDA:71,0,0,1
BRDA:71,0,1,2
BRDA:72,1,0,1
BRDA:72,1,1,2
BRDA:74,2,0,1
BRDA:74,2,1,2
BRDA:78,3,0,1
BRDA:78,3,1,2
BRDA:79,4,0,1
BRDA:79,4,1,2
BRDA:80,5,0,1
BRDA:80,5,1,2
BRF:12
BRH:12
end_of_record
TN:
SF:src/services/cobro.service/formatter.js
FN:1,(anonymous_0)
FN:2,(anonymous_1)
FNF:2
FNH:2
FNDA:5,(anonymous_0)
FNDA:5,(anonymous_1)
DA:1,13
DA:2,5
DA:3,5
LF:3
LH:3
BRF:0
BRH:0
end_of_record
TN:
SF:src/services/cobro.service/index.js
FNF:0
FNH:0
LF:0
LH:0
BRF:0
BRH:0
end_of_record
TN:
SF:src/services/pendiente.service/crud.service.js
FN:30,(anonymous_0)
FN:34,(anonymous_1)
FN:36,(anonymous_2)
FN:44,(anonymous_3)
FN:74,(anonymous_4)
FN:85,(anonymous_5)
FN:118,(anonymous_6)
FNF:7
FNH:7
FNDA:1,(anonymous_0)
FNDA:2,(anonymous_1)
FNDA:2,(anonymous_2)
FNDA:3,(anonymous_3)
FNDA:2,(anonymous_4)
FNDA:3,(anonymous_5)
FNDA:3,(anonymous_6)
DA:3,13
DA:30,13
DA:31,1
DA:34,2
DA:36,13
DA:37,2
DA:38,2
DA:39,1
DA:41,1
DA:44,13
DA:50,3
DA:51,3
DA:52,3
DA:53,3
DA:57,2
DA:58,1
DA:59,1
DA:62,1
DA:64,2
DA:65,2
DA:67,1
DA:68,1
DA:70,3
DA:74,13
DA:75,2
DA:76,2
DA:81,1
DA:85,13
DA:92,3
DA:93,3
DA:94,3
DA:95,3
DA:100,2
DA:103,2
DA:104,1
DA:107,1
DA:109,2
DA:110,2
DA:112,1
DA:113,1
DA:115,3
DA:118,13
DA:119,3
DA:120,3
DA:121,3
DA:122,3
DA:125,2
DA:129,2
DA:130,2
DA:132,1
DA:133,1
DA:135,3
LF:52
LH:52
BRDA:57,0,0,1
BRDA:57,0,1,1
BRDA:103,1,0,1
BRDA:103,1,1,1
BRF:4
BRH:4
end_of_record
TN:
SF:src/services/pendiente.service/dashboard.service.js
FN:46,(anonymous_0)
FN:48,(anonymous_1)
FNF:2
FNH:2
FNDA:1,(anonymous_0)
FNDA:5,(anonymous_1)
DA:2,13
DA:46,13
DA:47,1
DA:48,5
LF:4
LH:4
BRF:0
BRH:0
end_of_record
TN:
SF:src/services/pendiente.service/index.js
FNF:0
FNH:0
LF:0
LH:0
BRF:0
BRH:0
end_of_record
TN:
SF:src/util/date.util.js
FN:1,(anonymous_0)
FN:3,(anonymous_1)
FN:8,(anonymous_2)
FN:14,(anonymous_3)
FN:20,(anonymous_4)
FNF:5
FNH:5
FNDA:7,(anonymous_0)
FNDA:2,(anonymous_1)
FNDA:64,(anonymous_2)
FNDA:7,(anonymous_3)
FNDA:5,(anonymous_4)
DA:1,15
DA:3,15
DA:4,2
DA:5,1
DA:6,1
DA:8,15
DA:9,64
DA:10,59
DA:11,59
DA:14,15
DA:15,7
DA:16,7
DA:17,7
DA:20,15
DA:21,5
DA:22,5
DA:23,5
DA:24,5
LF:18
LH:18
BRDA:4,0,0,1
BRDA:4,0,1,1
BRDA:9,1,0,5
BRDA:9,1,1,59
BRF:4
BRH:4
end_of_record
TN:
SF:test/integration/user.admin.js
FNF:0
FNH:0
DA:1,13
LF:1
LH:1
BRF:0
BRH:0
end_of_record
