TN:
SF:src/server.js
FNF:0
FNH:0
DA:6,4
DA:7,4
DA:10,4
DA:11,4
DA:12,4
DA:14,4
DA:15,4
DA:16,4
DA:17,4
DA:18,4
DA:19,4
DA:20,4
DA:21,4
DA:22,4
DA:23,4
DA:24,4
DA:25,4
DA:26,4
DA:27,4
DA:30,4
LF:20
LH:20
BRF:0
BRH:0
end_of_record
TN:
SF:src/controllers/actividad.controller.js
FN:6,(anonymous_0)
FN:24,(anonymous_1)
FN:32,(anonymous_2)
FN:41,(anonymous_3)
FN:58,(anonymous_4)
FN:76,(anonymous_5)
FNF:6
FNH:0
FNDA:0,(anonymous_0)
FNDA:0,(anonymous_1)
FNDA:0,(anonymous_2)
FNDA:0,(anonymous_3)
FNDA:0,(anonymous_4)
FNDA:0,(anonymous_5)
DA:5,4
DA:7,0
DA:17,0
DA:18,0
DA:19,0
DA:21,0
DA:25,0
DA:26,0
DA:27,0
DA:29,0
DA:33,0
DA:34,0
DA:35,0
DA:36,0
DA:38,0
DA:42,0
DA:43,0
DA:44,0
DA:45,0
DA:46,0
DA:47,0
DA:53,0
DA:55,0
DA:59,0
DA:60,0
DA:61,0
DA:62,0
DA:63,0
DA:64,0
DA:71,0
DA:73,0
DA:77,0
DA:78,0
DA:79,0
DA:81,0
LF:35
LH:1
BRDA:9,0,0,0
BRDA:9,0,1,0
BRDA:11,1,0,0
BRDA:11,1,1,0
BRDA:15,2,0,0
BRDA:15,2,1,0
BRF:6
BRH:0
end_of_record
TN:
SF:src/controllers/analytics.controller.js
FN:4,(anonymous_0)
FN:50,(anonymous_1)
FN:76,(anonymous_2)
FN:86,(anonymous_3)
FN:96,(anonymous_4)
FN:106,(anonymous_5)
FN:116,(anonymous_6)
FN:127,(anonymous_7)
FNF:8
FNH:0
FNDA:0,(anonymous_0)
FNDA:0,(anonymous_1)
FNDA:0,(anonymous_2)
FNDA:0,(anonymous_3)
FNDA:0,(anonymous_4)
FNDA:0,(anonymous_5)
FNDA:0,(anonymous_6)
FNDA:0,(anonymous_7)
DA:3,4
DA:5,0
DA:6,0
DA:7,0
DA:9,0
DA:10,0
DA:11,0
DA:12,0
DA:45,0
DA:47,0
DA:51,0
DA:52,0
DA:53,0
DA:54,0
DA:55,0
DA:56,0
DA:57,0
DA:71,0
DA:73,0
DA:77,0
DA:78,0
DA:79,0
DA:80,0
DA:81,0
DA:83,0
DA:87,0
DA:88,0
DA:89,0
DA:90,0
DA:91,0
DA:93,0
DA:97,0
DA:98,0
DA:99,0
DA:100,0
DA:101,0
DA:103,0
DA:107,0
DA:108,0
DA:109,0
DA:110,0
DA:111,0
DA:113,0
DA:117,0
DA:118,0
DA:119,0
DA:120,0
DA:121,0
DA:122,0
DA:124,0
DA:128,0
DA:129,0
DA:130,0
DA:131,0
DA:132,0
DA:134,0
LF:56
LH:1
BRDA:119,0,0,0
BRDA:119,0,1,0
BRF:2
BRH:0
end_of_record
TN:
SF:src/controllers/auth.controller.js
FN:7,(anonymous_0)
FN:36,(anonymous_1)
FN:38,(anonymous_2)
FN:40,(anonymous_3)
FN:47,(anonymous_4)
FN:49,(anonymous_5)
FNF:6
FNH:6
FNDA:7,(anonymous_0)
FNDA:7,(anonymous_1)
FNDA:69,(anonymous_2)
FNDA:259,(anonymous_3)
FNDA:133,(anonymous_4)
FNDA:622,(anonymous_5)
DA:6,5
DA:8,7
DA:9,7
DA:10,7
DA:11,6
DA:12,5
DA:13,4
DA:16,4
DA:17,4
DA:18,4
DA:19,4
DA:21,4
DA:22,4
DA:27,2
DA:31,1
DA:36,5
DA:37,7
DA:38,7
DA:39,69
DA:40,259
DA:42,69
DA:43,36
DA:45,33
DA:46,33
DA:47,33
DA:48,133
DA:49,133
DA:50,622
DA:51,101
DA:53,521
DA:54,1
DA:59,33
DA:62,7
LF:33
LH:33
BRDA:10,0,0,6
BRDA:10,0,1,1
BRDA:12,1,0,4
BRDA:12,1,1,1
BRDA:42,2,0,36
BRDA:42,2,1,33
BRDA:50,3,0,101
BRDA:50,3,1,521
BRDA:53,4,0,1
BRDA:53,4,1,520
BRDA:53,5,0,521
BRDA:53,5,1,1
BRF:12
BRH:12
end_of_record
TN:
SF:src/controllers/categoria.controller.js
FN:4,(anonymous_0)
FN:12,(anonymous_1)
FN:20,(anonymous_2)
FN:31,(anonymous_3)
FN:43,(anonymous_4)
FNF:5
FNH:0
FNDA:0,(anonymous_0)
FNDA:0,(anonymous_1)
FNDA:0,(anonymous_2)
FNDA:0,(anonymous_3)
FNDA:0,(anonymous_4)
DA:3,4
DA:5,0
DA:6,0
DA:7,0
DA:9,0
DA:13,0
DA:14,0
DA:15,0
DA:17,0
DA:21,0
DA:24,0
DA:25,0
DA:26,0
DA:28,0
DA:32,0
DA:36,0
DA:37,0
DA:38,0
DA:40,0
DA:44,0
DA:45,0
DA:46,0
DA:48,0
LF:23
LH:1
BRF:0
BRH:0
end_of_record
TN:
SF:src/controllers/cliente.controller.js
FN:4,(anonymous_0)
FN:12,(anonymous_1)
FN:20,(anonymous_2)
FN:35,(anonymous_3)
FN:53,(anonymous_4)
FNF:5
FNH:5
FNDA:1,(anonymous_0)
FNDA:2,(anonymous_1)
FNDA:3,(anonymous_2)
FNDA:3,(anonymous_3)
FNDA:3,(anonymous_4)
DA:3,4
DA:5,1
DA:6,1
DA:7,1
DA:9,0
DA:13,2
DA:14,2
DA:15,1
DA:17,1
DA:21,3
DA:22,3
DA:23,1
DA:29,3
DA:30,2
DA:32,1
DA:36,3
DA:37,3
DA:38,1
DA:44,3
DA:48,2
DA:50,1
DA:54,3
DA:55,3
DA:56,2
DA:58,1
LF:25
LH:24
BRDA:22,0,0,1
BRDA:22,0,1,2
BRDA:37,1,0,1
BRDA:37,1,1,2
BRF:4
BRH:4
end_of_record
TN:
SF:src/controllers/cobro.controller.js
FN:4,(anonymous_0)
FN:22,(anonymous_1)
FN:30,(anonymous_2)
FN:45,(anonymous_3)
FN:63,(anonymous_4)
FNF:5
FNH:0
FNDA:0,(anonymous_0)
FNDA:0,(anonymous_1)
FNDA:0,(anonymous_2)
FNDA:0,(anonymous_3)
FNDA:0,(anonymous_4)
DA:3,4
DA:5,0
DA:15,0
DA:16,0
DA:17,0
DA:19,0
DA:23,0
DA:24,0
DA:25,0
DA:27,0
DA:31,0
DA:32,0
DA:33,0
DA:39,0
DA:40,0
DA:42,0
DA:46,0
DA:56,0
DA:57,0
DA:58,0
DA:60,0
DA:64,0
DA:65,0
DA:66,0
DA:68,0
LF:25
LH:1
BRDA:7,0,0,0
BRDA:7,0,1,0
BRDA:9,1,0,0
BRDA:9,1,1,0
BRDA:13,2,0,0
BRDA:13,2,1,0
BRDA:32,3,0,0
BRDA:32,3,1,0
BRF:8
BRH:0
end_of_record
TN:
SF:src/controllers/concepto.controller.js
FN:4,(anonymous_0)
FN:12,(anonymous_1)
FN:20,(anonymous_2)
FN:34,(anonymous_3)
FN:51,(anonymous_4)
FNF:5
FNH:5
FNDA:1,(anonymous_0)
FNDA:2,(anonymous_1)
FNDA:2,(anonymous_2)
FNDA:2,(anonymous_3)
FNDA:2,(anonymous_4)
DA:3,4
DA:5,1
DA:6,1
DA:7,1
DA:9,0
DA:13,2
DA:14,2
DA:15,1
DA:17,1
DA:21,2
DA:27,2
DA:28,2
DA:29,1
DA:31,1
DA:35,2
DA:41,2
DA:42,2
DA:46,1
DA:48,1
DA:52,2
DA:53,2
DA:54,1
DA:56,1
LF:23
LH:22
BRF:0
BRH:0
end_of_record
TN:
SF:src/controllers/estadocobro.controller.js
FN:4,(anonymous_0)
FNF:1
FNH:0
FNDA:0,(anonymous_0)
DA:3,4
DA:5,0
DA:6,0
DA:7,0
DA:9,0
LF:5
LH:1
BRF:0
BRH:0
end_of_record
TN:
SF:src/controllers/formulario.controller.js
FN:4,(anonymous_0)
FNF:1
FNH:0
FNDA:0,(anonymous_0)
DA:3,4
DA:5,0
DA:6,0
DA:7,0
DA:9,0
LF:5
LH:1
BRF:0
BRH:0
end_of_record
TN:
SF:src/controllers/moneda.controller.js
FN:4,(anonymous_0)
FNF:1
FNH:0
FNDA:0,(anonymous_0)
DA:3,4
DA:5,0
DA:6,0
DA:7,0
DA:9,0
LF:5
LH:1
BRF:0
BRH:0
end_of_record
TN:
SF:src/controllers/pendiente.controller.js
FN:5,(anonymous_0)
FN:13,(anonymous_1)
FN:21,(anonymous_2)
FN:29,(anonymous_3)
FN:37,(anonymous_4)
FN:51,(anonymous_5)
FN:68,(anonymous_6)
FNF:7
FNH:0
FNDA:0,(anonymous_0)
FNDA:0,(anonymous_1)
FNDA:0,(anonymous_2)
FNDA:0,(anonymous_3)
FNDA:0,(anonymous_4)
FNDA:0,(anonymous_5)
FNDA:0,(anonymous_6)
DA:4,4
DA:6,0
DA:7,0
DA:8,0
DA:10,0
DA:14,0
DA:15,0
DA:16,0
DA:18,0
DA:22,0
DA:23,0
DA:24,0
DA:26,0
DA:30,0
DA:31,0
DA:32,0
DA:34,0
DA:38,0
DA:44,0
DA:45,0
DA:46,0
DA:48,0
DA:52,0
DA:58,0
DA:59,0
DA:63,0
DA:65,0
DA:69,0
DA:70,0
DA:71,0
DA:73,0
LF:31
LH:1
BRF:0
BRH:0
end_of_record
TN:
SF:src/controllers/tipo_pendiente.controller.js
FN:4,(anonymous_0)
FN:12,(anonymous_1)
FN:20,(anonymous_2)
FN:32,(anonymous_3)
FN:47,(anonymous_4)
FNF:5
FNH:0
FNDA:0,(anonymous_0)
FNDA:0,(anonymous_1)
FNDA:0,(anonymous_2)
FNDA:0,(anonymous_3)
FNDA:0,(anonymous_4)
DA:3,4
DA:5,0
DA:6,0
DA:7,0
DA:9,0
DA:13,0
DA:14,0
DA:15,0
DA:17,0
DA:21,0
DA:25,0
DA:26,0
DA:27,0
DA:29,0
DA:33,0
DA:37,0
DA:38,0
DA:42,0
DA:44,0
DA:48,0
DA:49,0
DA:50,0
DA:52,0
LF:23
LH:1
BRF:0
BRH:0
end_of_record
TN:
SF:src/controllers/user.controller.js
FN:5,(anonymous_0)
FN:15,(anonymous_1)
FN:25,(anonymous_2)
FN:39,(anonymous_3)
FN:57,(anonymous_4)
FNF:5
FNH:3
FNDA:0,(anonymous_0)
FNDA:0,(anonymous_1)
FNDA:1,(anonymous_2)
FNDA:1,(anonymous_3)
FNDA:1,(anonymous_4)
DA:4,4
DA:6,0
DA:7,0
DA:8,0
DA:12,0
DA:16,0
DA:17,0
DA:18,0
DA:22,0
DA:26,1
DA:27,1
DA:31,1
DA:32,1
DA:36,0
DA:40,1
DA:41,1
DA:42,1
DA:46,1
DA:50,1
DA:54,0
DA:58,1
DA:59,1
DA:60,1
DA:64,0
LF:24
LH:13
BRDA:41,0,0,1
BRDA:41,0,1,0
BRF:2
BRH:1
end_of_record
TN:
SF:src/controllers/usuario_rol.controller.js
FN:4,(anonymous_0)
FN:12,(anonymous_1)
FN:20,(anonymous_2)
FN:28,(anonymous_3)
FN:39,(anonymous_4)
FNF:5
FNH:0
FNDA:0,(anonymous_0)
FNDA:0,(anonymous_1)
FNDA:0,(anonymous_2)
FNDA:0,(anonymous_3)
FNDA:0,(anonymous_4)
DA:3,4
DA:5,0
DA:6,0
DA:7,0
DA:9,0
DA:13,0
DA:14,0
DA:15,0
DA:17,0
DA:21,0
DA:22,0
DA:23,0
DA:25,0
DA:29,0
DA:30,0
DA:34,0
DA:36,0
DA:40,0
DA:41,0
DA:42,0
DA:44,0
LF:21
LH:1
BRF:0
BRH:0
end_of_record
TN:
SF:src/db/index.js
FN:10,(anonymous_0)
FNF:1
FNH:1
FNDA:74,(anonymous_0)
DA:1,5
DA:2,5
DA:11,74
LF:3
LH:3
BRF:0
BRH:0
end_of_record
TN:
SF:src/middlewares/auth.js
FN:3,(anonymous_0)
FNF:1
FNH:1
FNDA:24,(anonymous_0)
DA:3,4
DA:4,24
DA:5,24
DA:6,24
DA:7,24
DA:10,24
DA:11,24
DA:12,24
DA:13,24
DA:15,0
DA:18,0
LF:11
LH:9
BRDA:4,0,0,0
BRDA:4,0,1,24
BRDA:6,1,0,24
BRDA:6,1,1,0
BRF:4
BRH:2
end_of_record
TN:
SF:src/middlewares/validators/actividad.validator.js
FN:19,(anonymous_0)
FN:22,(anonymous_1)
FNF:2
FNH:0
FNDA:0,(anonymous_0)
FNDA:0,(anonymous_1)
DA:3,4
DA:20,0
DA:21,0
DA:22,0
DA:23,0
DA:25,0
DA:29,0
LF:7
LH:1
BRDA:21,0,0,0
BRDA:21,0,1,0
BRF:2
BRH:0
end_of_record
TN:
SF:src/middlewares/validators/auth.validator.js
FN:15,(anonymous_0)
FN:18,(anonymous_1)
FNF:2
FNH:1
FNDA:7,(anonymous_0)
FNDA:0,(anonymous_1)
DA:3,4
DA:16,7
DA:17,7
DA:18,0
DA:19,0
DA:21,0
DA:25,7
LF:7
LH:4
BRDA:17,0,0,0
BRDA:17,0,1,7
BRF:2
BRH:1
end_of_record
TN:
SF:src/middlewares/validators/categoria.validator.js
FN:11,(anonymous_0)
FN:14,(anonymous_1)
FNF:2
FNH:0
FNDA:0,(anonymous_0)
FNDA:0,(anonymous_1)
DA:3,4
DA:12,0
DA:13,0
DA:14,0
DA:15,0
DA:17,0
DA:21,0
LF:7
LH:1
BRDA:13,0,0,0
BRDA:13,0,1,0
BRF:2
BRH:0
end_of_record
TN:
SF:src/middlewares/validators/cliente.validator.js
FN:12,(anonymous_0)
FN:15,(anonymous_1)
FNF:2
FNH:1
FNDA:6,(anonymous_0)
FNDA:0,(anonymous_1)
DA:3,4
DA:13,6
DA:14,6
DA:15,0
DA:16,0
DA:18,0
DA:22,6
LF:7
LH:4
BRDA:14,0,0,0
BRDA:14,0,1,6
BRF:2
BRH:1
end_of_record
TN:
SF:src/middlewares/validators/cobro.validator.js
FN:21,(anonymous_0)
FN:24,(anonymous_1)
FNF:2
FNH:0
FNDA:0,(anonymous_0)
FNDA:0,(anonymous_1)
DA:3,4
DA:22,0
DA:23,0
DA:24,0
DA:25,0
DA:27,0
DA:31,0
LF:7
LH:1
BRDA:23,0,0,0
BRDA:23,0,1,0
BRF:2
BRH:0
end_of_record
TN:
SF:src/middlewares/validators/concepto.validator.js
FN:22,(anonymous_0)
FN:25,(anonymous_1)
FNF:2
FNH:1
FNDA:4,(anonymous_0)
FNDA:0,(anonymous_1)
DA:3,4
DA:23,4
DA:24,4
DA:25,0
DA:26,0
DA:28,0
DA:32,4
LF:7
LH:4
BRDA:24,0,0,0
BRDA:24,0,1,4
BRF:2
BRH:1
end_of_record
TN:
SF:src/middlewares/validators/pendiente.validator.js
FN:13,(anonymous_0)
FN:16,(anonymous_1)
FNF:2
FNH:0
FNDA:0,(anonymous_0)
FNDA:0,(anonymous_1)
DA:3,4
DA:14,0
DA:15,0
DA:16,0
DA:17,0
DA:19,0
DA:23,0
LF:7
LH:1
BRDA:15,0,0,0
BRDA:15,0,1,0
BRF:2
BRH:0
end_of_record
TN:
SF:src/middlewares/validators/tipo_pendiente.validator.js
FN:12,(anonymous_0)
FN:15,(anonymous_1)
FNF:2
FNH:0
FNDA:0,(anonymous_0)
FNDA:0,(anonymous_1)
DA:3,4
DA:13,0
DA:14,0
DA:15,0
DA:16,0
DA:18,0
DA:22,0
LF:7
LH:1
BRDA:14,0,0,0
BRDA:14,0,1,0
BRF:2
BRH:0
end_of_record
TN:
SF:src/middlewares/validators/user.validator.js
FN:27,(anonymous_0)
FN:30,(anonymous_1)
FN:58,(anonymous_2)
FN:61,(anonymous_3)
FNF:4
FNH:2
FNDA:1,(anonymous_0)
FNDA:0,(anonymous_1)
FNDA:1,(anonymous_2)
FNDA:0,(anonymous_3)
DA:3,4
DA:28,1
DA:29,1
DA:30,0
DA:31,0
DA:33,0
DA:37,1
DA:59,1
DA:60,1
DA:61,0
DA:62,0
DA:64,0
DA:68,1
LF:13
LH:7
BRDA:29,0,0,0
BRDA:29,0,1,1
BRDA:60,1,0,0
BRDA:60,1,1,1
BRF:4
BRH:2
end_of_record
TN:
SF:src/middlewares/validators/usuaro_rol.validator.js
FN:11,(anonymous_0)
FN:14,(anonymous_1)
FNF:2
FNH:0
FNDA:0,(anonymous_0)
FNDA:0,(anonymous_1)
DA:3,4
DA:12,0
DA:13,0
DA:14,0
DA:15,0
DA:17,0
DA:21,0
LF:7
LH:1
BRDA:13,0,0,0
BRDA:13,0,1,0
BRF:2
BRH:0
end_of_record
TN:
SF:src/routes/actividad.router.js
FNF:0
FNH:0
DA:6,4
DA:8,4
DA:9,4
DA:10,4
DA:11,4
DA:12,4
DA:13,4
LF:7
LH:7
BRF:0
BRH:0
end_of_record
TN:
SF:src/routes/analytics.router.js
FNF:0
FNH:0
DA:5,4
DA:7,4
DA:8,4
DA:9,4
DA:10,4
DA:11,4
DA:12,4
DA:13,4
DA:14,4
LF:9
LH:9
BRF:0
BRH:0
end_of_record
TN:
SF:src/routes/auth.router.js
FNF:0
FNH:0
DA:5,4
DA:7,4
LF:2
LH:2
BRF:0
BRH:0
end_of_record
TN:
SF:src/routes/categoria.router.js
FNF:0
FNH:0
DA:6,4
DA:8,4
DA:9,4
DA:10,4
DA:11,4
DA:12,4
LF:6
LH:6
BRF:0
BRH:0
end_of_record
TN:
SF:src/routes/cliente.router.js
FNF:0
FNH:0
DA:6,4
DA:8,4
DA:9,4
DA:10,4
DA:11,4
DA:12,4
LF:6
LH:6
BRF:0
BRH:0
end_of_record
TN:
SF:src/routes/cobro.router.js
FNF:0
FNH:0
DA:6,4
DA:8,4
DA:9,4
DA:10,4
DA:11,4
DA:12,4
LF:6
LH:6
BRF:0
BRH:0
end_of_record
TN:
SF:src/routes/concepto.router.js
FNF:0
FNH:0
DA:6,4
DA:8,4
DA:9,4
DA:10,4
DA:11,4
DA:12,4
LF:6
LH:6
BRF:0
BRH:0
end_of_record
TN:
SF:src/routes/estadocobro.router.js
FNF:0
FNH:0
DA:5,4
DA:7,4
LF:2
LH:2
BRF:0
BRH:0
end_of_record
TN:
SF:src/routes/formulario.router.js
FNF:0
FNH:0
DA:5,4
DA:7,4
LF:2
LH:2
BRF:0
BRH:0
end_of_record
TN:
SF:src/routes/index.js
FNF:0
FNH:0
LF:0
LH:0
BRF:0
BRH:0
end_of_record
TN:
SF:src/routes/moneda.router.js
FNF:0
FNH:0
DA:5,4
DA:7,4
LF:2
LH:2
BRF:0
BRH:0
end_of_record
TN:
SF:src/routes/pendiente.router.js
FNF:0
FNH:0
DA:6,4
DA:8,4
DA:9,4
DA:10,4
DA:11,4
DA:12,4
DA:13,4
DA:14,4
LF:8
LH:8
BRF:0
BRH:0
end_of_record
TN:
SF:src/routes/tipo_pendiente.router.js
FNF:0
FNH:0
DA:6,4
DA:8,4
DA:9,4
DA:10,4
DA:11,4
DA:12,4
LF:6
LH:6
BRF:0
BRH:0
end_of_record
TN:
SF:src/routes/user.router.js
FNF:0
FNH:0
DA:6,4
DA:8,4
DA:9,4
DA:10,4
DA:11,4
DA:12,4
LF:6
LH:6
BRF:0
BRH:0
end_of_record
TN:
SF:src/routes/usuario_rol.router.js
FNF:0
FNH:0
DA:6,4
DA:8,4
DA:9,4
DA:10,4
DA:11,4
DA:12,4
LF:6
LH:6
BRF:0
BRH:0
end_of_record
TN:
SF:src/services/categoria.service.js
FN:11,(anonymous_0)
FN:14,(anonymous_1)
FN:19,(anonymous_2)
FN:27,(anonymous_3)
FN:38,(anonymous_4)
FN:49,(anonymous_5)
FNF:6
FNH:0
FNDA:0,(anonymous_0)
FNDA:0,(anonymous_1)
FNDA:0,(anonymous_2)
FNDA:0,(anonymous_3)
FNDA:0,(anonymous_4)
FNDA:0,(anonymous_5)
DA:2,4
DA:10,4
DA:12,0
DA:13,0
DA:14,0
DA:16,0
DA:20,0
DA:21,0
DA:22,0
DA:24,0
DA:28,0
DA:29,0
DA:33,0
DA:35,0
DA:39,0
DA:40,0
DA:44,0
DA:46,0
DA:50,0
DA:51,0
DA:55,0
DA:57,0
LF:22
LH:2
BRF:0
BRH:0
end_of_record
TN:
SF:src/services/cliente.service.js
FN:23,(anonymous_0)
FN:24,(anonymous_1)
FN:31,(anonymous_2)
FN:32,(anonymous_3)
FN:41,(anonymous_4)
FN:42,(anonymous_5)
FN:52,(anonymous_6)
FN:64,(anonymous_7)
FN:67,(anonymous_8)
FN:72,(anonymous_9)
FN:80,(anonymous_10)
FN:97,(anonymous_11)
FN:102,(anonymous_12)
FN:103,(anonymous_13)
FN:105,(anonymous_14)
FN:107,(anonymous_15)
FN:126,(anonymous_16)
FNF:17
FNH:14
FNDA:2,(anonymous_0)
FNDA:2,(anonymous_1)
FNDA:0,(anonymous_2)
FNDA:0,(anonymous_3)
FNDA:5,(anonymous_4)
FNDA:5,(anonymous_5)
FNDA:3,(anonymous_6)
FNDA:1,(anonymous_7)
FNDA:68,(anonymous_8)
FNDA:2,(anonymous_9)
FNDA:3,(anonymous_10)
FNDA:3,(anonymous_11)
FNDA:3,(anonymous_12)
FNDA:2,(anonymous_13)
FNDA:2,(anonymous_14)
FNDA:0,(anonymous_15)
FNDA:3,(anonymous_16)
DA:2,4
DA:23,4
DA:24,2
DA:25,2
DA:31,4
DA:32,0
DA:33,0
DA:34,0
DA:35,0
DA:41,4
DA:42,5
DA:43,5
DA:44,5
DA:45,4
DA:46,4
DA:48,4
DA:51,4
DA:53,3
DA:54,3
DA:59,3
DA:61,0
DA:65,1
DA:66,1
DA:67,68
DA:69,0
DA:73,2
DA:74,2
DA:75,2
DA:77,1
DA:81,3
DA:82,3
DA:83,3
DA:87,3
DA:88,3
DA:89,2
DA:90,2
DA:91,2
DA:93,1
DA:94,1
DA:99,3
DA:100,3
DA:101,3
DA:102,3
DA:103,2
DA:104,2
DA:106,2
DA:108,0
DA:111,2
DA:116,2
DA:117,2
DA:118,2
DA:119,2
DA:120,2
DA:122,1
DA:123,1
DA:127,3
DA:128,3
DA:129,3
DA:132,2
DA:136,2
DA:137,2
DA:139,1
DA:140,1
LF:63
LH:56
BRDA:33,0,0,0
BRDA:33,0,1,0
BRDA:34,1,0,0
BRDA:34,1,1,0
BRDA:43,2,0,0
BRDA:43,2,1,5
BRDA:44,3,0,0
BRDA:44,3,1,4
BRDA:45,4,0,0
BRDA:45,4,1,4
BRDA:116,5,0,2
BRDA:116,5,1,0
BRDA:117,6,0,0
BRDA:117,6,1,2
BRDA:118,7,0,2
BRDA:118,7,1,0
BRF:16
BRH:6
end_of_record
TN:
SF:src/services/concepto.service.js
FN:23,(anonymous_0)
FN:26,(anonymous_1)
FN:31,(anonymous_2)
FN:39,(anonymous_3)
FN:50,(anonymous_4)
FN:61,(anonymous_5)
FNF:6
FNH:6
FNDA:1,(anonymous_0)
FNDA:102,(anonymous_1)
FNDA:2,(anonymous_2)
FNDA:2,(anonymous_3)
FNDA:2,(anonymous_4)
FNDA:2,(anonymous_5)
DA:2,4
DA:22,4
DA:24,1
DA:25,1
DA:26,102
DA:28,0
DA:32,2
DA:33,2
DA:34,2
DA:36,1
DA:40,2
DA:41,2
DA:45,1
DA:47,1
DA:51,2
DA:52,2
DA:56,1
DA:58,1
DA:62,2
DA:63,2
DA:67,1
DA:69,1
LF:22
LH:21
BRF:0
BRH:0
end_of_record
TN:
SF:src/services/estadocobro.service.js
FN:6,(anonymous_0)
FNF:1
FNH:0
FNDA:0,(anonymous_0)
DA:3,4
DA:5,4
DA:7,0
DA:8,0
DA:9,0
DA:11,0
LF:6
LH:2
BRF:0
BRH:0
end_of_record
TN:
SF:src/services/formulario.service.js
FN:6,(anonymous_0)
FNF:1
FNH:0
FNDA:0,(anonymous_0)
DA:3,4
DA:5,4
DA:7,0
DA:8,0
DA:9,0
DA:11,0
LF:6
LH:2
BRF:0
BRH:0
end_of_record
TN:
SF:src/services/moneda.service.js
FN:6,(anonymous_0)
FNF:1
FNH:0
FNDA:0,(anonymous_0)
DA:3,4
DA:5,4
DA:7,0
DA:8,0
DA:9,0
DA:11,0
LF:6
LH:2
BRF:0
BRH:0
end_of_record
TN:
SF:src/services/tipo_pendiente.service.js
FN:6,(anonymous_0)
FN:14,(anonymous_1)
FN:22,(anonymous_2)
FN:33,(anonymous_3)
FN:44,(anonymous_4)
FNF:5
FNH:0
FNDA:0,(anonymous_0)
FNDA:0,(anonymous_1)
FNDA:0,(anonymous_2)
FNDA:0,(anonymous_3)
FNDA:0,(anonymous_4)
DA:3,4
DA:5,4
DA:7,0
DA:8,0
DA:9,0
DA:11,0
DA:15,0
DA:16,0
DA:17,0
DA:19,0
DA:23,0
DA:24,0
DA:28,0
DA:30,0
DA:34,0
DA:35,0
DA:39,0
DA:41,0
DA:45,0
DA:46,0
DA:50,0
DA:52,0
LF:22
LH:2
BRF:0
BRH:0
end_of_record
TN:
SF:src/services/user.service.js
FN:21,(anonymous_0)
FN:22,(anonymous_1)
FN:30,(anonymous_2)
FN:33,(anonymous_3)
FN:38,(anonymous_4)
FN:46,(anonymous_5)
FN:58,(anonymous_6)
FN:80,(anonymous_7)
FN:110,(anonymous_8)
FNF:9
FNH:6
FNDA:2,(anonymous_0)
FNDA:2,(anonymous_1)
FNDA:0,(anonymous_2)
FNDA:0,(anonymous_3)
FNDA:0,(anonymous_4)
FNDA:7,(anonymous_5)
FNDA:1,(anonymous_6)
FNDA:1,(anonymous_7)
FNDA:1,(anonymous_8)
DA:2,5
DA:21,5
DA:22,2
DA:23,2
DA:24,2
DA:26,2
DA:29,5
DA:31,0
DA:32,0
DA:33,0
DA:35,0
DA:39,0
DA:40,0
DA:41,0
DA:43,0
DA:47,7
DA:48,7
DA:52,7
DA:54,0
DA:65,1
DA:66,1
DA:67,1
DA:71,1
DA:72,1
DA:73,1
DA:74,1
DA:76,0
DA:77,0
DA:88,1
DA:89,1
DA:90,1
DA:94,1
DA:95,1
DA:99,1
DA:102,1
DA:103,1
DA:104,1
DA:106,0
DA:107,0
DA:111,1
DA:112,1
DA:113,1
DA:116,1
DA:120,1
DA:121,1
DA:123,0
DA:124,0
LF:47
LH:32
BRDA:23,0,0,0
BRDA:23,0,1,2
BRDA:94,1,0,1
BRDA:94,1,1,0
BRF:4
BRH:2
end_of_record
TN:
SF:src/services/usuario_rol.service.js
FN:4,(anonymous_0)
FN:12,(anonymous_1)
FN:23,(anonymous_2)
FN:37,(anonymous_3)
FN:48,(anonymous_4)
FNF:5
FNH:0
FNDA:0,(anonymous_0)
FNDA:0,(anonymous_1)
FNDA:0,(anonymous_2)
FNDA:0,(anonymous_3)
FNDA:0,(anonymous_4)
DA:3,4
DA:5,0
DA:6,0
DA:7,0
DA:9,0
DA:13,0
DA:14,0
DA:18,0
DA:20,0
DA:24,0
DA:25,0
DA:26,0
DA:30,0
DA:31,0
DA:33,0
DA:34,0
DA:38,0
DA:39,0
DA:43,0
DA:45,0
DA:49,0
DA:50,0
DA:54,0
DA:56,0
LF:24
LH:1
BRF:0
BRH:0
end_of_record
TN:
SF:src/services/actividad.service/crud.service.js
FN:23,(anonymous_0)
FN:61,(anonymous_1)
FN:128,(anonymous_2)
FN:168,(anonymous_3)
FN:185,(anonymous_4)
FN:186,(anonymous_5)
FN:190,(anonymous_6)
FN:193,(anonymous_7)
FN:194,(anonymous_8)
FN:200,(anonymous_9)
FN:203,(anonymous_10)
FN:205,(anonymous_11)
FNF:12
FNH:0
FNDA:0,(anonymous_0)
FNDA:0,(anonymous_1)
FNDA:0,(anonymous_2)
FNDA:0,(anonymous_3)
FNDA:0,(anonymous_4)
FNDA:0,(anonymous_5)
FNDA:0,(anonymous_6)
FNDA:0,(anonymous_7)
FNDA:0,(anonymous_8)
FNDA:0,(anonymous_9)
FNDA:0,(anonymous_10)
FNDA:0,(anonymous_11)
DA:23,4
DA:27,0
DA:28,0
DA:29,0
DA:40,0
DA:41,0
DA:44,0
DA:48,0
DA:49,0
DA:50,0
DA:52,0
DA:53,0
DA:54,0
DA:55,0
DA:57,0
DA:58,0
DA:61,4
DA:67,0
DA:69,0
DA:70,0
DA:71,0
DA:72,0
DA:75,0
DA:76,0
DA:77,0
DA:78,0
DA:80,0
DA:81,0
DA:83,0
DA:93,0
DA:94,0
DA:101,0
DA:103,0
DA:105,0
DA:106,0
DA:107,0
DA:108,0
DA:118,0
DA:122,0
DA:124,0
DA:125,0
DA:128,4
DA:135,0
DA:136,0
DA:137,0
DA:149,0
DA:150,0
DA:151,0
DA:153,0
DA:154,0
DA:156,0
DA:157,0
DA:159,0
DA:160,0
DA:161,0
DA:162,0
DA:164,0
DA:165,0
DA:168,4
DA:169,0
DA:170,0
DA:171,0
DA:172,0
DA:173,0
DA:174,0
DA:175,0
DA:176,0
DA:177,0
DA:178,0
DA:180,0
DA:181,0
DA:185,4
DA:186,0
DA:187,0
DA:189,0
DA:190,0
DA:193,4
DA:194,0
DA:195,0
DA:199,0
DA:200,0
DA:203,4
DA:204,0
DA:205,0
LF:84
LH:7
BRDA:28,0,0,0
BRDA:28,0,1,0
BRDA:48,1,0,0
BRDA:48,1,1,0
BRDA:54,2,0,0
BRDA:54,2,1,0
BRDA:57,3,0,0
BRDA:57,3,1,0
BRDA:75,4,0,0
BRDA:75,4,1,0
BRDA:77,5,0,0
BRDA:77,5,1,0
BRDA:156,6,0,0
BRDA:156,6,1,0
BRDA:174,7,0,0
BRDA:174,7,1,0
BRDA:195,8,0,0
BRDA:195,8,1,0
BRDA:207,9,0,0
BRDA:207,9,1,0
BRF:20
BRH:0
end_of_record
TN:
SF:src/services/actividad.service/fetch.service.js
FN:69,(anonymous_0)
FN:72,(anonymous_1)
FN:77,(anonymous_2)
FN:86,(anonymous_3)
FNF:4
FNH:0
FNDA:0,(anonymous_0)
FNDA:0,(anonymous_1)
FNDA:0,(anonymous_2)
FNDA:0,(anonymous_3)
DA:3,4
DA:69,4
DA:70,0
DA:71,0
DA:72,0
DA:74,0
DA:77,4
DA:78,0
DA:79,0
DA:80,0
DA:82,0
DA:86,4
DA:93,0
DA:94,0
DA:97,0
DA:98,0
DA:101,0
DA:106,0
LF:18
LH:4
BRDA:93,0,0,0
BRDA:93,0,1,0
BRDA:94,1,0,0
BRDA:94,1,1,0
BRDA:98,2,0,0
BRDA:98,2,1,0
BRDA:102,3,0,0
BRDA:102,3,1,0
BRDA:103,4,0,0
BRDA:103,4,1,0
BRDA:104,5,0,0
BRDA:104,5,1,0
BRF:12
BRH:0
end_of_record
TN:
SF:src/services/actividad.service/formatter.js
FN:3,(anonymous_0)
FN:16,(anonymous_1)
FN:17,(anonymous_2)
FN:19,(anonymous_3)
FN:25,(anonymous_4)
FN:36,(anonymous_5)
FN:38,(anonymous_6)
FN:46,(anonymous_7)
FN:48,(anonymous_8)
FN:56,(anonymous_9)
FN:58,(anonymous_10)
FN:68,(anonymous_11)
FN:71,(anonymous_12)
FN:82,(anonymous_13)
FN:84,(anonymous_14)
FN:92,(anonymous_15)
FN:95,(anonymous_16)
FN:98,(anonymous_17)
FN:101,(anonymous_18)
FN:104,(anonymous_19)
FN:106,(anonymous_20)
FN:118,(anonymous_21)
FN:119,(anonymous_22)
FNF:23
FNH:0
FNDA:0,(anonymous_0)
FNDA:0,(anonymous_1)
FNDA:0,(anonymous_2)
FNDA:0,(anonymous_3)
FNDA:0,(anonymous_4)
FNDA:0,(anonymous_5)
FNDA:0,(anonymous_6)
FNDA:0,(anonymous_7)
FNDA:0,(anonymous_8)
FNDA:0,(anonymous_9)
FNDA:0,(anonymous_10)
FNDA:0,(anonymous_11)
FNDA:0,(anonymous_12)
FNDA:0,(anonymous_13)
FNDA:0,(anonymous_14)
FNDA:0,(anonymous_15)
FNDA:0,(anonymous_16)
FNDA:0,(anonymous_17)
FNDA:0,(anonymous_18)
FNDA:0,(anonymous_19)
FNDA:0,(anonymous_20)
FNDA:0,(anonymous_21)
FNDA:0,(anonymous_22)
DA:3,4
DA:4,0
DA:5,0
DA:16,4
DA:17,0
DA:18,0
DA:19,0
DA:22,0
DA:25,4
DA:34,0
DA:36,4
DA:37,0
DA:39,0
DA:40,0
DA:43,0
DA:46,4
DA:47,0
DA:49,0
DA:50,0
DA:53,0
DA:56,4
DA:57,0
DA:59,0
DA:60,0
DA:65,0
DA:68,4
DA:69,0
DA:71,4
DA:78,0
DA:82,4
DA:83,0
DA:85,0
DA:86,0
DA:89,0
DA:92,4
DA:93,0
DA:95,4
DA:96,0
DA:98,4
DA:99,0
DA:101,4
DA:102,0
DA:104,4
DA:105,0
DA:106,4
DA:116,0
DA:118,4
DA:119,0
DA:120,0
LF:49
LH:16
BRDA:39,0,0,0
BRDA:39,0,1,0
BRDA:49,1,0,0
BRDA:49,1,1,0
BRDA:59,2,0,0
BRDA:59,2,1,0
BRDA:85,3,0,0
BRDA:85,3,1,0
BRF:8
BRH:0
end_of_record
TN:
SF:src/services/actividad.service/index.js
FNF:0
FNH:0
LF:0
LH:0
BRF:0
BRH:0
end_of_record
TN:
SF:src/services/analytics.service/fetch.service.js
FN:4,(anonymous_0)
FN:8,(anonymous_1)
FN:8,(anonymous_2)
FN:15,(anonymous_3)
FN:19,(anonymous_4)
FN:19,(anonymous_5)
FN:25,(anonymous_6)
FN:29,(anonymous_7)
FN:29,(anonymous_8)
FN:35,(anonymous_9)
FN:39,(anonymous_10)
FN:39,(anonymous_11)
FN:45,(anonymous_12)
FN:49,(anonymous_13)
FN:49,(anonymous_14)
FN:54,(anonymous_15)
FN:58,(anonymous_16)
FN:58,(anonymous_17)
FN:63,(anonymous_18)
FN:67,(anonymous_19)
FN:67,(anonymous_20)
FN:72,(anonymous_21)
FN:76,(anonymous_22)
FN:76,(anonymous_23)
FN:81,(anonymous_24)
FN:85,(anonymous_25)
FN:85,(anonymous_26)
FNF:27
FNH:0
FNDA:0,(anonymous_0)
FNDA:0,(anonymous_1)
FNDA:0,(anonymous_2)
FNDA:0,(anonymous_3)
FNDA:0,(anonymous_4)
FNDA:0,(anonymous_5)
FNDA:0,(anonymous_6)
FNDA:0,(anonymous_7)
FNDA:0,(anonymous_8)
FNDA:0,(anonymous_9)
FNDA:0,(anonymous_10)
FNDA:0,(anonymous_11)
FNDA:0,(anonymous_12)
FNDA:0,(anonymous_13)
FNDA:0,(anonymous_14)
FNDA:0,(anonymous_15)
FNDA:0,(anonymous_16)
FNDA:0,(anonymous_17)
FNDA:0,(anonymous_18)
FNDA:0,(anonymous_19)
FNDA:0,(anonymous_20)
FNDA:0,(anonymous_21)
FNDA:0,(anonymous_22)
FNDA:0,(anonymous_23)
FNDA:0,(anonymous_24)
FNDA:0,(anonymous_25)
FNDA:0,(anonymous_26)
DA:4,4
DA:5,0
DA:6,0
DA:8,0
DA:10,0
DA:11,0
DA:15,4
DA:16,0
DA:17,0
DA:19,0
DA:21,0
DA:25,4
DA:26,0
DA:27,0
DA:29,0
DA:31,0
DA:35,4
DA:36,0
DA:37,0
DA:39,0
DA:41,0
DA:45,4
DA:46,0
DA:47,0
DA:49,0
DA:51,0
DA:54,4
DA:55,0
DA:56,0
DA:58,0
DA:60,0
DA:63,4
DA:64,0
DA:65,0
DA:67,0
DA:69,0
DA:72,4
DA:73,0
DA:74,0
DA:76,0
DA:78,0
DA:81,4
DA:82,0
DA:83,0
DA:85,0
DA:87,0
LF:46
LH:9
BRF:0
BRH:0
end_of_record
TN:
SF:src/services/analytics.service/index.js
FNF:0
FNH:0
LF:0
LH:0
BRF:0
BRH:0
end_of_record
TN:
SF:src/services/analytics.service/query.js
FN:12,(anonymous_0)
FN:152,(anonymous_1)
FNF:2
FNH:0
FNDA:0,(anonymous_0)
FNDA:0,(anonymous_1)
DA:1,4
DA:12,0
DA:152,0
LF:3
LH:1
BRDA:161,0,0,0
BRDA:161,0,1,0
BRDA:177,1,0,0
BRDA:177,1,1,0
BRDA:193,2,0,0
BRDA:193,2,1,0
BRF:6
BRH:0
end_of_record
TN:
SF:src/services/auth.service/fetch.service.js
FN:16,(anonymous_0)
FN:19,(anonymous_1)
FN:25,(anonymous_2)
FNF:3
FNH:2
FNDA:4,(anonymous_0)
FNDA:64,(anonymous_1)
FNDA:0,(anonymous_2)
DA:3,5
DA:16,5
DA:17,4
DA:18,4
DA:19,64
DA:20,4
DA:22,0
DA:25,5
DA:26,0
DA:27,0
DA:28,0
DA:30,0
LF:12
LH:7
BRF:0
BRH:0
end_of_record
TN:
SF:src/services/auth.service/index.js
FNF:0
FNH:0
LF:0
LH:0
BRF:0
BRH:0
end_of_record
TN:
SF:src/services/cobro.service/crud.service.js
FN:4,(anonymous_0)
FN:44,(anonymous_1)
FNF:2
FNH:0
FNDA:0,(anonymous_0)
FNDA:0,(anonymous_1)
DA:4,4
DA:14,0
DA:15,0
DA:16,0
DA:36,0
DA:37,0
DA:38,0
DA:40,0
DA:41,0
DA:44,4
DA:45,0
DA:46,0
DA:50,0
DA:51,0
DA:54,0
DA:58,0
DA:60,0
LF:17
LH:2
BRF:0
BRH:0
end_of_record
TN:
SF:src/services/cobro.service/fetch.service.js
FN:45,(anonymous_0)
FN:50,(anonymous_1)
FN:55,(anonymous_2)
FN:64,(anonymous_3)
FNF:4
FNH:0
FNDA:0,(anonymous_0)
FNDA:0,(anonymous_1)
FNDA:0,(anonymous_2)
FNDA:0,(anonymous_3)
DA:3,4
DA:45,4
DA:46,0
DA:47,0
DA:50,0
DA:52,0
DA:55,4
DA:56,0
DA:57,0
DA:58,0
DA:60,0
DA:64,4
DA:71,0
DA:72,0
DA:73,0
DA:74,0
DA:77,0
DA:82,0
LF:18
LH:4
BRDA:71,0,0,0
BRDA:71,0,1,0
BRDA:72,1,0,0
BRDA:72,1,1,0
BRDA:74,2,0,0
BRDA:74,2,1,0
BRDA:78,3,0,0
BRDA:78,3,1,0
BRDA:79,4,0,0
BRDA:79,4,1,0
BRDA:80,5,0,0
BRDA:80,5,1,0
BRF:12
BRH:0
end_of_record
TN:
SF:src/services/cobro.service/formatter.js
FN:1,(anonymous_0)
FN:2,(anonymous_1)
FNF:2
FNH:0
FNDA:0,(anonymous_0)
FNDA:0,(anonymous_1)
DA:1,4
DA:2,0
DA:3,0
LF:3
LH:1
BRF:0
BRH:0
end_of_record
TN:
SF:src/services/cobro.service/index.js
FNF:0
FNH:0
LF:0
LH:0
BRF:0
BRH:0
end_of_record
TN:
SF:src/services/pendiente.service/crud.service.js
FN:30,(anonymous_0)
FN:33,(anonymous_1)
FN:38,(anonymous_2)
FN:46,(anonymous_3)
FN:71,(anonymous_4)
FN:82,(anonymous_5)
FN:110,(anonymous_6)
FNF:7
FNH:0
FNDA:0,(anonymous_0)
FNDA:0,(anonymous_1)
FNDA:0,(anonymous_2)
FNDA:0,(anonymous_3)
FNDA:0,(anonymous_4)
FNDA:0,(anonymous_5)
FNDA:0,(anonymous_6)
DA:3,4
DA:30,4
DA:31,0
DA:32,0
DA:33,0
DA:35,0
DA:38,4
DA:39,0
DA:40,0
DA:41,0
DA:43,0
DA:46,4
DA:52,0
DA:53,0
DA:54,0
DA:58,0
DA:59,0
DA:60,0
DA:61,0
DA:63,0
DA:64,0
DA:66,0
DA:67,0
DA:71,4
DA:72,0
DA:73,0
DA:78,0
DA:82,4
DA:89,0
DA:90,0
DA:91,0
DA:96,0
DA:99,0
DA:100,0
DA:101,0
DA:103,0
DA:104,0
DA:106,0
DA:107,0
DA:110,4
DA:111,0
DA:112,0
DA:115,0
DA:120,0
DA:122,0
LF:45
LH:7
BRDA:58,0,0,0
BRDA:58,0,1,0
BRDA:99,1,0,0
BRDA:99,1,1,0
BRF:4
BRH:0
end_of_record
TN:
SF:src/services/pendiente.service/dashboard.service.js
FN:46,(anonymous_0)
FN:49,(anonymous_1)
FNF:2
FNH:0
FNDA:0,(anonymous_0)
FNDA:0,(anonymous_1)
DA:2,4
DA:46,4
DA:47,0
DA:48,0
DA:49,0
DA:51,0
LF:6
LH:2
BRF:0
BRH:0
end_of_record
TN:
SF:src/services/pendiente.service/index.js
FNF:0
FNH:0
LF:0
LH:0
BRF:0
BRH:0
end_of_record
TN:
SF:src/util/date.util.js
FN:1,(anonymous_0)
FN:3,(anonymous_1)
FN:8,(anonymous_2)
FN:14,(anonymous_3)
FN:20,(anonymous_4)
FNF:5
FNH:0
FNDA:0,(anonymous_0)
FNDA:0,(anonymous_1)
FNDA:0,(anonymous_2)
FNDA:0,(anonymous_3)
FNDA:0,(anonymous_4)
DA:1,4
DA:3,4
DA:4,0
DA:5,0
DA:6,0
DA:8,4
DA:9,0
DA:10,0
DA:11,0
DA:14,4
DA:15,0
DA:16,0
DA:17,0
DA:20,4
DA:21,0
DA:22,0
DA:23,0
DA:24,0
DA:25,0
LF:19
LH:5
BRDA:4,0,0,0
BRDA:4,0,1,0
BRDA:9,1,0,0
BRDA:9,1,1,0
BRF:4
BRH:0
end_of_record
TN:
SF:test/integration/user.admin.js
FNF:0
FNH:0
DA:1,4
LF:1
LH:1
BRF:0
BRH:0
end_of_record
